# This file is used to check Perl module dependencies.
# Under Cygwin, result of command: cygcheck -l perl | perl -pe 's,\r,,'

/usr/bin/a2p.exe
/usr/bin/c2ph
/usr/bin/cpan
/usr/bin/cygperl5_8.dll
/usr/bin/dprofpp
/usr/bin/enc2xs
/usr/bin/find2perl
/usr/bin/h2ph
/usr/bin/h2xs
/usr/bin/instmodsh
/usr/bin/ld2
/usr/bin/libnetcfg
/usr/bin/perl.exe
/usr/bin/perl5.8.8.exe
/usr/bin/perlbug
/usr/bin/perlcc
/usr/bin/perldoc
/usr/bin/perlivp
/usr/bin/perlld
/usr/bin/piconv
/usr/bin/pl2pm
/usr/bin/pod2html
/usr/bin/pod2latex
/usr/bin/pod2man
/usr/bin/pod2text
/usr/bin/pod2usage
/usr/bin/podchecker
/usr/bin/podselect
/usr/bin/prove
/usr/bin/psed
/usr/bin/pstruct
/usr/bin/s2p
/usr/bin/splain
/usr/bin/xsubpp
/usr/lib/perl5/5.8/abbrev.pl
/usr/lib/perl5/5.8/AnyDBM_File.pm
/usr/lib/perl5/5.8/assert.pl
/usr/lib/perl5/5.8/Attribute/Handlers.pm
/usr/lib/perl5/5.8/attributes.pm
/usr/lib/perl5/5.8/auto/POSIX/SigAction/flags.al
/usr/lib/perl5/5.8/auto/POSIX/SigAction/handler.al
/usr/lib/perl5/5.8/auto/POSIX/SigAction/mask.al
/usr/lib/perl5/5.8/auto/POSIX/SigAction/safe.al
/usr/lib/perl5/5.8/AutoLoader.pm
/usr/lib/perl5/5.8/AutoSplit.pm
/usr/lib/perl5/5.8/autouse.pm
/usr/lib/perl5/5.8/B/assemble
/usr/lib/perl5/5.8/B/cc_harness
/usr/lib/perl5/5.8/B/disassemble
/usr/lib/perl5/5.8/B/makeliblinks
/usr/lib/perl5/5.8/base.pm
/usr/lib/perl5/5.8/Benchmark.pm
/usr/lib/perl5/5.8/bigfloat.pl
/usr/lib/perl5/5.8/bigint.pl
/usr/lib/perl5/5.8/bigint.pm
/usr/lib/perl5/5.8/bignum.pm
/usr/lib/perl5/5.8/bigrat.pl
/usr/lib/perl5/5.8/bigrat.pm
/usr/lib/perl5/5.8/blib.pm
/usr/lib/perl5/5.8/bytes.pm
/usr/lib/perl5/5.8/bytes_heavy.pl
/usr/lib/perl5/5.8/cacheout.pl
/usr/lib/perl5/5.8/Carp/Heavy.pm
/usr/lib/perl5/5.8/Carp.pm
/usr/lib/perl5/5.8/CGI/Apache.pm
/usr/lib/perl5/5.8/CGI/Carp.pm
/usr/lib/perl5/5.8/CGI/Cookie.pm
/usr/lib/perl5/5.8/CGI/eg/caution.xbm
/usr/lib/perl5/5.8/CGI/eg/clickable_image.cgi
/usr/lib/perl5/5.8/CGI/eg/cookie.cgi
/usr/lib/perl5/5.8/CGI/eg/crash.cgi
/usr/lib/perl5/5.8/CGI/eg/customize.cgi
/usr/lib/perl5/5.8/CGI/eg/diff_upload.cgi
/usr/lib/perl5/5.8/CGI/eg/dna_small_gif.uu
/usr/lib/perl5/5.8/CGI/eg/file_upload.cgi
/usr/lib/perl5/5.8/CGI/eg/frameset.cgi
/usr/lib/perl5/5.8/CGI/eg/index.html
/usr/lib/perl5/5.8/CGI/eg/internal_links.cgi
/usr/lib/perl5/5.8/CGI/eg/javascript.cgi
/usr/lib/perl5/5.8/CGI/eg/make_links.pl
/usr/lib/perl5/5.8/CGI/eg/monty.cgi
/usr/lib/perl5/5.8/CGI/eg/multiple_forms.cgi
/usr/lib/perl5/5.8/CGI/eg/nph-clock.cgi
/usr/lib/perl5/5.8/CGI/eg/nph-multipart.cgi
/usr/lib/perl5/5.8/CGI/eg/popup.cgi
/usr/lib/perl5/5.8/CGI/eg/RunMeFirst
/usr/lib/perl5/5.8/CGI/eg/save_state.cgi
/usr/lib/perl5/5.8/CGI/eg/tryit.cgi
/usr/lib/perl5/5.8/CGI/eg/wilogo_gif.uu
/usr/lib/perl5/5.8/CGI/Fast.pm
/usr/lib/perl5/5.8/CGI/Pretty.pm
/usr/lib/perl5/5.8/CGI/Push.pm
/usr/lib/perl5/5.8/CGI/Switch.pm
/usr/lib/perl5/5.8/CGI/Util.pm
/usr/lib/perl5/5.8/CGI.pm
/usr/lib/perl5/5.8/charnames.pm
/usr/lib/perl5/5.8/Class/ISA.pm
/usr/lib/perl5/5.8/Class/Struct.pm
/usr/lib/perl5/5.8/complete.pl
/usr/lib/perl5/5.8/constant.pm
/usr/lib/perl5/5.8/CPAN/FirstTime.pm
/usr/lib/perl5/5.8/CPAN/Nox.pm
/usr/lib/perl5/5.8/CPAN/PAUSE2003.pub
/usr/lib/perl5/5.8/CPAN/SIGNATURE
/usr/lib/perl5/5.8/CPAN.pm
/usr/lib/perl5/5.8/ctime.pl
/usr/lib/perl5/5.8/cygwin/.packlist
/usr/lib/perl5/5.8/cygwin/attrs.pm
/usr/lib/perl5/5.8/cygwin/auto/attrs/attrs.bs
/usr/lib/perl5/5.8/cygwin/auto/attrs/attrs.dll
/usr/lib/perl5/5.8/cygwin/auto/attrs/libattrs.dll.a
/usr/lib/perl5/5.8/cygwin/auto/AutoLoader/.packlist
/usr/lib/perl5/5.8/cygwin/auto/B/B.bs
/usr/lib/perl5/5.8/cygwin/auto/B/B.dll
/usr/lib/perl5/5.8/cygwin/auto/B/C/C.bs
/usr/lib/perl5/5.8/cygwin/auto/B/C/C.dll
/usr/lib/perl5/5.8/cygwin/auto/B/C/libC.dll.a
/usr/lib/perl5/5.8/cygwin/auto/B/libB.dll.a
/usr/lib/perl5/5.8/cygwin/auto/ByteLoader/ByteLoader.bs
/usr/lib/perl5/5.8/cygwin/auto/ByteLoader/ByteLoader.dll
/usr/lib/perl5/5.8/cygwin/auto/ByteLoader/libByteLoader.dll.a
/usr/lib/perl5/5.8/cygwin/auto/CGI/.packlist
/usr/lib/perl5/5.8/cygwin/auto/Cwd/Cwd.bs
/usr/lib/perl5/5.8/cygwin/auto/Cwd/Cwd.dll
/usr/lib/perl5/5.8/cygwin/auto/Cwd/libCwd.dll.a
/usr/lib/perl5/5.8/cygwin/auto/Data/Dumper/Dumper.bs
/usr/lib/perl5/5.8/cygwin/auto/Data/Dumper/Dumper.dll
/usr/lib/perl5/5.8/cygwin/auto/Data/Dumper/libDumper.dll.a
/usr/lib/perl5/5.8/cygwin/auto/Devel/DProf/DProf.bs
/usr/lib/perl5/5.8/cygwin/auto/Devel/DProf/DProf.dll
/usr/lib/perl5/5.8/cygwin/auto/Devel/DProf/libDProf.dll.a
/usr/lib/perl5/5.8/cygwin/auto/Devel/Peek/libPeek.dll.a
/usr/lib/perl5/5.8/cygwin/auto/Devel/Peek/Peek.bs
/usr/lib/perl5/5.8/cygwin/auto/Devel/Peek/Peek.dll
/usr/lib/perl5/5.8/cygwin/auto/Devel/PPPort/libPPPort.dll.a
/usr/lib/perl5/5.8/cygwin/auto/Devel/PPPort/PPPort.bs
/usr/lib/perl5/5.8/cygwin/auto/Devel/PPPort/PPPort.dll
/usr/lib/perl5/5.8/cygwin/auto/Digest/MD5/libMD5.dll.a
/usr/lib/perl5/5.8/cygwin/auto/Digest/MD5/MD5.bs
/usr/lib/perl5/5.8/cygwin/auto/Digest/MD5/MD5.dll
/usr/lib/perl5/5.8/cygwin/auto/DynaLoader/autosplit.ix
/usr/lib/perl5/5.8/cygwin/auto/DynaLoader/dl_expandspec.al
/usr/lib/perl5/5.8/cygwin/auto/DynaLoader/dl_findfile.al
/usr/lib/perl5/5.8/cygwin/auto/DynaLoader/dl_find_symbol_anywhere.al
/usr/lib/perl5/5.8/cygwin/auto/DynaLoader/DynaLoader.a
/usr/lib/perl5/5.8/cygwin/auto/DynaLoader/extralibs.ld
/usr/lib/perl5/5.8/cygwin/auto/Encode/Byte/Byte.bs
/usr/lib/perl5/5.8/cygwin/auto/Encode/Byte/Byte.dll
/usr/lib/perl5/5.8/cygwin/auto/Encode/Byte/libByte.dll.a
/usr/lib/perl5/5.8/cygwin/auto/Encode/CN/CN.bs
/usr/lib/perl5/5.8/cygwin/auto/Encode/CN/CN.dll
/usr/lib/perl5/5.8/cygwin/auto/Encode/CN/libCN.dll.a
/usr/lib/perl5/5.8/cygwin/auto/Encode/EBCDIC/EBCDIC.bs
/usr/lib/perl5/5.8/cygwin/auto/Encode/EBCDIC/EBCDIC.dll
/usr/lib/perl5/5.8/cygwin/auto/Encode/EBCDIC/libEBCDIC.dll.a
/usr/lib/perl5/5.8/cygwin/auto/Encode/Encode.bs
/usr/lib/perl5/5.8/cygwin/auto/Encode/Encode.dll
/usr/lib/perl5/5.8/cygwin/auto/Encode/JP/JP.bs
/usr/lib/perl5/5.8/cygwin/auto/Encode/JP/JP.dll
/usr/lib/perl5/5.8/cygwin/auto/Encode/JP/libJP.dll.a
/usr/lib/perl5/5.8/cygwin/auto/Encode/KR/KR.bs
/usr/lib/perl5/5.8/cygwin/auto/Encode/KR/KR.dll
/usr/lib/perl5/5.8/cygwin/auto/Encode/KR/libKR.dll.a
/usr/lib/perl5/5.8/cygwin/auto/Encode/libEncode.dll.a
/usr/lib/perl5/5.8/cygwin/auto/Encode/Symbol/libSymbol.dll.a
/usr/lib/perl5/5.8/cygwin/auto/Encode/Symbol/Symbol.bs
/usr/lib/perl5/5.8/cygwin/auto/Encode/Symbol/Symbol.dll
/usr/lib/perl5/5.8/cygwin/auto/Encode/TW/libTW.dll.a
/usr/lib/perl5/5.8/cygwin/auto/Encode/TW/TW.bs
/usr/lib/perl5/5.8/cygwin/auto/Encode/TW/TW.dll
/usr/lib/perl5/5.8/cygwin/auto/Encode/Unicode/libUnicode.dll.a
/usr/lib/perl5/5.8/cygwin/auto/Encode/Unicode/Unicode.bs
/usr/lib/perl5/5.8/cygwin/auto/Encode/Unicode/Unicode.dll
/usr/lib/perl5/5.8/cygwin/auto/Fcntl/Fcntl.bs
/usr/lib/perl5/5.8/cygwin/auto/Fcntl/Fcntl.dll
/usr/lib/perl5/5.8/cygwin/auto/Fcntl/libFcntl.dll.a
/usr/lib/perl5/5.8/cygwin/auto/File/Glob/Glob.bs
/usr/lib/perl5/5.8/cygwin/auto/File/Glob/Glob.dll
/usr/lib/perl5/5.8/cygwin/auto/File/Glob/libGlob.dll.a
/usr/lib/perl5/5.8/cygwin/auto/Filter/Util/Call/Call.bs
/usr/lib/perl5/5.8/cygwin/auto/Filter/Util/Call/Call.dll
/usr/lib/perl5/5.8/cygwin/auto/Filter/Util/Call/libCall.dll.a
/usr/lib/perl5/5.8/cygwin/auto/GDBM_File/GDBM_File.bs
/usr/lib/perl5/5.8/cygwin/auto/GDBM_File/GDBM_File.dll
/usr/lib/perl5/5.8/cygwin/auto/GDBM_File/libGDBM_File.dll.a
/usr/lib/perl5/5.8/cygwin/auto/I18N/Langinfo/autosplit.ix
/usr/lib/perl5/5.8/cygwin/auto/I18N/Langinfo/Langinfo.bs
/usr/lib/perl5/5.8/cygwin/auto/I18N/Langinfo/Langinfo.dll
/usr/lib/perl5/5.8/cygwin/auto/I18N/Langinfo/libLanginfo.dll.a
/usr/lib/perl5/5.8/cygwin/auto/IO/IO.bs
/usr/lib/perl5/5.8/cygwin/auto/IO/IO.dll
/usr/lib/perl5/5.8/cygwin/auto/IO/libIO.dll.a
/usr/lib/perl5/5.8/cygwin/auto/IPC/SysV/libSysV.dll.a
/usr/lib/perl5/5.8/cygwin/auto/IPC/SysV/SysV.bs
/usr/lib/perl5/5.8/cygwin/auto/IPC/SysV/SysV.dll
/usr/lib/perl5/5.8/cygwin/auto/List/Util/libUtil.dll.a
/usr/lib/perl5/5.8/cygwin/auto/List/Util/Util.bs
/usr/lib/perl5/5.8/cygwin/auto/List/Util/Util.dll
/usr/lib/perl5/5.8/cygwin/auto/MIME/Base64/Base64.bs
/usr/lib/perl5/5.8/cygwin/auto/MIME/Base64/Base64.dll
/usr/lib/perl5/5.8/cygwin/auto/MIME/Base64/libBase64.dll.a
/usr/lib/perl5/5.8/cygwin/auto/NDBM_File/libNDBM_File.dll.a
/usr/lib/perl5/5.8/cygwin/auto/NDBM_File/NDBM_File.bs
/usr/lib/perl5/5.8/cygwin/auto/NDBM_File/NDBM_File.dll
/usr/lib/perl5/5.8/cygwin/auto/ODBM_File/libODBM_File.dll.a
/usr/lib/perl5/5.8/cygwin/auto/ODBM_File/ODBM_File.bs
/usr/lib/perl5/5.8/cygwin/auto/ODBM_File/ODBM_File.dll
/usr/lib/perl5/5.8/cygwin/auto/Opcode/libOpcode.dll.a
/usr/lib/perl5/5.8/cygwin/auto/Opcode/Opcode.bs
/usr/lib/perl5/5.8/cygwin/auto/Opcode/Opcode.dll
/usr/lib/perl5/5.8/cygwin/auto/PerlIO/encoding/encoding.bs
/usr/lib/perl5/5.8/cygwin/auto/PerlIO/encoding/encoding.dll
/usr/lib/perl5/5.8/cygwin/auto/PerlIO/encoding/libencoding.dll.a
/usr/lib/perl5/5.8/cygwin/auto/PerlIO/scalar/libscalar.dll.a
/usr/lib/perl5/5.8/cygwin/auto/PerlIO/scalar/scalar.bs
/usr/lib/perl5/5.8/cygwin/auto/PerlIO/scalar/scalar.dll
/usr/lib/perl5/5.8/cygwin/auto/PerlIO/via/libvia.dll.a
/usr/lib/perl5/5.8/cygwin/auto/PerlIO/via/via.bs
/usr/lib/perl5/5.8/cygwin/auto/PerlIO/via/via.dll
/usr/lib/perl5/5.8/cygwin/auto/POSIX/abs.al
/usr/lib/perl5/5.8/cygwin/auto/POSIX/alarm.al
/usr/lib/perl5/5.8/cygwin/auto/POSIX/assert.al
/usr/lib/perl5/5.8/cygwin/auto/POSIX/atan2.al
/usr/lib/perl5/5.8/cygwin/auto/POSIX/atexit.al
/usr/lib/perl5/5.8/cygwin/auto/POSIX/atof.al
/usr/lib/perl5/5.8/cygwin/auto/POSIX/atoi.al
/usr/lib/perl5/5.8/cygwin/auto/POSIX/atol.al
/usr/lib/perl5/5.8/cygwin/auto/POSIX/autosplit.ix
/usr/lib/perl5/5.8/cygwin/auto/POSIX/bsearch.al
/usr/lib/perl5/5.8/cygwin/auto/POSIX/calloc.al
/usr/lib/perl5/5.8/cygwin/auto/POSIX/chdir.al
/usr/lib/perl5/5.8/cygwin/auto/POSIX/chmod.al
/usr/lib/perl5/5.8/cygwin/auto/POSIX/chown.al
/usr/lib/perl5/5.8/cygwin/auto/POSIX/clearerr.al
/usr/lib/perl5/5.8/cygwin/auto/POSIX/closedir.al
/usr/lib/perl5/5.8/cygwin/auto/POSIX/cos.al
/usr/lib/perl5/5.8/cygwin/auto/POSIX/creat.al
/usr/lib/perl5/5.8/cygwin/auto/POSIX/div.al
/usr/lib/perl5/5.8/cygwin/auto/POSIX/errno.al
/usr/lib/perl5/5.8/cygwin/auto/POSIX/execl.al
/usr/lib/perl5/5.8/cygwin/auto/POSIX/execle.al
/usr/lib/perl5/5.8/cygwin/auto/POSIX/execlp.al
/usr/lib/perl5/5.8/cygwin/auto/POSIX/execv.al
/usr/lib/perl5/5.8/cygwin/auto/POSIX/execve.al
/usr/lib/perl5/5.8/cygwin/auto/POSIX/execvp.al
/usr/lib/perl5/5.8/cygwin/auto/POSIX/exit.al
/usr/lib/perl5/5.8/cygwin/auto/POSIX/exp.al
/usr/lib/perl5/5.8/cygwin/auto/POSIX/fabs.al
/usr/lib/perl5/5.8/cygwin/auto/POSIX/fclose.al
/usr/lib/perl5/5.8/cygwin/auto/POSIX/fcntl.al
/usr/lib/perl5/5.8/cygwin/auto/POSIX/fdopen.al
/usr/lib/perl5/5.8/cygwin/auto/POSIX/feof.al
/usr/lib/perl5/5.8/cygwin/auto/POSIX/ferror.al
/usr/lib/perl5/5.8/cygwin/auto/POSIX/fflush.al
/usr/lib/perl5/5.8/cygwin/auto/POSIX/fgetc.al
/usr/lib/perl5/5.8/cygwin/auto/POSIX/fgetpos.al
/usr/lib/perl5/5.8/cygwin/auto/POSIX/fgets.al
/usr/lib/perl5/5.8/cygwin/auto/POSIX/fileno.al
/usr/lib/perl5/5.8/cygwin/auto/POSIX/fopen.al
/usr/lib/perl5/5.8/cygwin/auto/POSIX/fork.al
/usr/lib/perl5/5.8/cygwin/auto/POSIX/fprintf.al
/usr/lib/perl5/5.8/cygwin/auto/POSIX/fputc.al
/usr/lib/perl5/5.8/cygwin/auto/POSIX/fputs.al
/usr/lib/perl5/5.8/cygwin/auto/POSIX/fread.al
/usr/lib/perl5/5.8/cygwin/auto/POSIX/free.al
/usr/lib/perl5/5.8/cygwin/auto/POSIX/freopen.al
/usr/lib/perl5/5.8/cygwin/auto/POSIX/fscanf.al
/usr/lib/perl5/5.8/cygwin/auto/POSIX/fseek.al
/usr/lib/perl5/5.8/cygwin/auto/POSIX/fsetpos.al
/usr/lib/perl5/5.8/cygwin/auto/POSIX/fstat.al
/usr/lib/perl5/5.8/cygwin/auto/POSIX/fsync.al
/usr/lib/perl5/5.8/cygwin/auto/POSIX/ftell.al
/usr/lib/perl5/5.8/cygwin/auto/POSIX/fwrite.al
/usr/lib/perl5/5.8/cygwin/auto/POSIX/getc.al
/usr/lib/perl5/5.8/cygwin/auto/POSIX/getchar.al
/usr/lib/perl5/5.8/cygwin/auto/POSIX/getegid.al
/usr/lib/perl5/5.8/cygwin/auto/POSIX/getenv.al
/usr/lib/perl5/5.8/cygwin/auto/POSIX/geteuid.al
/usr/lib/perl5/5.8/cygwin/auto/POSIX/getgid.al
/usr/lib/perl5/5.8/cygwin/auto/POSIX/getgrgid.al
/usr/lib/perl5/5.8/cygwin/auto/POSIX/getgrnam.al
/usr/lib/perl5/5.8/cygwin/auto/POSIX/getgroups.al
/usr/lib/perl5/5.8/cygwin/auto/POSIX/getlogin.al
/usr/lib/perl5/5.8/cygwin/auto/POSIX/getpgrp.al
/usr/lib/perl5/5.8/cygwin/auto/POSIX/getpid.al
/usr/lib/perl5/5.8/cygwin/auto/POSIX/getppid.al
/usr/lib/perl5/5.8/cygwin/auto/POSIX/getpwnam.al
/usr/lib/perl5/5.8/cygwin/auto/POSIX/getpwuid.al
/usr/lib/perl5/5.8/cygwin/auto/POSIX/gets.al
/usr/lib/perl5/5.8/cygwin/auto/POSIX/getuid.al
/usr/lib/perl5/5.8/cygwin/auto/POSIX/gmtime.al
/usr/lib/perl5/5.8/cygwin/auto/POSIX/isatty.al
/usr/lib/perl5/5.8/cygwin/auto/POSIX/kill.al
/usr/lib/perl5/5.8/cygwin/auto/POSIX/labs.al
/usr/lib/perl5/5.8/cygwin/auto/POSIX/ldiv.al
/usr/lib/perl5/5.8/cygwin/auto/POSIX/libPOSIX.dll.a
/usr/lib/perl5/5.8/cygwin/auto/POSIX/link.al
/usr/lib/perl5/5.8/cygwin/auto/POSIX/load_imports.al
/usr/lib/perl5/5.8/cygwin/auto/POSIX/localtime.al
/usr/lib/perl5/5.8/cygwin/auto/POSIX/log.al
/usr/lib/perl5/5.8/cygwin/auto/POSIX/longjmp.al
/usr/lib/perl5/5.8/cygwin/auto/POSIX/malloc.al
/usr/lib/perl5/5.8/cygwin/auto/POSIX/memchr.al
/usr/lib/perl5/5.8/cygwin/auto/POSIX/memcmp.al
/usr/lib/perl5/5.8/cygwin/auto/POSIX/memcpy.al
/usr/lib/perl5/5.8/cygwin/auto/POSIX/memmove.al
/usr/lib/perl5/5.8/cygwin/auto/POSIX/memset.al
/usr/lib/perl5/5.8/cygwin/auto/POSIX/mkdir.al
/usr/lib/perl5/5.8/cygwin/auto/POSIX/offsetof.al
/usr/lib/perl5/5.8/cygwin/auto/POSIX/opendir.al
/usr/lib/perl5/5.8/cygwin/auto/POSIX/perror.al
/usr/lib/perl5/5.8/cygwin/auto/POSIX/POSIX.bs
/usr/lib/perl5/5.8/cygwin/auto/POSIX/POSIX.dll
/usr/lib/perl5/5.8/cygwin/auto/POSIX/pow.al
/usr/lib/perl5/5.8/cygwin/auto/POSIX/printf.al
/usr/lib/perl5/5.8/cygwin/auto/POSIX/putc.al
/usr/lib/perl5/5.8/cygwin/auto/POSIX/putchar.al
/usr/lib/perl5/5.8/cygwin/auto/POSIX/puts.al
/usr/lib/perl5/5.8/cygwin/auto/POSIX/qsort.al
/usr/lib/perl5/5.8/cygwin/auto/POSIX/raise.al
/usr/lib/perl5/5.8/cygwin/auto/POSIX/rand.al
/usr/lib/perl5/5.8/cygwin/auto/POSIX/readdir.al
/usr/lib/perl5/5.8/cygwin/auto/POSIX/realloc.al
/usr/lib/perl5/5.8/cygwin/auto/POSIX/redef.al
/usr/lib/perl5/5.8/cygwin/auto/POSIX/remove.al
/usr/lib/perl5/5.8/cygwin/auto/POSIX/rename.al
/usr/lib/perl5/5.8/cygwin/auto/POSIX/rewind.al
/usr/lib/perl5/5.8/cygwin/auto/POSIX/rewinddir.al
/usr/lib/perl5/5.8/cygwin/auto/POSIX/rmdir.al
/usr/lib/perl5/5.8/cygwin/auto/POSIX/scanf.al
/usr/lib/perl5/5.8/cygwin/auto/POSIX/setbuf.al
/usr/lib/perl5/5.8/cygwin/auto/POSIX/setjmp.al
/usr/lib/perl5/5.8/cygwin/auto/POSIX/setvbuf.al
/usr/lib/perl5/5.8/cygwin/auto/POSIX/siglongjmp.al
/usr/lib/perl5/5.8/cygwin/auto/POSIX/sigsetjmp.al
/usr/lib/perl5/5.8/cygwin/auto/POSIX/sin.al
/usr/lib/perl5/5.8/cygwin/auto/POSIX/sleep.al
/usr/lib/perl5/5.8/cygwin/auto/POSIX/sprintf.al
/usr/lib/perl5/5.8/cygwin/auto/POSIX/sqrt.al
/usr/lib/perl5/5.8/cygwin/auto/POSIX/srand.al
/usr/lib/perl5/5.8/cygwin/auto/POSIX/sscanf.al
/usr/lib/perl5/5.8/cygwin/auto/POSIX/stat.al
/usr/lib/perl5/5.8/cygwin/auto/POSIX/strcat.al
/usr/lib/perl5/5.8/cygwin/auto/POSIX/strchr.al
/usr/lib/perl5/5.8/cygwin/auto/POSIX/strcmp.al
/usr/lib/perl5/5.8/cygwin/auto/POSIX/strcpy.al
/usr/lib/perl5/5.8/cygwin/auto/POSIX/strcspn.al
/usr/lib/perl5/5.8/cygwin/auto/POSIX/strerror.al
/usr/lib/perl5/5.8/cygwin/auto/POSIX/strlen.al
/usr/lib/perl5/5.8/cygwin/auto/POSIX/strncat.al
/usr/lib/perl5/5.8/cygwin/auto/POSIX/strncmp.al
/usr/lib/perl5/5.8/cygwin/auto/POSIX/strncpy.al
/usr/lib/perl5/5.8/cygwin/auto/POSIX/strpbrk.al
/usr/lib/perl5/5.8/cygwin/auto/POSIX/strrchr.al
/usr/lib/perl5/5.8/cygwin/auto/POSIX/strspn.al
/usr/lib/perl5/5.8/cygwin/auto/POSIX/strstr.al
/usr/lib/perl5/5.8/cygwin/auto/POSIX/strtok.al
/usr/lib/perl5/5.8/cygwin/auto/POSIX/system.al
/usr/lib/perl5/5.8/cygwin/auto/POSIX/time.al
/usr/lib/perl5/5.8/cygwin/auto/POSIX/tmpfile.al
/usr/lib/perl5/5.8/cygwin/auto/POSIX/tolower.al
/usr/lib/perl5/5.8/cygwin/auto/POSIX/toupper.al
/usr/lib/perl5/5.8/cygwin/auto/POSIX/umask.al
/usr/lib/perl5/5.8/cygwin/auto/POSIX/ungetc.al
/usr/lib/perl5/5.8/cygwin/auto/POSIX/unimpl.al
/usr/lib/perl5/5.8/cygwin/auto/POSIX/unlink.al
/usr/lib/perl5/5.8/cygwin/auto/POSIX/usage.al
/usr/lib/perl5/5.8/cygwin/auto/POSIX/utime.al
/usr/lib/perl5/5.8/cygwin/auto/POSIX/vfprintf.al
/usr/lib/perl5/5.8/cygwin/auto/POSIX/vprintf.al
/usr/lib/perl5/5.8/cygwin/auto/POSIX/vsprintf.al
/usr/lib/perl5/5.8/cygwin/auto/POSIX/wait.al
/usr/lib/perl5/5.8/cygwin/auto/POSIX/waitpid.al
/usr/lib/perl5/5.8/cygwin/auto/re/libre.dll.a
/usr/lib/perl5/5.8/cygwin/auto/re/re.bs
/usr/lib/perl5/5.8/cygwin/auto/re/re.dll
/usr/lib/perl5/5.8/cygwin/auto/sdbm/extralibs.ld
/usr/lib/perl5/5.8/cygwin/auto/SDBM_File/libSDBM_File.dll.a
/usr/lib/perl5/5.8/cygwin/auto/SDBM_File/SDBM_File.bs
/usr/lib/perl5/5.8/cygwin/auto/SDBM_File/SDBM_File.dll
/usr/lib/perl5/5.8/cygwin/auto/Socket/libSocket.dll.a
/usr/lib/perl5/5.8/cygwin/auto/Socket/Socket.bs
/usr/lib/perl5/5.8/cygwin/auto/Socket/Socket.dll
/usr/lib/perl5/5.8/cygwin/auto/Storable/autosplit.ix
/usr/lib/perl5/5.8/cygwin/auto/Storable/CAN_FLOCK.al
/usr/lib/perl5/5.8/cygwin/auto/Storable/fd_retrieve.al
/usr/lib/perl5/5.8/cygwin/auto/Storable/freeze.al
/usr/lib/perl5/5.8/cygwin/auto/Storable/libStorable.dll.a
/usr/lib/perl5/5.8/cygwin/auto/Storable/lock_nstore.al
/usr/lib/perl5/5.8/cygwin/auto/Storable/lock_retrieve.al
/usr/lib/perl5/5.8/cygwin/auto/Storable/lock_store.al
/usr/lib/perl5/5.8/cygwin/auto/Storable/logcarp.al
/usr/lib/perl5/5.8/cygwin/auto/Storable/logcroak.al
/usr/lib/perl5/5.8/cygwin/auto/Storable/nfreeze.al
/usr/lib/perl5/5.8/cygwin/auto/Storable/nstore.al
/usr/lib/perl5/5.8/cygwin/auto/Storable/nstore_fd.al
/usr/lib/perl5/5.8/cygwin/auto/Storable/read_magic.al
/usr/lib/perl5/5.8/cygwin/auto/Storable/retrieve.al
/usr/lib/perl5/5.8/cygwin/auto/Storable/show_file_magic.al
/usr/lib/perl5/5.8/cygwin/auto/Storable/Storable.bs
/usr/lib/perl5/5.8/cygwin/auto/Storable/Storable.dll
/usr/lib/perl5/5.8/cygwin/auto/Storable/store.al
/usr/lib/perl5/5.8/cygwin/auto/Storable/store_fd.al
/usr/lib/perl5/5.8/cygwin/auto/Storable/thaw.al
/usr/lib/perl5/5.8/cygwin/auto/Storable/_freeze.al
/usr/lib/perl5/5.8/cygwin/auto/Storable/_retrieve.al
/usr/lib/perl5/5.8/cygwin/auto/Storable/_store.al
/usr/lib/perl5/5.8/cygwin/auto/Storable/_store_fd.al
/usr/lib/perl5/5.8/cygwin/auto/Sys/Hostname/autosplit.ix
/usr/lib/perl5/5.8/cygwin/auto/Sys/Hostname/Hostname.bs
/usr/lib/perl5/5.8/cygwin/auto/Sys/Hostname/Hostname.dll
/usr/lib/perl5/5.8/cygwin/auto/Sys/Hostname/libHostname.dll.a
/usr/lib/perl5/5.8/cygwin/auto/Sys/Syslog/libSyslog.dll.a
/usr/lib/perl5/5.8/cygwin/auto/Sys/Syslog/Syslog.bs
/usr/lib/perl5/5.8/cygwin/auto/Sys/Syslog/Syslog.dll
/usr/lib/perl5/5.8/cygwin/auto/Test/Deep/.packlist
/usr/lib/perl5/5.8/cygwin/auto/Test/Harness/.packlist
/usr/lib/perl5/5.8/cygwin/auto/Test/Tester/.packlist
/usr/lib/perl5/5.8/cygwin/auto/threads/libthreads.dll.a
/usr/lib/perl5/5.8/cygwin/auto/threads/shared/libshared.dll.a
/usr/lib/perl5/5.8/cygwin/auto/threads/shared/shared.bs
/usr/lib/perl5/5.8/cygwin/auto/threads/shared/shared.dll
/usr/lib/perl5/5.8/cygwin/auto/threads/threads.bs
/usr/lib/perl5/5.8/cygwin/auto/threads/threads.dll
/usr/lib/perl5/5.8/cygwin/auto/Time/HiRes/HiRes.bs
/usr/lib/perl5/5.8/cygwin/auto/Time/HiRes/HiRes.dll
/usr/lib/perl5/5.8/cygwin/auto/Time/HiRes/libHiRes.dll.a
/usr/lib/perl5/5.8/cygwin/auto/Unicode/Normalize/libNormalize.dll.a
/usr/lib/perl5/5.8/cygwin/auto/Unicode/Normalize/Normalize.bs
/usr/lib/perl5/5.8/cygwin/auto/Unicode/Normalize/Normalize.dll
/usr/lib/perl5/5.8/cygwin/auto/Win32CORE/extralibs.ld
/usr/lib/perl5/5.8/cygwin/auto/Win32CORE/Win32CORE.a
/usr/lib/perl5/5.8/cygwin/auto/XS/APItest/APItest.bs
/usr/lib/perl5/5.8/cygwin/auto/XS/APItest/APItest.dll
/usr/lib/perl5/5.8/cygwin/auto/XS/APItest/libAPItest.dll.a
/usr/lib/perl5/5.8/cygwin/auto/XS/Typemap/libTypemap.dll.a
/usr/lib/perl5/5.8/cygwin/auto/XS/Typemap/Typemap.bs
/usr/lib/perl5/5.8/cygwin/auto/XS/Typemap/Typemap.dll
/usr/lib/perl5/5.8/cygwin/B/Asmdata.pm
/usr/lib/perl5/5.8/cygwin/B/Assembler.pm
/usr/lib/perl5/5.8/cygwin/B/Bblock.pm
/usr/lib/perl5/5.8/cygwin/B/Bytecode.pm
/usr/lib/perl5/5.8/cygwin/B/C.pm
/usr/lib/perl5/5.8/cygwin/B/CC.pm
/usr/lib/perl5/5.8/cygwin/B/Concise.pm
/usr/lib/perl5/5.8/cygwin/B/Debug.pm
/usr/lib/perl5/5.8/cygwin/B/Deparse.pm
/usr/lib/perl5/5.8/cygwin/B/Disassembler.pm
/usr/lib/perl5/5.8/cygwin/B/Lint.pm
/usr/lib/perl5/5.8/cygwin/B/Showlex.pm
/usr/lib/perl5/5.8/cygwin/B/Stackobj.pm
/usr/lib/perl5/5.8/cygwin/B/Stash.pm
/usr/lib/perl5/5.8/cygwin/B/Terse.pm
/usr/lib/perl5/5.8/cygwin/B/Xref.pm
/usr/lib/perl5/5.8/cygwin/B.pm
/usr/lib/perl5/5.8/cygwin/ByteLoader.pm
/usr/lib/perl5/5.8/cygwin/Config.pm
/usr/lib/perl5/5.8/cygwin/Config.pod
/usr/lib/perl5/5.8/cygwin/Config_heavy.pl
/usr/lib/perl5/5.8/cygwin/CORE/av.h
/usr/lib/perl5/5.8/cygwin/CORE/cc_runtime.h
/usr/lib/perl5/5.8/cygwin/CORE/config.h
/usr/lib/perl5/5.8/cygwin/CORE/cop.h
/usr/lib/perl5/5.8/cygwin/CORE/cv.h
/usr/lib/perl5/5.8/cygwin/CORE/dosish.h
/usr/lib/perl5/5.8/cygwin/CORE/embed.h
/usr/lib/perl5/5.8/cygwin/CORE/embedvar.h
/usr/lib/perl5/5.8/cygwin/CORE/EXTERN.h
/usr/lib/perl5/5.8/cygwin/CORE/fakesdio.h
/usr/lib/perl5/5.8/cygwin/CORE/fakethr.h
/usr/lib/perl5/5.8/cygwin/CORE/form.h
/usr/lib/perl5/5.8/cygwin/CORE/gv.h
/usr/lib/perl5/5.8/cygwin/CORE/handy.h
/usr/lib/perl5/5.8/cygwin/CORE/hv.h
/usr/lib/perl5/5.8/cygwin/CORE/INTERN.h
/usr/lib/perl5/5.8/cygwin/CORE/intrpvar.h
/usr/lib/perl5/5.8/cygwin/CORE/iperlsys.h
/usr/lib/perl5/5.8/cygwin/CORE/keywords.h
/usr/lib/perl5/5.8/cygwin/CORE/libperl.a
/usr/lib/perl5/5.8/cygwin/CORE/libperl.dll.a
/usr/lib/perl5/5.8/cygwin/CORE/malloc_ctl.h
/usr/lib/perl5/5.8/cygwin/CORE/mg.h
/usr/lib/perl5/5.8/cygwin/CORE/nostdio.h
/usr/lib/perl5/5.8/cygwin/CORE/op.h
/usr/lib/perl5/5.8/cygwin/CORE/opcode.h
/usr/lib/perl5/5.8/cygwin/CORE/opnames.h
/usr/lib/perl5/5.8/cygwin/CORE/pad.h
/usr/lib/perl5/5.8/cygwin/CORE/patchlevel.h
/usr/lib/perl5/5.8/cygwin/CORE/perl.h
/usr/lib/perl5/5.8/cygwin/CORE/perlapi.h
/usr/lib/perl5/5.8/cygwin/CORE/perlio.h
/usr/lib/perl5/5.8/cygwin/CORE/perliol.h
/usr/lib/perl5/5.8/cygwin/CORE/perlsdio.h
/usr/lib/perl5/5.8/cygwin/CORE/perlsfio.h
/usr/lib/perl5/5.8/cygwin/CORE/perlvars.h
/usr/lib/perl5/5.8/cygwin/CORE/perly.h
/usr/lib/perl5/5.8/cygwin/CORE/pp.h
/usr/lib/perl5/5.8/cygwin/CORE/pp_proto.h
/usr/lib/perl5/5.8/cygwin/CORE/proto.h
/usr/lib/perl5/5.8/cygwin/CORE/reentr.h
/usr/lib/perl5/5.8/cygwin/CORE/reentr.inc
/usr/lib/perl5/5.8/cygwin/CORE/regcomp.h
/usr/lib/perl5/5.8/cygwin/CORE/regexp.h
/usr/lib/perl5/5.8/cygwin/CORE/regnodes.h
/usr/lib/perl5/5.8/cygwin/CORE/scope.h
/usr/lib/perl5/5.8/cygwin/CORE/sv.h
/usr/lib/perl5/5.8/cygwin/CORE/thrdvar.h
/usr/lib/perl5/5.8/cygwin/CORE/thread.h
/usr/lib/perl5/5.8/cygwin/CORE/uconfig.h
/usr/lib/perl5/5.8/cygwin/CORE/unixish.h
/usr/lib/perl5/5.8/cygwin/CORE/utf8.h
/usr/lib/perl5/5.8/cygwin/CORE/utfebcdic.h
/usr/lib/perl5/5.8/cygwin/CORE/util.h
/usr/lib/perl5/5.8/cygwin/CORE/warnings.h
/usr/lib/perl5/5.8/cygwin/CORE/XSUB.h
/usr/lib/perl5/5.8/cygwin/Cwd.pm
/usr/lib/perl5/5.8/cygwin/Data/Dumper.pm
/usr/lib/perl5/5.8/cygwin/Devel/DProf.pm
/usr/lib/perl5/5.8/cygwin/Devel/Peek.pm
/usr/lib/perl5/5.8/cygwin/Devel/PPPort.pm
/usr/lib/perl5/5.8/cygwin/Digest/MD5.pm
/usr/lib/perl5/5.8/cygwin/DynaLoader.pm
/usr/lib/perl5/5.8/cygwin/Encode/Alias.pm
/usr/lib/perl5/5.8/cygwin/Encode/Byte.pm
/usr/lib/perl5/5.8/cygwin/Encode/CJKConstants.pm
/usr/lib/perl5/5.8/cygwin/Encode/CN.pm
/usr/lib/perl5/5.8/cygwin/Encode/Config.pm
/usr/lib/perl5/5.8/cygwin/Encode/EBCDIC.pm
/usr/lib/perl5/5.8/cygwin/Encode/Encoder.pm
/usr/lib/perl5/5.8/cygwin/Encode/Encoding.pm
/usr/lib/perl5/5.8/cygwin/Encode/Guess.pm
/usr/lib/perl5/5.8/cygwin/Encode/JP.pm
/usr/lib/perl5/5.8/cygwin/Encode/KR.pm
/usr/lib/perl5/5.8/cygwin/Encode/Symbol.pm
/usr/lib/perl5/5.8/cygwin/Encode/TW.pm
/usr/lib/perl5/5.8/cygwin/Encode/Unicode.pm
/usr/lib/perl5/5.8/cygwin/Encode.pm
/usr/lib/perl5/5.8/cygwin/encoding.pm
/usr/lib/perl5/5.8/cygwin/Errno.pm
/usr/lib/perl5/5.8/cygwin/Fcntl.pm
/usr/lib/perl5/5.8/cygwin/File/Glob.pm
/usr/lib/perl5/5.8/cygwin/Filter/Util/Call.pm
/usr/lib/perl5/5.8/cygwin/GDBM_File.pm
/usr/lib/perl5/5.8/cygwin/I18N/Langinfo.pm
/usr/lib/perl5/5.8/cygwin/IO/Dir.pm
/usr/lib/perl5/5.8/cygwin/IO/File.pm
/usr/lib/perl5/5.8/cygwin/IO/Handle.pm
/usr/lib/perl5/5.8/cygwin/IO/Pipe.pm
/usr/lib/perl5/5.8/cygwin/IO/Poll.pm
/usr/lib/perl5/5.8/cygwin/IO/Seekable.pm
/usr/lib/perl5/5.8/cygwin/IO/Select.pm
/usr/lib/perl5/5.8/cygwin/IO/Socket.pm
/usr/lib/perl5/5.8/cygwin/IO.pm
/usr/lib/perl5/5.8/cygwin/IPC/Msg.pm
/usr/lib/perl5/5.8/cygwin/IPC/Semaphore.pm
/usr/lib/perl5/5.8/cygwin/IPC/SysV.pm
/usr/lib/perl5/5.8/cygwin/lib.pm
/usr/lib/perl5/5.8/cygwin/MIME/Base64.pm
/usr/lib/perl5/5.8/cygwin/MIME/QuotedPrint.pm
/usr/lib/perl5/5.8/cygwin/NDBM_File.pm
/usr/lib/perl5/5.8/cygwin/O.pm
/usr/lib/perl5/5.8/cygwin/ODBM_File.pm
/usr/lib/perl5/5.8/cygwin/Opcode.pm
/usr/lib/perl5/5.8/cygwin/ops.pm
/usr/lib/perl5/5.8/cygwin/PerlIO/encoding.pm
/usr/lib/perl5/5.8/cygwin/PerlIO/scalar.pm
/usr/lib/perl5/5.8/cygwin/PerlIO/via.pm
/usr/lib/perl5/5.8/cygwin/perllocal.pod
/usr/lib/perl5/5.8/cygwin/POSIX.pm
/usr/lib/perl5/5.8/cygwin/POSIX.pod
/usr/lib/perl5/5.8/cygwin/re.pm
/usr/lib/perl5/5.8/cygwin/Safe.pm
/usr/lib/perl5/5.8/cygwin/SDBM_File.pm
/usr/lib/perl5/5.8/cygwin/Socket.pm
/usr/lib/perl5/5.8/cygwin/Storable.pm
/usr/lib/perl5/5.8/cygwin/Sys/Hostname.pm
/usr/lib/perl5/5.8/cygwin/Sys/Syslog.pm
/usr/lib/perl5/5.8/cygwin/threads/shared.pm
/usr/lib/perl5/5.8/cygwin/threads.pm
/usr/lib/perl5/5.8/cygwin/Time/HiRes.pm
/usr/lib/perl5/5.8/cygwin/Unicode/Normalize.pm
/usr/lib/perl5/5.8/cygwin/Win32CORE.pm
/usr/lib/perl5/5.8/cygwin/XS/APItest.pm
/usr/lib/perl5/5.8/cygwin/XS/Typemap.pm
/usr/lib/perl5/5.8/cygwin/XSLoader.pm
/usr/lib/perl5/5.8/DB.pm
/usr/lib/perl5/5.8/DBM_Filter/compress.pm
/usr/lib/perl5/5.8/DBM_Filter/encode.pm
/usr/lib/perl5/5.8/DBM_Filter/int32.pm
/usr/lib/perl5/5.8/DBM_Filter/null.pm
/usr/lib/perl5/5.8/DBM_Filter/utf8.pm
/usr/lib/perl5/5.8/DBM_Filter.pm
/usr/lib/perl5/5.8/dbm_filter_util.pl
/usr/lib/perl5/5.8/Devel/SelfStubber.pm
/usr/lib/perl5/5.8/diagnostics.pm
/usr/lib/perl5/5.8/Digest/base.pm
/usr/lib/perl5/5.8/Digest/file.pm
/usr/lib/perl5/5.8/Digest.pm
/usr/lib/perl5/5.8/DirHandle.pm
/usr/lib/perl5/5.8/dotsh.pl
/usr/lib/perl5/5.8/Dumpvalue.pm
/usr/lib/perl5/5.8/dumpvar.pl
/usr/lib/perl5/5.8/Encode/Changes.e2x
/usr/lib/perl5/5.8/Encode/CN/HZ.pm
/usr/lib/perl5/5.8/Encode/ConfigLocal_PM.e2x
/usr/lib/perl5/5.8/Encode/encode.h
/usr/lib/perl5/5.8/Encode/JP/H2Z.pm
/usr/lib/perl5/5.8/Encode/JP/JIS7.pm
/usr/lib/perl5/5.8/Encode/KR/2022_KR.pm
/usr/lib/perl5/5.8/Encode/Makefile_PL.e2x
/usr/lib/perl5/5.8/Encode/MIME/Header/ISO_2022_JP.pm
/usr/lib/perl5/5.8/Encode/MIME/Header.pm
/usr/lib/perl5/5.8/Encode/PerlIO.pod
/usr/lib/perl5/5.8/Encode/README.e2x
/usr/lib/perl5/5.8/Encode/Supported.pod
/usr/lib/perl5/5.8/Encode/Unicode/UTF7.pm
/usr/lib/perl5/5.8/Encode/_PM.e2x
/usr/lib/perl5/5.8/Encode/_T.e2x
/usr/lib/perl5/5.8/English.pm
/usr/lib/perl5/5.8/Env.pm
/usr/lib/perl5/5.8/exceptions.pl
/usr/lib/perl5/5.8/Exporter/Heavy.pm
/usr/lib/perl5/5.8/Exporter.pm
/usr/lib/perl5/5.8/ExtUtils/Command/MM.pm
/usr/lib/perl5/5.8/ExtUtils/Command.pm
/usr/lib/perl5/5.8/ExtUtils/Constant/Base.pm
/usr/lib/perl5/5.8/ExtUtils/Constant/Utils.pm
/usr/lib/perl5/5.8/ExtUtils/Constant/XS.pm
/usr/lib/perl5/5.8/ExtUtils/Constant.pm
/usr/lib/perl5/5.8/ExtUtils/Embed.pm
/usr/lib/perl5/5.8/ExtUtils/Install.pm
/usr/lib/perl5/5.8/ExtUtils/Installed.pm
/usr/lib/perl5/5.8/ExtUtils/Liblist/Kid.pm
/usr/lib/perl5/5.8/ExtUtils/Liblist.pm
/usr/lib/perl5/5.8/ExtUtils/MakeMaker/bytes.pm
/usr/lib/perl5/5.8/ExtUtils/MakeMaker/Config.pm
/usr/lib/perl5/5.8/ExtUtils/MakeMaker/FAQ.pod
/usr/lib/perl5/5.8/ExtUtils/MakeMaker/Tutorial.pod
/usr/lib/perl5/5.8/ExtUtils/MakeMaker/vmsish.pm
/usr/lib/perl5/5.8/ExtUtils/MakeMaker.pm
/usr/lib/perl5/5.8/ExtUtils/Manifest.pm
/usr/lib/perl5/5.8/ExtUtils/MANIFEST.SKIP
/usr/lib/perl5/5.8/ExtUtils/Miniperl.pm
/usr/lib/perl5/5.8/ExtUtils/Mkbootstrap.pm
/usr/lib/perl5/5.8/ExtUtils/Mksymlists.pm
/usr/lib/perl5/5.8/ExtUtils/MM.pm
/usr/lib/perl5/5.8/ExtUtils/MM_AIX.pm
/usr/lib/perl5/5.8/ExtUtils/MM_Any.pm
/usr/lib/perl5/5.8/ExtUtils/MM_BeOS.pm
/usr/lib/perl5/5.8/ExtUtils/MM_Cygwin.pm
/usr/lib/perl5/5.8/ExtUtils/MM_DOS.pm
/usr/lib/perl5/5.8/ExtUtils/MM_MacOS.pm
/usr/lib/perl5/5.8/ExtUtils/MM_NW5.pm
/usr/lib/perl5/5.8/ExtUtils/MM_OS2.pm
/usr/lib/perl5/5.8/ExtUtils/MM_QNX.pm
/usr/lib/perl5/5.8/ExtUtils/MM_Unix.pm
/usr/lib/perl5/5.8/ExtUtils/MM_UWIN.pm
/usr/lib/perl5/5.8/ExtUtils/MM_VMS.pm
/usr/lib/perl5/5.8/ExtUtils/MM_VOS.pm
/usr/lib/perl5/5.8/ExtUtils/MM_Win32.pm
/usr/lib/perl5/5.8/ExtUtils/MM_Win95.pm
/usr/lib/perl5/5.8/ExtUtils/MY.pm
/usr/lib/perl5/5.8/ExtUtils/NOTES
/usr/lib/perl5/5.8/ExtUtils/Packlist.pm
/usr/lib/perl5/5.8/ExtUtils/PATCHING
/usr/lib/perl5/5.8/ExtUtils/testlib.pm
/usr/lib/perl5/5.8/ExtUtils/typemap
/usr/lib/perl5/5.8/ExtUtils/xsubpp
/usr/lib/perl5/5.8/fastcwd.pl
/usr/lib/perl5/5.8/Fatal.pm
/usr/lib/perl5/5.8/fields.pm
/usr/lib/perl5/5.8/File/Basename.pm
/usr/lib/perl5/5.8/File/CheckTree.pm
/usr/lib/perl5/5.8/File/Compare.pm
/usr/lib/perl5/5.8/File/Copy.pm
/usr/lib/perl5/5.8/File/DosGlob.pm
/usr/lib/perl5/5.8/File/Find.pm
/usr/lib/perl5/5.8/File/Path.pm
/usr/lib/perl5/5.8/File/Spec/Cygwin.pm
/usr/lib/perl5/5.8/File/Spec/Epoc.pm
/usr/lib/perl5/5.8/File/Spec/Functions.pm
/usr/lib/perl5/5.8/File/Spec/Mac.pm
/usr/lib/perl5/5.8/File/Spec/OS2.pm
/usr/lib/perl5/5.8/File/Spec/Unix.pm
/usr/lib/perl5/5.8/File/Spec/VMS.pm
/usr/lib/perl5/5.8/File/Spec/Win32.pm
/usr/lib/perl5/5.8/File/Spec.pm
/usr/lib/perl5/5.8/File/stat.pm
/usr/lib/perl5/5.8/File/Temp.pm
/usr/lib/perl5/5.8/FileCache.pm
/usr/lib/perl5/5.8/FileHandle.pm
/usr/lib/perl5/5.8/filetest.pm
/usr/lib/perl5/5.8/Filter/Simple.pm
/usr/lib/perl5/5.8/find.pl
/usr/lib/perl5/5.8/FindBin.pm
/usr/lib/perl5/5.8/finddepth.pl
/usr/lib/perl5/5.8/flush.pl
/usr/lib/perl5/5.8/getcwd.pl
/usr/lib/perl5/5.8/Getopt/Long.pm
/usr/lib/perl5/5.8/Getopt/Std.pm
/usr/lib/perl5/5.8/getopt.pl
/usr/lib/perl5/5.8/getopts.pl
/usr/lib/perl5/5.8/Hash/Util.pm
/usr/lib/perl5/5.8/hostname.pl
/usr/lib/perl5/5.8/I18N/Collate.pm
/usr/lib/perl5/5.8/I18N/LangTags/Detect.pm
/usr/lib/perl5/5.8/I18N/LangTags/List.pm
/usr/lib/perl5/5.8/I18N/LangTags.pm
/usr/lib/perl5/5.8/if.pm
/usr/lib/perl5/5.8/importenv.pl
/usr/lib/perl5/5.8/integer.pm
/usr/lib/perl5/5.8/IO/Socket/INET.pm
/usr/lib/perl5/5.8/IO/Socket/UNIX.pm
/usr/lib/perl5/5.8/IPC/Open2.pm
/usr/lib/perl5/5.8/IPC/Open3.pm
/usr/lib/perl5/5.8/less.pm
/usr/lib/perl5/5.8/List/Util.pm
/usr/lib/perl5/5.8/Locale/Constants.pm
/usr/lib/perl5/5.8/Locale/Constants.pod
/usr/lib/perl5/5.8/Locale/Country.pm
/usr/lib/perl5/5.8/Locale/Country.pod
/usr/lib/perl5/5.8/Locale/Currency.pm
/usr/lib/perl5/5.8/Locale/Currency.pod
/usr/lib/perl5/5.8/Locale/Language.pm
/usr/lib/perl5/5.8/Locale/Language.pod
/usr/lib/perl5/5.8/Locale/Maketext/Guts.pm
/usr/lib/perl5/5.8/Locale/Maketext/GutsLoader.pm
/usr/lib/perl5/5.8/Locale/Maketext/TPJ13.pod
/usr/lib/perl5/5.8/Locale/Maketext.pm
/usr/lib/perl5/5.8/Locale/Maketext.pod
/usr/lib/perl5/5.8/Locale/Script.pm
/usr/lib/perl5/5.8/Locale/Script.pod
/usr/lib/perl5/5.8/locale.pm
/usr/lib/perl5/5.8/look.pl
/usr/lib/perl5/5.8/Math/BigFloat/Trace.pm
/usr/lib/perl5/5.8/Math/BigFloat.pm
/usr/lib/perl5/5.8/Math/BigInt/Calc.pm
/usr/lib/perl5/5.8/Math/BigInt/CalcEmu.pm
/usr/lib/perl5/5.8/Math/BigInt/Trace.pm
/usr/lib/perl5/5.8/Math/BigInt.pm
/usr/lib/perl5/5.8/Math/BigRat.pm
/usr/lib/perl5/5.8/Math/Complex.pm
/usr/lib/perl5/5.8/Math/Trig.pm
/usr/lib/perl5/5.8/Memoize/AnyDBM_File.pm
/usr/lib/perl5/5.8/Memoize/Expire.pm
/usr/lib/perl5/5.8/Memoize/ExpireFile.pm
/usr/lib/perl5/5.8/Memoize/ExpireTest.pm
/usr/lib/perl5/5.8/Memoize/NDBM_File.pm
/usr/lib/perl5/5.8/Memoize/SDBM_File.pm
/usr/lib/perl5/5.8/Memoize/Storable.pm
/usr/lib/perl5/5.8/Memoize.pm
/usr/lib/perl5/5.8/Net/Cmd.pm
/usr/lib/perl5/5.8/Net/Config.eg
/usr/lib/perl5/5.8/Net/Config.pm
/usr/lib/perl5/5.8/Net/Domain.pm
/usr/lib/perl5/5.8/Net/FTP/A.pm
/usr/lib/perl5/5.8/Net/FTP/dataconn.pm
/usr/lib/perl5/5.8/Net/FTP/E.pm
/usr/lib/perl5/5.8/Net/FTP/I.pm
/usr/lib/perl5/5.8/Net/FTP/L.pm
/usr/lib/perl5/5.8/Net/FTP.pm
/usr/lib/perl5/5.8/Net/hostent.pm
/usr/lib/perl5/5.8/Net/Hostname.eg
/usr/lib/perl5/5.8/Net/libnetFAQ.pod
/usr/lib/perl5/5.8/Net/netent.pm
/usr/lib/perl5/5.8/Net/Netrc.pm
/usr/lib/perl5/5.8/Net/NNTP.pm
/usr/lib/perl5/5.8/Net/Ping.pm
/usr/lib/perl5/5.8/Net/POP3.pm
/usr/lib/perl5/5.8/Net/protoent.pm
/usr/lib/perl5/5.8/Net/servent.pm
/usr/lib/perl5/5.8/Net/SMTP.pm
/usr/lib/perl5/5.8/Net/Time.pm
/usr/lib/perl5/5.8/newgetopt.pl
/usr/lib/perl5/5.8/NEXT.pm
/usr/lib/perl5/5.8/open.pm
/usr/lib/perl5/5.8/open2.pl
/usr/lib/perl5/5.8/open3.pl
/usr/lib/perl5/5.8/overload.pm
/usr/lib/perl5/5.8/perl5db.pl
/usr/lib/perl5/5.8/PerlIO/via/QuotedPrint.pm
/usr/lib/perl5/5.8/PerlIO.pm
/usr/lib/perl5/5.8/Pod/Checker.pm
/usr/lib/perl5/5.8/Pod/Find.pm
/usr/lib/perl5/5.8/Pod/Functions.pm
/usr/lib/perl5/5.8/Pod/Html.pm
/usr/lib/perl5/5.8/Pod/InputObjects.pm
/usr/lib/perl5/5.8/Pod/LaTeX.pm
/usr/lib/perl5/5.8/Pod/Man.pm
/usr/lib/perl5/5.8/Pod/ParseLink.pm
/usr/lib/perl5/5.8/Pod/Parser.pm
/usr/lib/perl5/5.8/Pod/ParseUtils.pm
/usr/lib/perl5/5.8/Pod/Perldoc/BaseTo.pm
/usr/lib/perl5/5.8/Pod/Perldoc/GetOptsOO.pm
/usr/lib/perl5/5.8/Pod/Perldoc/ToChecker.pm
/usr/lib/perl5/5.8/Pod/Perldoc/ToMan.pm
/usr/lib/perl5/5.8/Pod/Perldoc/ToNroff.pm
/usr/lib/perl5/5.8/Pod/Perldoc/ToPod.pm
/usr/lib/perl5/5.8/Pod/Perldoc/ToRtf.pm
/usr/lib/perl5/5.8/Pod/Perldoc/ToText.pm
/usr/lib/perl5/5.8/Pod/Perldoc/ToTk.pm
/usr/lib/perl5/5.8/Pod/Perldoc/ToXml.pm
/usr/lib/perl5/5.8/Pod/Perldoc.pm
/usr/lib/perl5/5.8/Pod/Plainer.pm
/usr/lib/perl5/5.8/Pod/PlainText.pm
/usr/lib/perl5/5.8/Pod/Select.pm
/usr/lib/perl5/5.8/Pod/Text/Color.pm
/usr/lib/perl5/5.8/Pod/Text/Overstrike.pm
/usr/lib/perl5/5.8/Pod/Text/Termcap.pm
/usr/lib/perl5/5.8/Pod/Text.pm
/usr/lib/perl5/5.8/Pod/Usage.pm
/usr/lib/perl5/5.8/pods/a2p.pod
/usr/lib/perl5/5.8/pods/perl.pod
/usr/lib/perl5/5.8/pods/perl5004delta.pod
/usr/lib/perl5/5.8/pods/perl5005delta.pod
/usr/lib/perl5/5.8/pods/perl561delta.pod
/usr/lib/perl5/5.8/pods/perl56delta.pod
/usr/lib/perl5/5.8/pods/perl570delta.pod
/usr/lib/perl5/5.8/pods/perl571delta.pod
/usr/lib/perl5/5.8/pods/perl572delta.pod
/usr/lib/perl5/5.8/pods/perl573delta.pod
/usr/lib/perl5/5.8/pods/perl581delta.pod
/usr/lib/perl5/5.8/pods/perl582delta.pod
/usr/lib/perl5/5.8/pods/perl583delta.pod
/usr/lib/perl5/5.8/pods/perl584delta.pod
/usr/lib/perl5/5.8/pods/perl585delta.pod
/usr/lib/perl5/5.8/pods/perl586delta.pod
/usr/lib/perl5/5.8/pods/perl587delta.pod
/usr/lib/perl5/5.8/pods/perl588delta.pod
/usr/lib/perl5/5.8/pods/perl58delta.pod
/usr/lib/perl5/5.8/pods/perlaix.pod
/usr/lib/perl5/5.8/pods/perlamiga.pod
/usr/lib/perl5/5.8/pods/perlapi.pod
/usr/lib/perl5/5.8/pods/perlapio.pod
/usr/lib/perl5/5.8/pods/perlapollo.pod
/usr/lib/perl5/5.8/pods/perlartistic.pod
/usr/lib/perl5/5.8/pods/perlbeos.pod
/usr/lib/perl5/5.8/pods/perlbook.pod
/usr/lib/perl5/5.8/pods/perlboot.pod
/usr/lib/perl5/5.8/pods/perlbot.pod
/usr/lib/perl5/5.8/pods/perlbs2000.pod
/usr/lib/perl5/5.8/pods/perlcall.pod
/usr/lib/perl5/5.8/pods/perlce.pod
/usr/lib/perl5/5.8/pods/perlcheat.pod
/usr/lib/perl5/5.8/pods/perlclib.pod
/usr/lib/perl5/5.8/pods/perlcn.pod
/usr/lib/perl5/5.8/pods/perlcompile.pod
/usr/lib/perl5/5.8/pods/perlcygwin.pod
/usr/lib/perl5/5.8/pods/perldata.pod
/usr/lib/perl5/5.8/pods/perldbmfilter.pod
/usr/lib/perl5/5.8/pods/perldebguts.pod
/usr/lib/perl5/5.8/pods/perldebtut.pod
/usr/lib/perl5/5.8/pods/perldebug.pod
/usr/lib/perl5/5.8/pods/perldelta.pod
/usr/lib/perl5/5.8/pods/perldgux.pod
/usr/lib/perl5/5.8/pods/perldiag.pod
/usr/lib/perl5/5.8/pods/perldoc.pod
/usr/lib/perl5/5.8/pods/perldos.pod
/usr/lib/perl5/5.8/pods/perldsc.pod
/usr/lib/perl5/5.8/pods/perlebcdic.pod
/usr/lib/perl5/5.8/pods/perlembed.pod
/usr/lib/perl5/5.8/pods/perlepoc.pod
/usr/lib/perl5/5.8/pods/perlfaq.pod
/usr/lib/perl5/5.8/pods/perlfaq1.pod
/usr/lib/perl5/5.8/pods/perlfaq2.pod
/usr/lib/perl5/5.8/pods/perlfaq3.pod
/usr/lib/perl5/5.8/pods/perlfaq4.pod
/usr/lib/perl5/5.8/pods/perlfaq5.pod
/usr/lib/perl5/5.8/pods/perlfaq6.pod
/usr/lib/perl5/5.8/pods/perlfaq7.pod
/usr/lib/perl5/5.8/pods/perlfaq8.pod
/usr/lib/perl5/5.8/pods/perlfaq9.pod
/usr/lib/perl5/5.8/pods/perlfilter.pod
/usr/lib/perl5/5.8/pods/perlfork.pod
/usr/lib/perl5/5.8/pods/perlform.pod
/usr/lib/perl5/5.8/pods/perlfreebsd.pod
/usr/lib/perl5/5.8/pods/perlfunc.pod
/usr/lib/perl5/5.8/pods/perlglossary.pod
/usr/lib/perl5/5.8/pods/perlgpl.pod
/usr/lib/perl5/5.8/pods/perlguts.pod
/usr/lib/perl5/5.8/pods/perlhack.pod
/usr/lib/perl5/5.8/pods/perlhist.pod
/usr/lib/perl5/5.8/pods/perlhpux.pod
/usr/lib/perl5/5.8/pods/perlhurd.pod
/usr/lib/perl5/5.8/pods/perlintern.pod
/usr/lib/perl5/5.8/pods/perlintro.pod
/usr/lib/perl5/5.8/pods/perliol.pod
/usr/lib/perl5/5.8/pods/perlipc.pod
/usr/lib/perl5/5.8/pods/perlirix.pod
/usr/lib/perl5/5.8/pods/perljp.pod
/usr/lib/perl5/5.8/pods/perlko.pod
/usr/lib/perl5/5.8/pods/perllexwarn.pod
/usr/lib/perl5/5.8/pods/perllinux.pod
/usr/lib/perl5/5.8/pods/perllocale.pod
/usr/lib/perl5/5.8/pods/perllol.pod
/usr/lib/perl5/5.8/pods/perlmachten.pod
/usr/lib/perl5/5.8/pods/perlmacos.pod
/usr/lib/perl5/5.8/pods/perlmacosx.pod
/usr/lib/perl5/5.8/pods/perlmint.pod
/usr/lib/perl5/5.8/pods/perlmod.pod
/usr/lib/perl5/5.8/pods/perlmodinstall.pod
/usr/lib/perl5/5.8/pods/perlmodlib.pod
/usr/lib/perl5/5.8/pods/perlmodstyle.pod
/usr/lib/perl5/5.8/pods/perlmpeix.pod
/usr/lib/perl5/5.8/pods/perlnetware.pod
/usr/lib/perl5/5.8/pods/perlnewmod.pod
/usr/lib/perl5/5.8/pods/perlnumber.pod
/usr/lib/perl5/5.8/pods/perlobj.pod
/usr/lib/perl5/5.8/pods/perlop.pod
/usr/lib/perl5/5.8/pods/perlopenbsd.pod
/usr/lib/perl5/5.8/pods/perlopentut.pod
/usr/lib/perl5/5.8/pods/perlos2.pod
/usr/lib/perl5/5.8/pods/perlos390.pod
/usr/lib/perl5/5.8/pods/perlos400.pod
/usr/lib/perl5/5.8/pods/perlothrtut.pod
/usr/lib/perl5/5.8/pods/perlpacktut.pod
/usr/lib/perl5/5.8/pods/perlplan9.pod
/usr/lib/perl5/5.8/pods/perlpod.pod
/usr/lib/perl5/5.8/pods/perlpodspec.pod
/usr/lib/perl5/5.8/pods/perlport.pod
/usr/lib/perl5/5.8/pods/perlqnx.pod
/usr/lib/perl5/5.8/pods/perlre.pod
/usr/lib/perl5/5.8/pods/perlref.pod
/usr/lib/perl5/5.8/pods/perlreftut.pod
/usr/lib/perl5/5.8/pods/perlrequick.pod
/usr/lib/perl5/5.8/pods/perlreref.pod
/usr/lib/perl5/5.8/pods/perlretut.pod
/usr/lib/perl5/5.8/pods/perlrun.pod
/usr/lib/perl5/5.8/pods/perlsec.pod
/usr/lib/perl5/5.8/pods/perlsolaris.pod
/usr/lib/perl5/5.8/pods/perlstyle.pod
/usr/lib/perl5/5.8/pods/perlsub.pod
/usr/lib/perl5/5.8/pods/perlsyn.pod
/usr/lib/perl5/5.8/pods/perlthrtut.pod
/usr/lib/perl5/5.8/pods/perltie.pod
/usr/lib/perl5/5.8/pods/perltoc.pod
/usr/lib/perl5/5.8/pods/perltodo.pod
/usr/lib/perl5/5.8/pods/perltooc.pod
/usr/lib/perl5/5.8/pods/perltoot.pod
/usr/lib/perl5/5.8/pods/perltrap.pod
/usr/lib/perl5/5.8/pods/perltru64.pod
/usr/lib/perl5/5.8/pods/perltw.pod
/usr/lib/perl5/5.8/pods/perlunicode.pod
/usr/lib/perl5/5.8/pods/perluniintro.pod
/usr/lib/perl5/5.8/pods/perlutil.pod
/usr/lib/perl5/5.8/pods/perluts.pod
/usr/lib/perl5/5.8/pods/perlvar.pod
/usr/lib/perl5/5.8/pods/perlvmesa.pod
/usr/lib/perl5/5.8/pods/perlvms.pod
/usr/lib/perl5/5.8/pods/perlvos.pod
/usr/lib/perl5/5.8/pods/perlwin32.pod
/usr/lib/perl5/5.8/pods/perlxs.pod
/usr/lib/perl5/5.8/pods/perlxstut.pod
/usr/lib/perl5/5.8/pwd.pl
/usr/lib/perl5/5.8/Scalar/Util.pm
/usr/lib/perl5/5.8/Search/Dict.pm
/usr/lib/perl5/5.8/SelectSaver.pm
/usr/lib/perl5/5.8/SelfLoader.pm
/usr/lib/perl5/5.8/Shell.pm
/usr/lib/perl5/5.8/shellwords.pl
/usr/lib/perl5/5.8/sigtrap.pm
/usr/lib/perl5/5.8/sort.pm
/usr/lib/perl5/5.8/stat.pl
/usr/lib/perl5/5.8/strict.pm
/usr/lib/perl5/5.8/subs.pm
/usr/lib/perl5/5.8/Switch.pm
/usr/lib/perl5/5.8/Symbol.pm
/usr/lib/perl5/5.8/syslog.pl
/usr/lib/perl5/5.8/tainted.pl
/usr/lib/perl5/5.8/Term/ANSIColor.pm
/usr/lib/perl5/5.8/Term/Cap.pm
/usr/lib/perl5/5.8/Term/Complete.pm
/usr/lib/perl5/5.8/Term/ReadLine.pm
/usr/lib/perl5/5.8/termcap.pl
/usr/lib/perl5/5.8/Test/Builder/Module.pm
/usr/lib/perl5/5.8/Test/Builder/Tester/Color.pm
/usr/lib/perl5/5.8/Test/Builder/Tester.pm
/usr/lib/perl5/5.8/Test/Builder.pm
/usr/lib/perl5/5.8/Test/Deep/All.pm
/usr/lib/perl5/5.8/Test/Deep/Any.pm
/usr/lib/perl5/5.8/Test/Deep/Array.pm
/usr/lib/perl5/5.8/Test/Deep/ArrayEach.pm
/usr/lib/perl5/5.8/Test/Deep/ArrayElementsOnly.pm
/usr/lib/perl5/5.8/Test/Deep/ArrayLength.pm
/usr/lib/perl5/5.8/Test/Deep/ArrayLengthOnly.pm
/usr/lib/perl5/5.8/Test/Deep/Blessed.pm
/usr/lib/perl5/5.8/Test/Deep/Boolean.pm
/usr/lib/perl5/5.8/Test/Deep/Cache/Simple.pm
/usr/lib/perl5/5.8/Test/Deep/Cache.pm
/usr/lib/perl5/5.8/Test/Deep/Class.pm
/usr/lib/perl5/5.8/Test/Deep/Cmp.pm
/usr/lib/perl5/5.8/Test/Deep/Code.pm
/usr/lib/perl5/5.8/Test/Deep/Hash.pm
/usr/lib/perl5/5.8/Test/Deep/HashEach.pm
/usr/lib/perl5/5.8/Test/Deep/HashElements.pm
/usr/lib/perl5/5.8/Test/Deep/HashKeys.pm
/usr/lib/perl5/5.8/Test/Deep/HashKeysOnly.pm
/usr/lib/perl5/5.8/Test/Deep/Ignore.pm
/usr/lib/perl5/5.8/Test/Deep/Isa.pm
/usr/lib/perl5/5.8/Test/Deep/ListMethods.pm
/usr/lib/perl5/5.8/Test/Deep/Methods.pm
/usr/lib/perl5/5.8/Test/Deep/MM.pm
/usr/lib/perl5/5.8/Test/Deep/NoTest.pm
/usr/lib/perl5/5.8/Test/Deep/Number.pm
/usr/lib/perl5/5.8/Test/Deep/Ref.pm
/usr/lib/perl5/5.8/Test/Deep/RefType.pm
/usr/lib/perl5/5.8/Test/Deep/Regexp.pm
/usr/lib/perl5/5.8/Test/Deep/RegexpMatches.pm
/usr/lib/perl5/5.8/Test/Deep/RegexpOnly.pm
/usr/lib/perl5/5.8/Test/Deep/RegexpRef.pm
/usr/lib/perl5/5.8/Test/Deep/RegexpRefOnly.pm
/usr/lib/perl5/5.8/Test/Deep/ScalarRef.pm
/usr/lib/perl5/5.8/Test/Deep/ScalarRefOnly.pm
/usr/lib/perl5/5.8/Test/Deep/Set.pm
/usr/lib/perl5/5.8/Test/Deep/Shallow.pm
/usr/lib/perl5/5.8/Test/Deep/Stack.pm
/usr/lib/perl5/5.8/Test/Deep/String.pm
/usr/lib/perl5/5.8/Test/Deep.pm
/usr/lib/perl5/5.8/Test/Deep.pod
/usr/lib/perl5/5.8/Test/Harness/Assert.pm
/usr/lib/perl5/5.8/Test/Harness/Iterator.pm
/usr/lib/perl5/5.8/Test/Harness/Point.pm
/usr/lib/perl5/5.8/Test/Harness/Results.pm
/usr/lib/perl5/5.8/Test/Harness/Straps.pm
/usr/lib/perl5/5.8/Test/Harness/TAP.pod
/usr/lib/perl5/5.8/Test/Harness/Util.pm
/usr/lib/perl5/5.8/Test/Harness.pm
/usr/lib/perl5/5.8/Test/More.pm
/usr/lib/perl5/5.8/Test/Simple.pm
/usr/lib/perl5/5.8/Test/Tester/Capture.pm
/usr/lib/perl5/5.8/Test/Tester/CaptureRunner.pm
/usr/lib/perl5/5.8/Test/Tester/Delegate.pm
/usr/lib/perl5/5.8/Test/Tester.pm
/usr/lib/perl5/5.8/Test/Tutorial.pod
/usr/lib/perl5/5.8/Test.pm
/usr/lib/perl5/5.8/Text/Abbrev.pm
/usr/lib/perl5/5.8/Text/Balanced.pm
/usr/lib/perl5/5.8/Text/ParseWords.pm
/usr/lib/perl5/5.8/Text/Soundex.pm
/usr/lib/perl5/5.8/Text/Tabs.pm
/usr/lib/perl5/5.8/Text/Wrap.pm
/usr/lib/perl5/5.8/Thread/Queue.pm
/usr/lib/perl5/5.8/Thread/Semaphore.pm
/usr/lib/perl5/5.8/Thread.pm
/usr/lib/perl5/5.8/Tie/Array.pm
/usr/lib/perl5/5.8/Tie/File.pm
/usr/lib/perl5/5.8/Tie/Handle.pm
/usr/lib/perl5/5.8/Tie/Hash.pm
/usr/lib/perl5/5.8/Tie/Memoize.pm
/usr/lib/perl5/5.8/Tie/RefHash.pm
/usr/lib/perl5/5.8/Tie/Scalar.pm
/usr/lib/perl5/5.8/Tie/SubstrHash.pm
/usr/lib/perl5/5.8/Time/gmtime.pm
/usr/lib/perl5/5.8/Time/Local.pm
/usr/lib/perl5/5.8/Time/localtime.pm
/usr/lib/perl5/5.8/Time/tm.pm
/usr/lib/perl5/5.8/timelocal.pl
/usr/lib/perl5/5.8/Unicode/Collate/keys.txt
/usr/lib/perl5/5.8/Unicode/Collate.pm
/usr/lib/perl5/5.8/Unicode/UCD.pm
/usr/lib/perl5/5.8/unicore/ArabicShaping.txt
/usr/lib/perl5/5.8/unicore/BidiMirroring.txt
/usr/lib/perl5/5.8/unicore/Blocks.txt
/usr/lib/perl5/5.8/unicore/Canonical.pl
/usr/lib/perl5/5.8/unicore/CaseFolding.txt
/usr/lib/perl5/5.8/unicore/CombiningClass.pl
/usr/lib/perl5/5.8/unicore/CompositionExclusions.txt
/usr/lib/perl5/5.8/unicore/Decomposition.pl
/usr/lib/perl5/5.8/unicore/EastAsianWidth.txt
/usr/lib/perl5/5.8/unicore/Exact.pl
/usr/lib/perl5/5.8/unicore/HangulSyllableType.txt
/usr/lib/perl5/5.8/unicore/Index.txt
/usr/lib/perl5/5.8/unicore/Jamo.txt
/usr/lib/perl5/5.8/unicore/lib/bc/AL.pl
/usr/lib/perl5/5.8/unicore/lib/bc/AN.pl
/usr/lib/perl5/5.8/unicore/lib/bc/B.pl
/usr/lib/perl5/5.8/unicore/lib/bc/BN.pl
/usr/lib/perl5/5.8/unicore/lib/bc/CS.pl
/usr/lib/perl5/5.8/unicore/lib/bc/EN.pl
/usr/lib/perl5/5.8/unicore/lib/bc/ES.pl
/usr/lib/perl5/5.8/unicore/lib/bc/ET.pl
/usr/lib/perl5/5.8/unicore/lib/bc/L.pl
/usr/lib/perl5/5.8/unicore/lib/bc/LRE.pl
/usr/lib/perl5/5.8/unicore/lib/bc/LRO.pl
/usr/lib/perl5/5.8/unicore/lib/bc/NSM.pl
/usr/lib/perl5/5.8/unicore/lib/bc/ON.pl
/usr/lib/perl5/5.8/unicore/lib/bc/PDF.pl
/usr/lib/perl5/5.8/unicore/lib/bc/R.pl
/usr/lib/perl5/5.8/unicore/lib/bc/RLE.pl
/usr/lib/perl5/5.8/unicore/lib/bc/RLO.pl
/usr/lib/perl5/5.8/unicore/lib/bc/S.pl
/usr/lib/perl5/5.8/unicore/lib/bc/WS.pl
/usr/lib/perl5/5.8/unicore/lib/ccc/A.pl
/usr/lib/perl5/5.8/unicore/lib/ccc/AL.pl
/usr/lib/perl5/5.8/unicore/lib/ccc/AR.pl
/usr/lib/perl5/5.8/unicore/lib/ccc/ATAR.pl
/usr/lib/perl5/5.8/unicore/lib/ccc/ATB.pl
/usr/lib/perl5/5.8/unicore/lib/ccc/ATBL.pl
/usr/lib/perl5/5.8/unicore/lib/ccc/B.pl
/usr/lib/perl5/5.8/unicore/lib/ccc/BL.pl
/usr/lib/perl5/5.8/unicore/lib/ccc/BR.pl
/usr/lib/perl5/5.8/unicore/lib/ccc/DA.pl
/usr/lib/perl5/5.8/unicore/lib/ccc/DB.pl
/usr/lib/perl5/5.8/unicore/lib/ccc/IS.pl
/usr/lib/perl5/5.8/unicore/lib/ccc/KV.pl
/usr/lib/perl5/5.8/unicore/lib/ccc/L.pl
/usr/lib/perl5/5.8/unicore/lib/ccc/NK.pl
/usr/lib/perl5/5.8/unicore/lib/ccc/NR.pl
/usr/lib/perl5/5.8/unicore/lib/ccc/OV.pl
/usr/lib/perl5/5.8/unicore/lib/ccc/R.pl
/usr/lib/perl5/5.8/unicore/lib/ccc/VR.pl
/usr/lib/perl5/5.8/unicore/lib/dt/can.pl
/usr/lib/perl5/5.8/unicore/lib/dt/com.pl
/usr/lib/perl5/5.8/unicore/lib/dt/enc.pl
/usr/lib/perl5/5.8/unicore/lib/dt/fin.pl
/usr/lib/perl5/5.8/unicore/lib/dt/font.pl
/usr/lib/perl5/5.8/unicore/lib/dt/fra.pl
/usr/lib/perl5/5.8/unicore/lib/dt/init.pl
/usr/lib/perl5/5.8/unicore/lib/dt/iso.pl
/usr/lib/perl5/5.8/unicore/lib/dt/med.pl
/usr/lib/perl5/5.8/unicore/lib/dt/nar.pl
/usr/lib/perl5/5.8/unicore/lib/dt/nb.pl
/usr/lib/perl5/5.8/unicore/lib/dt/sml.pl
/usr/lib/perl5/5.8/unicore/lib/dt/sqr.pl
/usr/lib/perl5/5.8/unicore/lib/dt/sub.pl
/usr/lib/perl5/5.8/unicore/lib/dt/sup.pl
/usr/lib/perl5/5.8/unicore/lib/dt/vert.pl
/usr/lib/perl5/5.8/unicore/lib/dt/wide.pl
/usr/lib/perl5/5.8/unicore/lib/ea/A.pl
/usr/lib/perl5/5.8/unicore/lib/ea/F.pl
/usr/lib/perl5/5.8/unicore/lib/ea/H.pl
/usr/lib/perl5/5.8/unicore/lib/ea/N.pl
/usr/lib/perl5/5.8/unicore/lib/ea/Na.pl
/usr/lib/perl5/5.8/unicore/lib/ea/W.pl
/usr/lib/perl5/5.8/unicore/lib/gc_sc/AHex.pl
/usr/lib/perl5/5.8/unicore/lib/gc_sc/Alnum.pl
/usr/lib/perl5/5.8/unicore/lib/gc_sc/Alpha.pl
/usr/lib/perl5/5.8/unicore/lib/gc_sc/Alphabet.pl
/usr/lib/perl5/5.8/unicore/lib/gc_sc/Any.pl
/usr/lib/perl5/5.8/unicore/lib/gc_sc/Arab.pl
/usr/lib/perl5/5.8/unicore/lib/gc_sc/Armn.pl
/usr/lib/perl5/5.8/unicore/lib/gc_sc/ASCII.pl
/usr/lib/perl5/5.8/unicore/lib/gc_sc/AsciiHex.pl
/usr/lib/perl5/5.8/unicore/lib/gc_sc/Assigned.pl
/usr/lib/perl5/5.8/unicore/lib/gc_sc/Beng.pl
/usr/lib/perl5/5.8/unicore/lib/gc_sc/BidiC.pl
/usr/lib/perl5/5.8/unicore/lib/gc_sc/BidiCont.pl
/usr/lib/perl5/5.8/unicore/lib/gc_sc/Blank.pl
/usr/lib/perl5/5.8/unicore/lib/gc_sc/Bopo.pl
/usr/lib/perl5/5.8/unicore/lib/gc_sc/Brai.pl
/usr/lib/perl5/5.8/unicore/lib/gc_sc/Bugi.pl
/usr/lib/perl5/5.8/unicore/lib/gc_sc/Buhd.pl
/usr/lib/perl5/5.8/unicore/lib/gc_sc/C.pl
/usr/lib/perl5/5.8/unicore/lib/gc_sc/Canadian.pl
/usr/lib/perl5/5.8/unicore/lib/gc_sc/Cc.pl
/usr/lib/perl5/5.8/unicore/lib/gc_sc/Cf.pl
/usr/lib/perl5/5.8/unicore/lib/gc_sc/Cher.pl
/usr/lib/perl5/5.8/unicore/lib/gc_sc/Cn.pl
/usr/lib/perl5/5.8/unicore/lib/gc_sc/Cntrl.pl
/usr/lib/perl5/5.8/unicore/lib/gc_sc/Co.pl
/usr/lib/perl5/5.8/unicore/lib/gc_sc/Copt.pl
/usr/lib/perl5/5.8/unicore/lib/gc_sc/Cprt.pl
/usr/lib/perl5/5.8/unicore/lib/gc_sc/Cs.pl
/usr/lib/perl5/5.8/unicore/lib/gc_sc/Cyrl.pl
/usr/lib/perl5/5.8/unicore/lib/gc_sc/Dash.pl
/usr/lib/perl5/5.8/unicore/lib/gc_sc/Dash2.pl
/usr/lib/perl5/5.8/unicore/lib/gc_sc/Dep.pl
/usr/lib/perl5/5.8/unicore/lib/gc_sc/Deprecat.pl
/usr/lib/perl5/5.8/unicore/lib/gc_sc/Deva.pl
/usr/lib/perl5/5.8/unicore/lib/gc_sc/Dia.pl
/usr/lib/perl5/5.8/unicore/lib/gc_sc/Diacriti.pl
/usr/lib/perl5/5.8/unicore/lib/gc_sc/Digit.pl
/usr/lib/perl5/5.8/unicore/lib/gc_sc/Dsrt.pl
/usr/lib/perl5/5.8/unicore/lib/gc_sc/Ethi.pl
/usr/lib/perl5/5.8/unicore/lib/gc_sc/Ext.pl
/usr/lib/perl5/5.8/unicore/lib/gc_sc/Extender.pl
/usr/lib/perl5/5.8/unicore/lib/gc_sc/Geor.pl
/usr/lib/perl5/5.8/unicore/lib/gc_sc/Glag.pl
/usr/lib/perl5/5.8/unicore/lib/gc_sc/Goth.pl
/usr/lib/perl5/5.8/unicore/lib/gc_sc/Graph.pl
/usr/lib/perl5/5.8/unicore/lib/gc_sc/Grapheme.pl
/usr/lib/perl5/5.8/unicore/lib/gc_sc/Grek.pl
/usr/lib/perl5/5.8/unicore/lib/gc_sc/GrLink.pl
/usr/lib/perl5/5.8/unicore/lib/gc_sc/Gujr.pl
/usr/lib/perl5/5.8/unicore/lib/gc_sc/Guru.pl
/usr/lib/perl5/5.8/unicore/lib/gc_sc/Hang.pl
/usr/lib/perl5/5.8/unicore/lib/gc_sc/Hani.pl
/usr/lib/perl5/5.8/unicore/lib/gc_sc/Hano.pl
/usr/lib/perl5/5.8/unicore/lib/gc_sc/Hebr.pl
/usr/lib/perl5/5.8/unicore/lib/gc_sc/Hex.pl
/usr/lib/perl5/5.8/unicore/lib/gc_sc/HexDigit.pl
/usr/lib/perl5/5.8/unicore/lib/gc_sc/Hira.pl
/usr/lib/perl5/5.8/unicore/lib/gc_sc/Hyphen.pl
/usr/lib/perl5/5.8/unicore/lib/gc_sc/Hyphen2.pl
/usr/lib/perl5/5.8/unicore/lib/gc_sc/IdContin.pl
/usr/lib/perl5/5.8/unicore/lib/gc_sc/Ideo.pl
/usr/lib/perl5/5.8/unicore/lib/gc_sc/Ideograp.pl
/usr/lib/perl5/5.8/unicore/lib/gc_sc/IDSB.pl
/usr/lib/perl5/5.8/unicore/lib/gc_sc/IdsBinar.pl
/usr/lib/perl5/5.8/unicore/lib/gc_sc/IDST.pl
/usr/lib/perl5/5.8/unicore/lib/gc_sc/IdStart.pl
/usr/lib/perl5/5.8/unicore/lib/gc_sc/IdsTrina.pl
/usr/lib/perl5/5.8/unicore/lib/gc_sc/InAegean.pl
/usr/lib/perl5/5.8/unicore/lib/gc_sc/InAlphab.pl
/usr/lib/perl5/5.8/unicore/lib/gc_sc/InAncie2.pl
/usr/lib/perl5/5.8/unicore/lib/gc_sc/InAncien.pl
/usr/lib/perl5/5.8/unicore/lib/gc_sc/InArabi2.pl
/usr/lib/perl5/5.8/unicore/lib/gc_sc/InArabi3.pl
/usr/lib/perl5/5.8/unicore/lib/gc_sc/InArabi4.pl
/usr/lib/perl5/5.8/unicore/lib/gc_sc/InArabic.pl
/usr/lib/perl5/5.8/unicore/lib/gc_sc/InArmeni.pl
/usr/lib/perl5/5.8/unicore/lib/gc_sc/InArrows.pl
/usr/lib/perl5/5.8/unicore/lib/gc_sc/InBasicL.pl
/usr/lib/perl5/5.8/unicore/lib/gc_sc/InBengal.pl
/usr/lib/perl5/5.8/unicore/lib/gc_sc/InBlockE.pl
/usr/lib/perl5/5.8/unicore/lib/gc_sc/InBopom2.pl
/usr/lib/perl5/5.8/unicore/lib/gc_sc/InBopomo.pl
/usr/lib/perl5/5.8/unicore/lib/gc_sc/InBoxDra.pl
/usr/lib/perl5/5.8/unicore/lib/gc_sc/InBraill.pl
/usr/lib/perl5/5.8/unicore/lib/gc_sc/InBugine.pl
/usr/lib/perl5/5.8/unicore/lib/gc_sc/InBuhid.pl
/usr/lib/perl5/5.8/unicore/lib/gc_sc/InByzant.pl
/usr/lib/perl5/5.8/unicore/lib/gc_sc/InCherok.pl
/usr/lib/perl5/5.8/unicore/lib/gc_sc/InCjkCo2.pl
/usr/lib/perl5/5.8/unicore/lib/gc_sc/InCjkCo3.pl
/usr/lib/perl5/5.8/unicore/lib/gc_sc/InCjkCo4.pl
/usr/lib/perl5/5.8/unicore/lib/gc_sc/InCjkCom.pl
/usr/lib/perl5/5.8/unicore/lib/gc_sc/InCjkRad.pl
/usr/lib/perl5/5.8/unicore/lib/gc_sc/InCjkStr.pl
/usr/lib/perl5/5.8/unicore/lib/gc_sc/InCjkSym.pl
/usr/lib/perl5/5.8/unicore/lib/gc_sc/InCjkUn2.pl
/usr/lib/perl5/5.8/unicore/lib/gc_sc/InCjkUn3.pl
/usr/lib/perl5/5.8/unicore/lib/gc_sc/InCjkUni.pl
/usr/lib/perl5/5.8/unicore/lib/gc_sc/InCombi2.pl
/usr/lib/perl5/5.8/unicore/lib/gc_sc/InCombi3.pl
/usr/lib/perl5/5.8/unicore/lib/gc_sc/InCombi4.pl
/usr/lib/perl5/5.8/unicore/lib/gc_sc/InCombin.pl
/usr/lib/perl5/5.8/unicore/lib/gc_sc/InContro.pl
/usr/lib/perl5/5.8/unicore/lib/gc_sc/InCoptic.pl
/usr/lib/perl5/5.8/unicore/lib/gc_sc/InCurren.pl
/usr/lib/perl5/5.8/unicore/lib/gc_sc/InCyprio.pl
/usr/lib/perl5/5.8/unicore/lib/gc_sc/InCyril2.pl
/usr/lib/perl5/5.8/unicore/lib/gc_sc/InCyrill.pl
/usr/lib/perl5/5.8/unicore/lib/gc_sc/InDesere.pl
/usr/lib/perl5/5.8/unicore/lib/gc_sc/InDevana.pl
/usr/lib/perl5/5.8/unicore/lib/gc_sc/InDingba.pl
/usr/lib/perl5/5.8/unicore/lib/gc_sc/InEnclo2.pl
/usr/lib/perl5/5.8/unicore/lib/gc_sc/InEnclos.pl
/usr/lib/perl5/5.8/unicore/lib/gc_sc/InEthio2.pl
/usr/lib/perl5/5.8/unicore/lib/gc_sc/InEthio3.pl
/usr/lib/perl5/5.8/unicore/lib/gc_sc/InEthiop.pl
/usr/lib/perl5/5.8/unicore/lib/gc_sc/InGenera.pl
/usr/lib/perl5/5.8/unicore/lib/gc_sc/InGeomet.pl
/usr/lib/perl5/5.8/unicore/lib/gc_sc/InGeorg2.pl
/usr/lib/perl5/5.8/unicore/lib/gc_sc/InGeorgi.pl
/usr/lib/perl5/5.8/unicore/lib/gc_sc/InGlagol.pl
/usr/lib/perl5/5.8/unicore/lib/gc_sc/InGothic.pl
/usr/lib/perl5/5.8/unicore/lib/gc_sc/InGreekA.pl
/usr/lib/perl5/5.8/unicore/lib/gc_sc/InGreekE.pl
/usr/lib/perl5/5.8/unicore/lib/gc_sc/InGujara.pl
/usr/lib/perl5/5.8/unicore/lib/gc_sc/InGurmuk.pl
/usr/lib/perl5/5.8/unicore/lib/gc_sc/InHalfwi.pl
/usr/lib/perl5/5.8/unicore/lib/gc_sc/InHangu2.pl
/usr/lib/perl5/5.8/unicore/lib/gc_sc/InHangu3.pl
/usr/lib/perl5/5.8/unicore/lib/gc_sc/InHangul.pl
/usr/lib/perl5/5.8/unicore/lib/gc_sc/InHanuno.pl
/usr/lib/perl5/5.8/unicore/lib/gc_sc/InHebrew.pl
/usr/lib/perl5/5.8/unicore/lib/gc_sc/InHighPr.pl
/usr/lib/perl5/5.8/unicore/lib/gc_sc/InHighSu.pl
/usr/lib/perl5/5.8/unicore/lib/gc_sc/InHiraga.pl
/usr/lib/perl5/5.8/unicore/lib/gc_sc/InIdeogr.pl
/usr/lib/perl5/5.8/unicore/lib/gc_sc/InIpaExt.pl
/usr/lib/perl5/5.8/unicore/lib/gc_sc/InKanbun.pl
/usr/lib/perl5/5.8/unicore/lib/gc_sc/InKangxi.pl
/usr/lib/perl5/5.8/unicore/lib/gc_sc/InKannad.pl
/usr/lib/perl5/5.8/unicore/lib/gc_sc/InKatak2.pl
/usr/lib/perl5/5.8/unicore/lib/gc_sc/InKataka.pl
/usr/lib/perl5/5.8/unicore/lib/gc_sc/InKharos.pl
/usr/lib/perl5/5.8/unicore/lib/gc_sc/InKhmer.pl
/usr/lib/perl5/5.8/unicore/lib/gc_sc/InKhmerS.pl
/usr/lib/perl5/5.8/unicore/lib/gc_sc/InLao.pl
/usr/lib/perl5/5.8/unicore/lib/gc_sc/InLatin1.pl
/usr/lib/perl5/5.8/unicore/lib/gc_sc/InLatin2.pl
/usr/lib/perl5/5.8/unicore/lib/gc_sc/InLatin3.pl
/usr/lib/perl5/5.8/unicore/lib/gc_sc/InLatinE.pl
/usr/lib/perl5/5.8/unicore/lib/gc_sc/InLetter.pl
/usr/lib/perl5/5.8/unicore/lib/gc_sc/InLimbu.pl
/usr/lib/perl5/5.8/unicore/lib/gc_sc/InLinea2.pl
/usr/lib/perl5/5.8/unicore/lib/gc_sc/InLinear.pl
/usr/lib/perl5/5.8/unicore/lib/gc_sc/InLowSur.pl
/usr/lib/perl5/5.8/unicore/lib/gc_sc/InMalaya.pl
/usr/lib/perl5/5.8/unicore/lib/gc_sc/InMathe2.pl
/usr/lib/perl5/5.8/unicore/lib/gc_sc/InMathem.pl
/usr/lib/perl5/5.8/unicore/lib/gc_sc/InMisce2.pl
/usr/lib/perl5/5.8/unicore/lib/gc_sc/InMisce3.pl
/usr/lib/perl5/5.8/unicore/lib/gc_sc/InMisce4.pl
/usr/lib/perl5/5.8/unicore/lib/gc_sc/InMisce5.pl
/usr/lib/perl5/5.8/unicore/lib/gc_sc/InMiscel.pl
/usr/lib/perl5/5.8/unicore/lib/gc_sc/InModifi.pl
/usr/lib/perl5/5.8/unicore/lib/gc_sc/InMongol.pl
/usr/lib/perl5/5.8/unicore/lib/gc_sc/InMusica.pl
/usr/lib/perl5/5.8/unicore/lib/gc_sc/InMyanma.pl
/usr/lib/perl5/5.8/unicore/lib/gc_sc/InNewTai.pl
/usr/lib/perl5/5.8/unicore/lib/gc_sc/InNumber.pl
/usr/lib/perl5/5.8/unicore/lib/gc_sc/InOgham.pl
/usr/lib/perl5/5.8/unicore/lib/gc_sc/InOldIta.pl
/usr/lib/perl5/5.8/unicore/lib/gc_sc/InOldPer.pl
/usr/lib/perl5/5.8/unicore/lib/gc_sc/InOptica.pl
/usr/lib/perl5/5.8/unicore/lib/gc_sc/InOriya.pl
/usr/lib/perl5/5.8/unicore/lib/gc_sc/InOsmany.pl
/usr/lib/perl5/5.8/unicore/lib/gc_sc/InPhone2.pl
/usr/lib/perl5/5.8/unicore/lib/gc_sc/InPhonet.pl
/usr/lib/perl5/5.8/unicore/lib/gc_sc/InPrivat.pl
/usr/lib/perl5/5.8/unicore/lib/gc_sc/InRunic.pl
/usr/lib/perl5/5.8/unicore/lib/gc_sc/InShavia.pl
/usr/lib/perl5/5.8/unicore/lib/gc_sc/InSinhal.pl
/usr/lib/perl5/5.8/unicore/lib/gc_sc/InSmallF.pl
/usr/lib/perl5/5.8/unicore/lib/gc_sc/InSpacin.pl
/usr/lib/perl5/5.8/unicore/lib/gc_sc/InSpecia.pl
/usr/lib/perl5/5.8/unicore/lib/gc_sc/InSupers.pl
/usr/lib/perl5/5.8/unicore/lib/gc_sc/InSuppl2.pl
/usr/lib/perl5/5.8/unicore/lib/gc_sc/InSuppl3.pl
/usr/lib/perl5/5.8/unicore/lib/gc_sc/InSuppl4.pl
/usr/lib/perl5/5.8/unicore/lib/gc_sc/InSuppl5.pl
/usr/lib/perl5/5.8/unicore/lib/gc_sc/InSuppl6.pl
/usr/lib/perl5/5.8/unicore/lib/gc_sc/InSupple.pl
/usr/lib/perl5/5.8/unicore/lib/gc_sc/InSyloti.pl
/usr/lib/perl5/5.8/unicore/lib/gc_sc/InSyriac.pl
/usr/lib/perl5/5.8/unicore/lib/gc_sc/InTagalo.pl
/usr/lib/perl5/5.8/unicore/lib/gc_sc/InTagban.pl
/usr/lib/perl5/5.8/unicore/lib/gc_sc/InTags.pl
/usr/lib/perl5/5.8/unicore/lib/gc_sc/InTaiLe.pl
/usr/lib/perl5/5.8/unicore/lib/gc_sc/InTaiXua.pl
/usr/lib/perl5/5.8/unicore/lib/gc_sc/InTamil.pl
/usr/lib/perl5/5.8/unicore/lib/gc_sc/InTelugu.pl
/usr/lib/perl5/5.8/unicore/lib/gc_sc/InThaana.pl
/usr/lib/perl5/5.8/unicore/lib/gc_sc/InThai.pl
/usr/lib/perl5/5.8/unicore/lib/gc_sc/InTibeta.pl
/usr/lib/perl5/5.8/unicore/lib/gc_sc/InTifina.pl
/usr/lib/perl5/5.8/unicore/lib/gc_sc/InUgarit.pl
/usr/lib/perl5/5.8/unicore/lib/gc_sc/InUnifie.pl
/usr/lib/perl5/5.8/unicore/lib/gc_sc/InVaria2.pl
/usr/lib/perl5/5.8/unicore/lib/gc_sc/InVariat.pl
/usr/lib/perl5/5.8/unicore/lib/gc_sc/InVertic.pl
/usr/lib/perl5/5.8/unicore/lib/gc_sc/InYijing.pl
/usr/lib/perl5/5.8/unicore/lib/gc_sc/InYiRadi.pl
/usr/lib/perl5/5.8/unicore/lib/gc_sc/InYiSyll.pl
/usr/lib/perl5/5.8/unicore/lib/gc_sc/JoinC.pl
/usr/lib/perl5/5.8/unicore/lib/gc_sc/JoinCont.pl
/usr/lib/perl5/5.8/unicore/lib/gc_sc/Kana.pl
/usr/lib/perl5/5.8/unicore/lib/gc_sc/Khar.pl
/usr/lib/perl5/5.8/unicore/lib/gc_sc/Khmr.pl
/usr/lib/perl5/5.8/unicore/lib/gc_sc/Knda.pl
/usr/lib/perl5/5.8/unicore/lib/gc_sc/L.pl
/usr/lib/perl5/5.8/unicore/lib/gc_sc/Laoo.pl
/usr/lib/perl5/5.8/unicore/lib/gc_sc/Latn.pl
/usr/lib/perl5/5.8/unicore/lib/gc_sc/LC.pl
/usr/lib/perl5/5.8/unicore/lib/gc_sc/Limb.pl
/usr/lib/perl5/5.8/unicore/lib/gc_sc/LinearB.pl
/usr/lib/perl5/5.8/unicore/lib/gc_sc/Ll.pl
/usr/lib/perl5/5.8/unicore/lib/gc_sc/Lm.pl
/usr/lib/perl5/5.8/unicore/lib/gc_sc/Lo.pl
/usr/lib/perl5/5.8/unicore/lib/gc_sc/LOE.pl
/usr/lib/perl5/5.8/unicore/lib/gc_sc/LogicalO.pl
/usr/lib/perl5/5.8/unicore/lib/gc_sc/Lower.pl
/usr/lib/perl5/5.8/unicore/lib/gc_sc/Lowercas.pl
/usr/lib/perl5/5.8/unicore/lib/gc_sc/Lt.pl
/usr/lib/perl5/5.8/unicore/lib/gc_sc/Lu.pl
/usr/lib/perl5/5.8/unicore/lib/gc_sc/M.pl
/usr/lib/perl5/5.8/unicore/lib/gc_sc/Math.pl
/usr/lib/perl5/5.8/unicore/lib/gc_sc/Mc.pl
/usr/lib/perl5/5.8/unicore/lib/gc_sc/Me.pl
/usr/lib/perl5/5.8/unicore/lib/gc_sc/Mlym.pl
/usr/lib/perl5/5.8/unicore/lib/gc_sc/Mn.pl
/usr/lib/perl5/5.8/unicore/lib/gc_sc/Mong.pl
/usr/lib/perl5/5.8/unicore/lib/gc_sc/Mymr.pl
/usr/lib/perl5/5.8/unicore/lib/gc_sc/N.pl
/usr/lib/perl5/5.8/unicore/lib/gc_sc/NChar.pl
/usr/lib/perl5/5.8/unicore/lib/gc_sc/Nd.pl
/usr/lib/perl5/5.8/unicore/lib/gc_sc/NewTaiLu.pl
/usr/lib/perl5/5.8/unicore/lib/gc_sc/Nl.pl
/usr/lib/perl5/5.8/unicore/lib/gc_sc/No.pl
/usr/lib/perl5/5.8/unicore/lib/gc_sc/Nonchara.pl
/usr/lib/perl5/5.8/unicore/lib/gc_sc/OAlpha.pl
/usr/lib/perl5/5.8/unicore/lib/gc_sc/ODI.pl
/usr/lib/perl5/5.8/unicore/lib/gc_sc/Ogam.pl
/usr/lib/perl5/5.8/unicore/lib/gc_sc/OGrExt.pl
/usr/lib/perl5/5.8/unicore/lib/gc_sc/OIDC.pl
/usr/lib/perl5/5.8/unicore/lib/gc_sc/OIDS.pl
/usr/lib/perl5/5.8/unicore/lib/gc_sc/OldItali.pl
/usr/lib/perl5/5.8/unicore/lib/gc_sc/OldPersi.pl
/usr/lib/perl5/5.8/unicore/lib/gc_sc/OLower.pl
/usr/lib/perl5/5.8/unicore/lib/gc_sc/OMath.pl
/usr/lib/perl5/5.8/unicore/lib/gc_sc/Orya.pl
/usr/lib/perl5/5.8/unicore/lib/gc_sc/Osma.pl
/usr/lib/perl5/5.8/unicore/lib/gc_sc/OtherAlp.pl
/usr/lib/perl5/5.8/unicore/lib/gc_sc/OtherDef.pl
/usr/lib/perl5/5.8/unicore/lib/gc_sc/OtherGra.pl
/usr/lib/perl5/5.8/unicore/lib/gc_sc/OtherIdC.pl
/usr/lib/perl5/5.8/unicore/lib/gc_sc/OtherIdS.pl
/usr/lib/perl5/5.8/unicore/lib/gc_sc/OtherLow.pl
/usr/lib/perl5/5.8/unicore/lib/gc_sc/OtherMat.pl
/usr/lib/perl5/5.8/unicore/lib/gc_sc/OtherUpp.pl
/usr/lib/perl5/5.8/unicore/lib/gc_sc/OUpper.pl
/usr/lib/perl5/5.8/unicore/lib/gc_sc/P.pl
/usr/lib/perl5/5.8/unicore/lib/gc_sc/PatSyn.pl
/usr/lib/perl5/5.8/unicore/lib/gc_sc/PatternS.pl
/usr/lib/perl5/5.8/unicore/lib/gc_sc/PatternW.pl
/usr/lib/perl5/5.8/unicore/lib/gc_sc/PatWS.pl
/usr/lib/perl5/5.8/unicore/lib/gc_sc/Pc.pl
/usr/lib/perl5/5.8/unicore/lib/gc_sc/Pd.pl
/usr/lib/perl5/5.8/unicore/lib/gc_sc/Pe.pl
/usr/lib/perl5/5.8/unicore/lib/gc_sc/Pf.pl
/usr/lib/perl5/5.8/unicore/lib/gc_sc/Pi.pl
/usr/lib/perl5/5.8/unicore/lib/gc_sc/Po.pl
/usr/lib/perl5/5.8/unicore/lib/gc_sc/Print.pl
/usr/lib/perl5/5.8/unicore/lib/gc_sc/Ps.pl
/usr/lib/perl5/5.8/unicore/lib/gc_sc/Punct.pl
/usr/lib/perl5/5.8/unicore/lib/gc_sc/Qaai.pl
/usr/lib/perl5/5.8/unicore/lib/gc_sc/QMark.pl
/usr/lib/perl5/5.8/unicore/lib/gc_sc/Quotatio.pl
/usr/lib/perl5/5.8/unicore/lib/gc_sc/Radical.pl
/usr/lib/perl5/5.8/unicore/lib/gc_sc/Radical2.pl
/usr/lib/perl5/5.8/unicore/lib/gc_sc/Runr.pl
/usr/lib/perl5/5.8/unicore/lib/gc_sc/S.pl
/usr/lib/perl5/5.8/unicore/lib/gc_sc/Sc.pl
/usr/lib/perl5/5.8/unicore/lib/gc_sc/SD.pl
/usr/lib/perl5/5.8/unicore/lib/gc_sc/Shaw.pl
/usr/lib/perl5/5.8/unicore/lib/gc_sc/Sinh.pl
/usr/lib/perl5/5.8/unicore/lib/gc_sc/Sk.pl
/usr/lib/perl5/5.8/unicore/lib/gc_sc/Sm.pl
/usr/lib/perl5/5.8/unicore/lib/gc_sc/So.pl
/usr/lib/perl5/5.8/unicore/lib/gc_sc/SoftDott.pl
/usr/lib/perl5/5.8/unicore/lib/gc_sc/Space.pl
/usr/lib/perl5/5.8/unicore/lib/gc_sc/SpacePer.pl
/usr/lib/perl5/5.8/unicore/lib/gc_sc/STerm.pl
/usr/lib/perl5/5.8/unicore/lib/gc_sc/Sterm2.pl
/usr/lib/perl5/5.8/unicore/lib/gc_sc/SylotiNa.pl
/usr/lib/perl5/5.8/unicore/lib/gc_sc/Syrc.pl
/usr/lib/perl5/5.8/unicore/lib/gc_sc/Tagb.pl
/usr/lib/perl5/5.8/unicore/lib/gc_sc/TaiLe.pl
/usr/lib/perl5/5.8/unicore/lib/gc_sc/Taml.pl
/usr/lib/perl5/5.8/unicore/lib/gc_sc/Telu.pl
/usr/lib/perl5/5.8/unicore/lib/gc_sc/Term.pl
/usr/lib/perl5/5.8/unicore/lib/gc_sc/Terminal.pl
/usr/lib/perl5/5.8/unicore/lib/gc_sc/Tfng.pl
/usr/lib/perl5/5.8/unicore/lib/gc_sc/Tglg.pl
/usr/lib/perl5/5.8/unicore/lib/gc_sc/Thaa.pl
/usr/lib/perl5/5.8/unicore/lib/gc_sc/Thai.pl
/usr/lib/perl5/5.8/unicore/lib/gc_sc/Tibt.pl
/usr/lib/perl5/5.8/unicore/lib/gc_sc/Title.pl
/usr/lib/perl5/5.8/unicore/lib/gc_sc/Ugar.pl
/usr/lib/perl5/5.8/unicore/lib/gc_sc/UIdeo.pl
/usr/lib/perl5/5.8/unicore/lib/gc_sc/UnifiedI.pl
/usr/lib/perl5/5.8/unicore/lib/gc_sc/Upper.pl
/usr/lib/perl5/5.8/unicore/lib/gc_sc/Uppercas.pl
/usr/lib/perl5/5.8/unicore/lib/gc_sc/Variatio.pl
/usr/lib/perl5/5.8/unicore/lib/gc_sc/VS.pl
/usr/lib/perl5/5.8/unicore/lib/gc_sc/WhiteSpa.pl
/usr/lib/perl5/5.8/unicore/lib/gc_sc/Word.pl
/usr/lib/perl5/5.8/unicore/lib/gc_sc/WSpace.pl
/usr/lib/perl5/5.8/unicore/lib/gc_sc/XDigit.pl
/usr/lib/perl5/5.8/unicore/lib/gc_sc/Yiii.pl
/usr/lib/perl5/5.8/unicore/lib/gc_sc/Z.pl
/usr/lib/perl5/5.8/unicore/lib/gc_sc/Zl.pl
/usr/lib/perl5/5.8/unicore/lib/gc_sc/Zp.pl
/usr/lib/perl5/5.8/unicore/lib/gc_sc/Zs.pl
/usr/lib/perl5/5.8/unicore/lib/gc_sc/Zyyy.pl
/usr/lib/perl5/5.8/unicore/lib/gc_sc/_CanonDC.pl
/usr/lib/perl5/5.8/unicore/lib/gc_sc/_CaseIgn.pl
/usr/lib/perl5/5.8/unicore/lib/gc_sc/_CombAbo.pl
/usr/lib/perl5/5.8/unicore/lib/hst/L.pl
/usr/lib/perl5/5.8/unicore/lib/hst/LV.pl
/usr/lib/perl5/5.8/unicore/lib/hst/LVT.pl
/usr/lib/perl5/5.8/unicore/lib/hst/T.pl
/usr/lib/perl5/5.8/unicore/lib/hst/V.pl
/usr/lib/perl5/5.8/unicore/lib/jt/C.pl
/usr/lib/perl5/5.8/unicore/lib/jt/D.pl
/usr/lib/perl5/5.8/unicore/lib/jt/R.pl
/usr/lib/perl5/5.8/unicore/lib/jt/U.pl
/usr/lib/perl5/5.8/unicore/lib/lb/AI.pl
/usr/lib/perl5/5.8/unicore/lib/lb/AL.pl
/usr/lib/perl5/5.8/unicore/lib/lb/B2.pl
/usr/lib/perl5/5.8/unicore/lib/lb/BA.pl
/usr/lib/perl5/5.8/unicore/lib/lb/BB.pl
/usr/lib/perl5/5.8/unicore/lib/lb/BK.pl
/usr/lib/perl5/5.8/unicore/lib/lb/CB.pl
/usr/lib/perl5/5.8/unicore/lib/lb/CL.pl
/usr/lib/perl5/5.8/unicore/lib/lb/CM.pl
/usr/lib/perl5/5.8/unicore/lib/lb/CR.pl
/usr/lib/perl5/5.8/unicore/lib/lb/EX.pl
/usr/lib/perl5/5.8/unicore/lib/lb/GL.pl
/usr/lib/perl5/5.8/unicore/lib/lb/H2.pl
/usr/lib/perl5/5.8/unicore/lib/lb/H3.pl
/usr/lib/perl5/5.8/unicore/lib/lb/HY.pl
/usr/lib/perl5/5.8/unicore/lib/lb/ID.pl
/usr/lib/perl5/5.8/unicore/lib/lb/IN.pl
/usr/lib/perl5/5.8/unicore/lib/lb/IS.pl
/usr/lib/perl5/5.8/unicore/lib/lb/JL.pl
/usr/lib/perl5/5.8/unicore/lib/lb/JT.pl
/usr/lib/perl5/5.8/unicore/lib/lb/JV.pl
/usr/lib/perl5/5.8/unicore/lib/lb/LF.pl
/usr/lib/perl5/5.8/unicore/lib/lb/NL.pl
/usr/lib/perl5/5.8/unicore/lib/lb/NS.pl
/usr/lib/perl5/5.8/unicore/lib/lb/NU.pl
/usr/lib/perl5/5.8/unicore/lib/lb/OP.pl
/usr/lib/perl5/5.8/unicore/lib/lb/PO.pl
/usr/lib/perl5/5.8/unicore/lib/lb/PR.pl
/usr/lib/perl5/5.8/unicore/lib/lb/QU.pl
/usr/lib/perl5/5.8/unicore/lib/lb/SA.pl
/usr/lib/perl5/5.8/unicore/lib/lb/SG.pl
/usr/lib/perl5/5.8/unicore/lib/lb/SP.pl
/usr/lib/perl5/5.8/unicore/lib/lb/SY.pl
/usr/lib/perl5/5.8/unicore/lib/lb/WJ.pl
/usr/lib/perl5/5.8/unicore/lib/lb/XX.pl
/usr/lib/perl5/5.8/unicore/lib/lb/ZW.pl
/usr/lib/perl5/5.8/unicore/lib/nt/De.pl
/usr/lib/perl5/5.8/unicore/lib/nt/Di.pl
/usr/lib/perl5/5.8/unicore/lib/nt/Nu.pl
/usr/lib/perl5/5.8/unicore/LineBreak.txt
/usr/lib/perl5/5.8/unicore/mktables
/usr/lib/perl5/5.8/unicore/mktables.lst
/usr/lib/perl5/5.8/unicore/Name.pl
/usr/lib/perl5/5.8/unicore/NamedSequences.txt
/usr/lib/perl5/5.8/unicore/NamesList.txt
/usr/lib/perl5/5.8/unicore/NormalizationCorrections.txt
/usr/lib/perl5/5.8/unicore/Properties
/usr/lib/perl5/5.8/unicore/PropertyAliases.txt
/usr/lib/perl5/5.8/unicore/PropList.txt
/usr/lib/perl5/5.8/unicore/PropValueAliases.txt
/usr/lib/perl5/5.8/unicore/PVA.pl
/usr/lib/perl5/5.8/unicore/ReadMe.txt
/usr/lib/perl5/5.8/unicore/Scripts.txt
/usr/lib/perl5/5.8/unicore/SpecialCasing.txt
/usr/lib/perl5/5.8/unicore/StandardizedVariants.txt
/usr/lib/perl5/5.8/unicore/To/Digit.pl
/usr/lib/perl5/5.8/unicore/To/Fold.pl
/usr/lib/perl5/5.8/unicore/To/Lower.pl
/usr/lib/perl5/5.8/unicore/To/Title.pl
/usr/lib/perl5/5.8/unicore/To/Upper.pl
/usr/lib/perl5/5.8/unicore/UnicodeData.txt
/usr/lib/perl5/5.8/unicore/version
/usr/lib/perl5/5.8/UNIVERSAL.pm
/usr/lib/perl5/5.8/User/grent.pm
/usr/lib/perl5/5.8/User/pwent.pm
/usr/lib/perl5/5.8/utf8.pm
/usr/lib/perl5/5.8/utf8_heavy.pl
/usr/lib/perl5/5.8/validate.pl
/usr/lib/perl5/5.8/vars.pm
/usr/lib/perl5/5.8/vmsish.pm
/usr/lib/perl5/5.8/warnings/register.pm
/usr/lib/perl5/5.8/warnings.pm
/usr/lib/perl5/vendor_perl/5.8/Archive/Tar/Constant.pm
/usr/lib/perl5/vendor_perl/5.8/Archive/Tar/File.pm
/usr/lib/perl5/vendor_perl/5.8/Archive/Tar.pm
/usr/lib/perl5/vendor_perl/5.8/Archive/Zip/Archive.pm
/usr/lib/perl5/vendor_perl/5.8/Archive/Zip/BufferedFileHandle.pm
/usr/lib/perl5/vendor_perl/5.8/Archive/Zip/DirectoryMember.pm
/usr/lib/perl5/vendor_perl/5.8/Archive/Zip/FAQ.pod
/usr/lib/perl5/vendor_perl/5.8/Archive/Zip/FileMember.pm
/usr/lib/perl5/vendor_perl/5.8/Archive/Zip/Member.pm
/usr/lib/perl5/vendor_perl/5.8/Archive/Zip/MemberRead.pm
/usr/lib/perl5/vendor_perl/5.8/Archive/Zip/MockFileHandle.pm
/usr/lib/perl5/vendor_perl/5.8/Archive/Zip/NewFileMember.pm
/usr/lib/perl5/vendor_perl/5.8/Archive/Zip/StringMember.pm
/usr/lib/perl5/vendor_perl/5.8/Archive/Zip/Tree.pm
/usr/lib/perl5/vendor_perl/5.8/Archive/Zip/ZipFileMember.pm
/usr/lib/perl5/vendor_perl/5.8/Archive/Zip.pm
/usr/lib/perl5/vendor_perl/5.8/auto/Compress/Zlib/autosplit.ix
/usr/lib/perl5/vendor_perl/5.8/auto/Tee/ptee
/usr/lib/perl5/vendor_perl/5.8/Bundle/LWP.pm
/usr/lib/perl5/vendor_perl/5.8/Compress/Zlib.pm
/usr/lib/perl5/vendor_perl/5.8/Config/Tiny.pm
/usr/lib/perl5/vendor_perl/5.8/CPAN/Admin.pm
/usr/lib/perl5/vendor_perl/5.8/CPAN/Debug.pm
/usr/lib/perl5/vendor_perl/5.8/CPAN/FirstTime.pm
/usr/lib/perl5/vendor_perl/5.8/CPAN/HandleConfig.pm
/usr/lib/perl5/vendor_perl/5.8/CPAN/Kwalify/distroprefs.dd
/usr/lib/perl5/vendor_perl/5.8/CPAN/Kwalify/distroprefs.yml
/usr/lib/perl5/vendor_perl/5.8/CPAN/Kwalify.pm
/usr/lib/perl5/vendor_perl/5.8/CPAN/Nox.pm
/usr/lib/perl5/vendor_perl/5.8/CPAN/Queue.pm
/usr/lib/perl5/vendor_perl/5.8/CPAN/Reporter/FAQ.pm
/usr/lib/perl5/vendor_perl/5.8/CPAN/Reporter/FAQ.pod
/usr/lib/perl5/vendor_perl/5.8/CPAN/Reporter.pm
/usr/lib/perl5/vendor_perl/5.8/CPAN/Reporter.pod
/usr/lib/perl5/vendor_perl/5.8/CPAN/Tarzip.pm
/usr/lib/perl5/vendor_perl/5.8/CPAN/Version.pm
/usr/lib/perl5/vendor_perl/5.8/CPAN.pm
/usr/lib/perl5/vendor_perl/5.8/cygwin/Alias.pm
/usr/lib/perl5/vendor_perl/5.8/cygwin/auto/Alias/.packlist
/usr/lib/perl5/vendor_perl/5.8/cygwin/auto/Alias/Alias.bs
/usr/lib/perl5/vendor_perl/5.8/cygwin/auto/Alias/Alias.dll
/usr/lib/perl5/vendor_perl/5.8/cygwin/auto/Alias/libAlias.dll.a
/usr/lib/perl5/vendor_perl/5.8/cygwin/auto/Archive/Zip/.packlist
/usr/lib/perl5/vendor_perl/5.8/cygwin/auto/Compress/Bzip2/.packlist
/usr/lib/perl5/vendor_perl/5.8/cygwin/auto/Compress/Bzip2/autosplit.ix
/usr/lib/perl5/vendor_perl/5.8/cygwin/auto/Compress/Bzip2/Bzip2.bs
/usr/lib/perl5/vendor_perl/5.8/cygwin/auto/Compress/Bzip2/Bzip2.dll
/usr/lib/perl5/vendor_perl/5.8/cygwin/auto/Compress/Bzip2/libBzip2.dll.a
/usr/lib/perl5/vendor_perl/5.8/cygwin/auto/Compress/Raw/Bzip2/.packlist
/usr/lib/perl5/vendor_perl/5.8/cygwin/auto/Compress/Raw/Bzip2/autosplit.ix
/usr/lib/perl5/vendor_perl/5.8/cygwin/auto/Compress/Raw/Bzip2/Bzip2.bs
/usr/lib/perl5/vendor_perl/5.8/cygwin/auto/Compress/Raw/Bzip2/Bzip2.dll
/usr/lib/perl5/vendor_perl/5.8/cygwin/auto/Compress/Raw/Bzip2/libBzip2.dll.a
/usr/lib/perl5/vendor_perl/5.8/cygwin/auto/Compress/Raw/Zlib/.packlist
/usr/lib/perl5/vendor_perl/5.8/cygwin/auto/Compress/Raw/Zlib/autosplit.ix
/usr/lib/perl5/vendor_perl/5.8/cygwin/auto/Compress/Raw/Zlib/libZlib.dll.a
/usr/lib/perl5/vendor_perl/5.8/cygwin/auto/Compress/Raw/Zlib/Zlib.bs
/usr/lib/perl5/vendor_perl/5.8/cygwin/auto/Compress/Raw/Zlib/Zlib.dll
/usr/lib/perl5/vendor_perl/5.8/cygwin/auto/Compress/Zlib/.packlist
/usr/lib/perl5/vendor_perl/5.8/cygwin/auto/Config/Tiny/.packlist
/usr/lib/perl5/vendor_perl/5.8/cygwin/auto/CPAN/.packlist
/usr/lib/perl5/vendor_perl/5.8/cygwin/auto/CPAN/Reporter/.packlist
/usr/lib/perl5/vendor_perl/5.8/cygwin/auto/Devel/Symdump/.packlist
/usr/lib/perl5/vendor_perl/5.8/cygwin/auto/Digest/SHA/.packlist
/usr/lib/perl5/vendor_perl/5.8/cygwin/auto/Digest/SHA/libSHA.dll.a
/usr/lib/perl5/vendor_perl/5.8/cygwin/auto/Digest/SHA/SHA.bs
/usr/lib/perl5/vendor_perl/5.8/cygwin/auto/Digest/SHA/SHA.dll
/usr/lib/perl5/vendor_perl/5.8/cygwin/auto/ExtUtils/CBuilder/.packlist
/usr/lib/perl5/vendor_perl/5.8/cygwin/auto/ExtUtils/ParseXS/.packlist
/usr/lib/perl5/vendor_perl/5.8/cygwin/auto/File/Copy/Recursive/.packlist
/usr/lib/perl5/vendor_perl/5.8/cygwin/auto/File/HomeDir/.packlist
/usr/lib/perl5/vendor_perl/5.8/cygwin/auto/File/pushd/.packlist
/usr/lib/perl5/vendor_perl/5.8/cygwin/auto/File/Temp/.packlist
/usr/lib/perl5/vendor_perl/5.8/cygwin/auto/HTML/Parser/.packlist
/usr/lib/perl5/vendor_perl/5.8/cygwin/auto/HTML/Parser/libParser.dll.a
/usr/lib/perl5/vendor_perl/5.8/cygwin/auto/HTML/Parser/Parser.bs
/usr/lib/perl5/vendor_perl/5.8/cygwin/auto/HTML/Parser/Parser.dll
/usr/lib/perl5/vendor_perl/5.8/cygwin/auto/HTML/Tagset/.packlist
/usr/lib/perl5/vendor_perl/5.8/cygwin/auto/IO/CaptureOutput/.packlist
/usr/lib/perl5/vendor_perl/5.8/cygwin/auto/IO/Compress/Base/.packlist
/usr/lib/perl5/vendor_perl/5.8/cygwin/auto/IO/Compress/Bzip2/.packlist
/usr/lib/perl5/vendor_perl/5.8/cygwin/auto/IO/Compress/Zlib/.packlist
/usr/lib/perl5/vendor_perl/5.8/cygwin/auto/IO/String/.packlist
/usr/lib/perl5/vendor_perl/5.8/cygwin/auto/IO/Zlib/.packlist
/usr/lib/perl5/vendor_perl/5.8/cygwin/auto/IPC/Run3/.packlist
/usr/lib/perl5/vendor_perl/5.8/cygwin/auto/LWP/.packlist
/usr/lib/perl5/vendor_perl/5.8/cygwin/auto/Math/BigInt/FastCalc/.packlist
/usr/lib/perl5/vendor_perl/5.8/cygwin/auto/Math/BigInt/FastCalc/FastCalc.bs
/usr/lib/perl5/vendor_perl/5.8/cygwin/auto/Math/BigInt/FastCalc/FastCalc.dll
/usr/lib/perl5/vendor_perl/5.8/cygwin/auto/Math/BigInt/FastCalc/libFastCalc.dll.a
/usr/lib/perl5/vendor_perl/5.8/cygwin/auto/MD5/.packlist
/usr/lib/perl5/vendor_perl/5.8/cygwin/auto/Module/ScanDeps/.packlist
/usr/lib/perl5/vendor_perl/5.8/cygwin/auto/Module/Signature/.packlist
/usr/lib/perl5/vendor_perl/5.8/cygwin/auto/Net/Telnet/.packlist
/usr/lib/perl5/vendor_perl/5.8/cygwin/auto/PadWalker/.packlist
/usr/lib/perl5/vendor_perl/5.8/cygwin/auto/PadWalker/libPadWalker.dll.a
/usr/lib/perl5/vendor_perl/5.8/cygwin/auto/PadWalker/PadWalker.bs
/usr/lib/perl5/vendor_perl/5.8/cygwin/auto/PadWalker/PadWalker.dll
/usr/lib/perl5/vendor_perl/5.8/cygwin/auto/PAR/Dist/.packlist
/usr/lib/perl5/vendor_perl/5.8/cygwin/auto/Pod/.packlist
/usr/lib/perl5/vendor_perl/5.8/cygwin/auto/Pod/Coverage/.packlist
/usr/lib/perl5/vendor_perl/5.8/cygwin/auto/Pod/Escapes/.packlist
/usr/lib/perl5/vendor_perl/5.8/cygwin/auto/Pod/Readme/.packlist
/usr/lib/perl5/vendor_perl/5.8/cygwin/auto/Pod/Simple/.packlist
/usr/lib/perl5/vendor_perl/5.8/cygwin/auto/Probe/Perl/.packlist
/usr/lib/perl5/vendor_perl/5.8/cygwin/auto/Proc/ProcessTable/.packlist
/usr/lib/perl5/vendor_perl/5.8/cygwin/auto/Proc/ProcessTable/libProcessTable.dll.a
/usr/lib/perl5/vendor_perl/5.8/cygwin/auto/Proc/ProcessTable/Process/autosplit.ix
/usr/lib/perl5/vendor_perl/5.8/cygwin/auto/Proc/ProcessTable/ProcessTable.bs
/usr/lib/perl5/vendor_perl/5.8/cygwin/auto/Proc/ProcessTable/ProcessTable.dll
/usr/lib/perl5/vendor_perl/5.8/cygwin/auto/Regexp/Common/.packlist
/usr/lib/perl5/vendor_perl/5.8/cygwin/auto/Tee/.packlist
/usr/lib/perl5/vendor_perl/5.8/cygwin/auto/Term/ReadKey/.packlist
/usr/lib/perl5/vendor_perl/5.8/cygwin/auto/Term/ReadKey/autosplit.ix
/usr/lib/perl5/vendor_perl/5.8/cygwin/auto/Term/ReadKey/libReadKey.dll.a
/usr/lib/perl5/vendor_perl/5.8/cygwin/auto/Term/ReadKey/ReadKey.bs
/usr/lib/perl5/vendor_perl/5.8/cygwin/auto/Term/ReadKey/ReadKey.dll
/usr/lib/perl5/vendor_perl/5.8/cygwin/auto/Term/ReadLine/.packlist
/usr/lib/perl5/vendor_perl/5.8/cygwin/auto/Term/ReadLine/Gnu/.packlist
/usr/lib/perl5/vendor_perl/5.8/cygwin/auto/Term/ReadLine/Gnu/Gnu.bs
/usr/lib/perl5/vendor_perl/5.8/cygwin/auto/Term/ReadLine/Gnu/Gnu.dll
/usr/lib/perl5/vendor_perl/5.8/cygwin/auto/Term/ReadLine/Gnu/libGnu.dll.a
/usr/lib/perl5/vendor_perl/5.8/cygwin/auto/Term/ReadLine/Gnu/XS/autosplit.ix
/usr/lib/perl5/vendor_perl/5.8/cygwin/auto/Test/Pod/.packlist
/usr/lib/perl5/vendor_perl/5.8/cygwin/auto/Test/Pod/Coverage/.packlist
/usr/lib/perl5/vendor_perl/5.8/cygwin/auto/Test/Reporter/.packlist
/usr/lib/perl5/vendor_perl/5.8/cygwin/auto/URI/.packlist
/usr/lib/perl5/vendor_perl/5.8/cygwin/auto/version/.packlist
/usr/lib/perl5/vendor_perl/5.8/cygwin/auto/version/vxs/libvxs.dll.a
/usr/lib/perl5/vendor_perl/5.8/cygwin/auto/version/vxs/vxs.bs
/usr/lib/perl5/vendor_perl/5.8/cygwin/auto/version/vxs/vxs.dll
/usr/lib/perl5/vendor_perl/5.8/cygwin/auto/Win32API/File/.packlist
/usr/lib/perl5/vendor_perl/5.8/cygwin/auto/Win32API/File/File.bs
/usr/lib/perl5/vendor_perl/5.8/cygwin/auto/Win32API/File/File.dll
/usr/lib/perl5/vendor_perl/5.8/cygwin/auto/Win32API/File/libFile.dll.a
/usr/lib/perl5/vendor_perl/5.8/cygwin/auto/XML/LibXML/.packlist
/usr/lib/perl5/vendor_perl/5.8/cygwin/auto/XML/LibXML/Common/.packlist
/usr/lib/perl5/vendor_perl/5.8/cygwin/auto/XML/LibXML/Common/Common.bs
/usr/lib/perl5/vendor_perl/5.8/cygwin/auto/XML/LibXML/Common/Common.dll
/usr/lib/perl5/vendor_perl/5.8/cygwin/auto/XML/LibXML/Common/libCommon.dll.a
/usr/lib/perl5/vendor_perl/5.8/cygwin/auto/XML/LibXML/libLibXML.dll.a
/usr/lib/perl5/vendor_perl/5.8/cygwin/auto/XML/LibXML/LibXML.bs
/usr/lib/perl5/vendor_perl/5.8/cygwin/auto/XML/LibXML/LibXML.dll
/usr/lib/perl5/vendor_perl/5.8/cygwin/auto/XML/NamespaceSupport/.packlist
/usr/lib/perl5/vendor_perl/5.8/cygwin/auto/XML/Parser/.packlist
/usr/lib/perl5/vendor_perl/5.8/cygwin/auto/XML/Parser/Expat/Expat.bs
/usr/lib/perl5/vendor_perl/5.8/cygwin/auto/XML/Parser/Expat/Expat.dll
/usr/lib/perl5/vendor_perl/5.8/cygwin/auto/XML/Parser/Expat/libExpat.dll.a
/usr/lib/perl5/vendor_perl/5.8/cygwin/auto/XML/SAX/.packlist
/usr/lib/perl5/vendor_perl/5.8/cygwin/auto/YAML/.packlist
/usr/lib/perl5/vendor_perl/5.8/cygwin/Compress/Bzip2.pm
/usr/lib/perl5/vendor_perl/5.8/cygwin/Compress/Raw/Bzip2.pm
/usr/lib/perl5/vendor_perl/5.8/cygwin/Compress/Raw/Zlib.pm
/usr/lib/perl5/vendor_perl/5.8/cygwin/Digest/SHA.pm
/usr/lib/perl5/vendor_perl/5.8/cygwin/HTML/Entities.pm
/usr/lib/perl5/vendor_perl/5.8/cygwin/HTML/Filter.pm
/usr/lib/perl5/vendor_perl/5.8/cygwin/HTML/HeadParser.pm
/usr/lib/perl5/vendor_perl/5.8/cygwin/HTML/LinkExtor.pm
/usr/lib/perl5/vendor_perl/5.8/cygwin/HTML/Parser.pm
/usr/lib/perl5/vendor_perl/5.8/cygwin/HTML/PullParser.pm
/usr/lib/perl5/vendor_perl/5.8/cygwin/HTML/TokeParser.pm
/usr/lib/perl5/vendor_perl/5.8/cygwin/Math/BigInt/FastCalc.pm
/usr/lib/perl5/vendor_perl/5.8/cygwin/PadWalker.pm
/usr/lib/perl5/vendor_perl/5.8/cygwin/Proc/example.pl
/usr/lib/perl5/vendor_perl/5.8/cygwin/Proc/Killall.pm
/usr/lib/perl5/vendor_perl/5.8/cygwin/Proc/Killfam.pm
/usr/lib/perl5/vendor_perl/5.8/cygwin/Proc/ProcessTable/Process.pm
/usr/lib/perl5/vendor_perl/5.8/cygwin/Proc/ProcessTable.pm
/usr/lib/perl5/vendor_perl/5.8/cygwin/Term/ReadKey.pm
/usr/lib/perl5/vendor_perl/5.8/cygwin/Term/ReadLine/Gnu/euc_jp.pm
/usr/lib/perl5/vendor_perl/5.8/cygwin/Term/ReadLine/Gnu/XS.pm
/usr/lib/perl5/vendor_perl/5.8/cygwin/Term/ReadLine/Gnu.pm
/usr/lib/perl5/vendor_perl/5.8/cygwin/version/vxs.pm
/usr/lib/perl5/vendor_perl/5.8/cygwin/version.pm
/usr/lib/perl5/vendor_perl/5.8/cygwin/version.pod
/usr/lib/perl5/vendor_perl/5.8/cygwin/Win32API/File/cFile.pc
/usr/lib/perl5/vendor_perl/5.8/cygwin/Win32API/File.pm
/usr/lib/perl5/vendor_perl/5.8/cygwin/XML/LibXML/Attr.pod
/usr/lib/perl5/vendor_perl/5.8/cygwin/XML/LibXML/Boolean.pm
/usr/lib/perl5/vendor_perl/5.8/cygwin/XML/LibXML/CDATASection.pod
/usr/lib/perl5/vendor_perl/5.8/cygwin/XML/LibXML/Comment.pod
/usr/lib/perl5/vendor_perl/5.8/cygwin/XML/LibXML/Common.pm
/usr/lib/perl5/vendor_perl/5.8/cygwin/XML/LibXML/Document.pod
/usr/lib/perl5/vendor_perl/5.8/cygwin/XML/LibXML/DocumentFragment.pod
/usr/lib/perl5/vendor_perl/5.8/cygwin/XML/LibXML/DOM.pod
/usr/lib/perl5/vendor_perl/5.8/cygwin/XML/LibXML/Dtd.pod
/usr/lib/perl5/vendor_perl/5.8/cygwin/XML/LibXML/Element.pod
/usr/lib/perl5/vendor_perl/5.8/cygwin/XML/LibXML/InputCallback.pod
/usr/lib/perl5/vendor_perl/5.8/cygwin/XML/LibXML/Literal.pm
/usr/lib/perl5/vendor_perl/5.8/cygwin/XML/LibXML/Namespace.pod
/usr/lib/perl5/vendor_perl/5.8/cygwin/XML/LibXML/Node.pod
/usr/lib/perl5/vendor_perl/5.8/cygwin/XML/LibXML/NodeList.pm
/usr/lib/perl5/vendor_perl/5.8/cygwin/XML/LibXML/Number.pm
/usr/lib/perl5/vendor_perl/5.8/cygwin/XML/LibXML/Parser.pod
/usr/lib/perl5/vendor_perl/5.8/cygwin/XML/LibXML/PI.pod
/usr/lib/perl5/vendor_perl/5.8/cygwin/XML/LibXML/Reader.pm
/usr/lib/perl5/vendor_perl/5.8/cygwin/XML/LibXML/Reader.pod
/usr/lib/perl5/vendor_perl/5.8/cygwin/XML/LibXML/RelaxNG.pod
/usr/lib/perl5/vendor_perl/5.8/cygwin/XML/LibXML/SAX/Builder.pm
/usr/lib/perl5/vendor_perl/5.8/cygwin/XML/LibXML/SAX/Builder.pod
/usr/lib/perl5/vendor_perl/5.8/cygwin/XML/LibXML/SAX/Generator.pm
/usr/lib/perl5/vendor_perl/5.8/cygwin/XML/LibXML/SAX/Parser.pm
/usr/lib/perl5/vendor_perl/5.8/cygwin/XML/LibXML/SAX.pm
/usr/lib/perl5/vendor_perl/5.8/cygwin/XML/LibXML/SAX.pod
/usr/lib/perl5/vendor_perl/5.8/cygwin/XML/LibXML/Schema.pod
/usr/lib/perl5/vendor_perl/5.8/cygwin/XML/LibXML/Text.pod
/usr/lib/perl5/vendor_perl/5.8/cygwin/XML/LibXML/XPathContext.pm
/usr/lib/perl5/vendor_perl/5.8/cygwin/XML/LibXML/XPathContext.pod
/usr/lib/perl5/vendor_perl/5.8/cygwin/XML/LibXML.pm
/usr/lib/perl5/vendor_perl/5.8/cygwin/XML/LibXML.pod
/usr/lib/perl5/vendor_perl/5.8/cygwin/XML/Parser/Encodings/big5.enc
/usr/lib/perl5/vendor_perl/5.8/cygwin/XML/Parser/Encodings/euc-kr.enc
/usr/lib/perl5/vendor_perl/5.8/cygwin/XML/Parser/Encodings/iso-8859-2.enc
/usr/lib/perl5/vendor_perl/5.8/cygwin/XML/Parser/Encodings/iso-8859-3.enc
/usr/lib/perl5/vendor_perl/5.8/cygwin/XML/Parser/Encodings/iso-8859-4.enc
/usr/lib/perl5/vendor_perl/5.8/cygwin/XML/Parser/Encodings/iso-8859-5.enc
/usr/lib/perl5/vendor_perl/5.8/cygwin/XML/Parser/Encodings/iso-8859-7.enc
/usr/lib/perl5/vendor_perl/5.8/cygwin/XML/Parser/Encodings/iso-8859-8.enc
/usr/lib/perl5/vendor_perl/5.8/cygwin/XML/Parser/Encodings/iso-8859-9.enc
/usr/lib/perl5/vendor_perl/5.8/cygwin/XML/Parser/Encodings/Japanese_Encodings.msg
/usr/lib/perl5/vendor_perl/5.8/cygwin/XML/Parser/Encodings/README
/usr/lib/perl5/vendor_perl/5.8/cygwin/XML/Parser/Encodings/windows-1250.enc
/usr/lib/perl5/vendor_perl/5.8/cygwin/XML/Parser/Encodings/windows-1252.enc
/usr/lib/perl5/vendor_perl/5.8/cygwin/XML/Parser/Encodings/x-euc-jp-jisx0221.enc
/usr/lib/perl5/vendor_perl/5.8/cygwin/XML/Parser/Encodings/x-euc-jp-unicode.enc
/usr/lib/perl5/vendor_perl/5.8/cygwin/XML/Parser/Encodings/x-sjis-cp932.enc
/usr/lib/perl5/vendor_perl/5.8/cygwin/XML/Parser/Encodings/x-sjis-jdk117.enc
/usr/lib/perl5/vendor_perl/5.8/cygwin/XML/Parser/Encodings/x-sjis-jisx0221.enc
/usr/lib/perl5/vendor_perl/5.8/cygwin/XML/Parser/Encodings/x-sjis-unicode.enc
/usr/lib/perl5/vendor_perl/5.8/cygwin/XML/Parser/Expat.pm
/usr/lib/perl5/vendor_perl/5.8/cygwin/XML/Parser/LWPExternEnt.pl
/usr/lib/perl5/vendor_perl/5.8/cygwin/XML/Parser/Style/Debug.pm
/usr/lib/perl5/vendor_perl/5.8/cygwin/XML/Parser/Style/Objects.pm
/usr/lib/perl5/vendor_perl/5.8/cygwin/XML/Parser/Style/Stream.pm
/usr/lib/perl5/vendor_perl/5.8/cygwin/XML/Parser/Style/Subs.pm
/usr/lib/perl5/vendor_perl/5.8/cygwin/XML/Parser/Style/Tree.pm
/usr/lib/perl5/vendor_perl/5.8/cygwin/XML/Parser.pm
/usr/lib/perl5/vendor_perl/5.8/Devel/Symdump/Export.pm
/usr/lib/perl5/vendor_perl/5.8/Devel/Symdump.pm
/usr/lib/perl5/vendor_perl/5.8/ExtUtils/bleadcheck.pl
/usr/lib/perl5/vendor_perl/5.8/ExtUtils/CBuilder/Base.pm
/usr/lib/perl5/vendor_perl/5.8/ExtUtils/CBuilder/Platform/aix.pm
/usr/lib/perl5/vendor_perl/5.8/ExtUtils/CBuilder/Platform/cygwin.pm
/usr/lib/perl5/vendor_perl/5.8/ExtUtils/CBuilder/Platform/darwin.pm
/usr/lib/perl5/vendor_perl/5.8/ExtUtils/CBuilder/Platform/dec_osf.pm
/usr/lib/perl5/vendor_perl/5.8/ExtUtils/CBuilder/Platform/os2.pm
/usr/lib/perl5/vendor_perl/5.8/ExtUtils/CBuilder/Platform/Unix.pm
/usr/lib/perl5/vendor_perl/5.8/ExtUtils/CBuilder/Platform/VMS.pm
/usr/lib/perl5/vendor_perl/5.8/ExtUtils/CBuilder/Platform/Windows.pm
/usr/lib/perl5/vendor_perl/5.8/ExtUtils/CBuilder.pm
/usr/lib/perl5/vendor_perl/5.8/ExtUtils/ParseXS.pm
/usr/lib/perl5/vendor_perl/5.8/ExtUtils/xsubpp
/usr/lib/perl5/vendor_perl/5.8/File/Copy/Recursive.pm
/usr/lib/perl5/vendor_perl/5.8/File/GlobMapper.pm
/usr/lib/perl5/vendor_perl/5.8/File/HomeDir/Darwin.pm
/usr/lib/perl5/vendor_perl/5.8/File/HomeDir/MacOS9.pm
/usr/lib/perl5/vendor_perl/5.8/File/HomeDir/Unix.pm
/usr/lib/perl5/vendor_perl/5.8/File/HomeDir/Windows.pm
/usr/lib/perl5/vendor_perl/5.8/File/HomeDir.pm
/usr/lib/perl5/vendor_perl/5.8/File/Listing.pm
/usr/lib/perl5/vendor_perl/5.8/File/pushd.pm
/usr/lib/perl5/vendor_perl/5.8/File/pushd.pod
/usr/lib/perl5/vendor_perl/5.8/File/Temp.pm
/usr/lib/perl5/vendor_perl/5.8/HTML/Form.pm
/usr/lib/perl5/vendor_perl/5.8/HTML/Tagset.pm
/usr/lib/perl5/vendor_perl/5.8/HTTP/Cookies/Microsoft.pm
/usr/lib/perl5/vendor_perl/5.8/HTTP/Cookies/Netscape.pm
/usr/lib/perl5/vendor_perl/5.8/HTTP/Cookies.pm
/usr/lib/perl5/vendor_perl/5.8/HTTP/Daemon.pm
/usr/lib/perl5/vendor_perl/5.8/HTTP/Date.pm
/usr/lib/perl5/vendor_perl/5.8/HTTP/Headers/Auth.pm
/usr/lib/perl5/vendor_perl/5.8/HTTP/Headers/ETag.pm
/usr/lib/perl5/vendor_perl/5.8/HTTP/Headers/Util.pm
/usr/lib/perl5/vendor_perl/5.8/HTTP/Headers.pm
/usr/lib/perl5/vendor_perl/5.8/HTTP/Message.pm
/usr/lib/perl5/vendor_perl/5.8/HTTP/Negotiate.pm
/usr/lib/perl5/vendor_perl/5.8/HTTP/Request/Common.pm
/usr/lib/perl5/vendor_perl/5.8/HTTP/Request.pm
/usr/lib/perl5/vendor_perl/5.8/HTTP/Response.pm
/usr/lib/perl5/vendor_perl/5.8/HTTP/Status.pm
/usr/lib/perl5/vendor_perl/5.8/IO/CaptureOutput.pm
/usr/lib/perl5/vendor_perl/5.8/IO/Compress/Adapter/Bzip2.pm
/usr/lib/perl5/vendor_perl/5.8/IO/Compress/Adapter/Deflate.pm
/usr/lib/perl5/vendor_perl/5.8/IO/Compress/Adapter/Identity.pm
/usr/lib/perl5/vendor_perl/5.8/IO/Compress/Base/Common.pm
/usr/lib/perl5/vendor_perl/5.8/IO/Compress/Base.pm
/usr/lib/perl5/vendor_perl/5.8/IO/Compress/Bzip2.pm
/usr/lib/perl5/vendor_perl/5.8/IO/Compress/Deflate.pm
/usr/lib/perl5/vendor_perl/5.8/IO/Compress/Gzip/Constants.pm
/usr/lib/perl5/vendor_perl/5.8/IO/Compress/Gzip.pm
/usr/lib/perl5/vendor_perl/5.8/IO/Compress/RawDeflate.pm
/usr/lib/perl5/vendor_perl/5.8/IO/Compress/Zip/Constants.pm
/usr/lib/perl5/vendor_perl/5.8/IO/Compress/Zip.pm
/usr/lib/perl5/vendor_perl/5.8/IO/Compress/Zlib/Constants.pm
/usr/lib/perl5/vendor_perl/5.8/IO/Compress/Zlib/Extra.pm
/usr/lib/perl5/vendor_perl/5.8/IO/String.pm
/usr/lib/perl5/vendor_perl/5.8/IO/Uncompress/Adapter/Bunzip2.pm
/usr/lib/perl5/vendor_perl/5.8/IO/Uncompress/Adapter/Identity.pm
/usr/lib/perl5/vendor_perl/5.8/IO/Uncompress/Adapter/Inflate.pm
/usr/lib/perl5/vendor_perl/5.8/IO/Uncompress/AnyInflate.pm
/usr/lib/perl5/vendor_perl/5.8/IO/Uncompress/AnyUncompress.pm
/usr/lib/perl5/vendor_perl/5.8/IO/Uncompress/Base.pm
/usr/lib/perl5/vendor_perl/5.8/IO/Uncompress/Bunzip2.pm
/usr/lib/perl5/vendor_perl/5.8/IO/Uncompress/Gunzip.pm
/usr/lib/perl5/vendor_perl/5.8/IO/Uncompress/Inflate.pm
/usr/lib/perl5/vendor_perl/5.8/IO/Uncompress/RawInflate.pm
/usr/lib/perl5/vendor_perl/5.8/IO/Uncompress/Unzip.pm
/usr/lib/perl5/vendor_perl/5.8/IO/Zlib.pm
/usr/lib/perl5/vendor_perl/5.8/IPC/Run3/ProfArrayBuffer.pm
/usr/lib/perl5/vendor_perl/5.8/IPC/Run3/ProfLogger.pm
/usr/lib/perl5/vendor_perl/5.8/IPC/Run3/ProfLogReader.pm
/usr/lib/perl5/vendor_perl/5.8/IPC/Run3/ProfPP.pm
/usr/lib/perl5/vendor_perl/5.8/IPC/Run3/ProfReporter.pm
/usr/lib/perl5/vendor_perl/5.8/IPC/Run3.pm
/usr/lib/perl5/vendor_perl/5.8/LWP/Authen/Basic.pm
/usr/lib/perl5/vendor_perl/5.8/LWP/Authen/Digest.pm
/usr/lib/perl5/vendor_perl/5.8/LWP/Authen/Ntlm.pm
/usr/lib/perl5/vendor_perl/5.8/LWP/ConnCache.pm
/usr/lib/perl5/vendor_perl/5.8/LWP/Debug.pm
/usr/lib/perl5/vendor_perl/5.8/LWP/DebugFile.pm
/usr/lib/perl5/vendor_perl/5.8/LWP/media.types
/usr/lib/perl5/vendor_perl/5.8/LWP/MediaTypes.pm
/usr/lib/perl5/vendor_perl/5.8/LWP/MemberMixin.pm
/usr/lib/perl5/vendor_perl/5.8/LWP/Protocol/cpan.pm
/usr/lib/perl5/vendor_perl/5.8/LWP/Protocol/data.pm
/usr/lib/perl5/vendor_perl/5.8/LWP/Protocol/file.pm
/usr/lib/perl5/vendor_perl/5.8/LWP/Protocol/ftp.pm
/usr/lib/perl5/vendor_perl/5.8/LWP/Protocol/GHTTP.pm
/usr/lib/perl5/vendor_perl/5.8/LWP/Protocol/gopher.pm
/usr/lib/perl5/vendor_perl/5.8/LWP/Protocol/http.pm
/usr/lib/perl5/vendor_perl/5.8/LWP/Protocol/http10.pm
/usr/lib/perl5/vendor_perl/5.8/LWP/Protocol/https.pm
/usr/lib/perl5/vendor_perl/5.8/LWP/Protocol/https10.pm
/usr/lib/perl5/vendor_perl/5.8/LWP/Protocol/loopback.pm
/usr/lib/perl5/vendor_perl/5.8/LWP/Protocol/mailto.pm
/usr/lib/perl5/vendor_perl/5.8/LWP/Protocol/nntp.pm
/usr/lib/perl5/vendor_perl/5.8/LWP/Protocol/nogo.pm
/usr/lib/perl5/vendor_perl/5.8/LWP/Protocol.pm
/usr/lib/perl5/vendor_perl/5.8/LWP/RobotUA.pm
/usr/lib/perl5/vendor_perl/5.8/LWP/Simple.pm
/usr/lib/perl5/vendor_perl/5.8/LWP/UserAgent.pm
/usr/lib/perl5/vendor_perl/5.8/LWP.pm
/usr/lib/perl5/vendor_perl/5.8/lwpcook.pod
/usr/lib/perl5/vendor_perl/5.8/lwptut.pod
/usr/lib/perl5/vendor_perl/5.8/MD5.pm
/usr/lib/perl5/vendor_perl/5.8/Module/ScanDeps/DataFeed.pm
/usr/lib/perl5/vendor_perl/5.8/Module/ScanDeps.pm
/usr/lib/perl5/vendor_perl/5.8/Module/Signature.pm
/usr/lib/perl5/vendor_perl/5.8/Net/HTTP/Methods.pm
/usr/lib/perl5/vendor_perl/5.8/Net/HTTP/NB.pm
/usr/lib/perl5/vendor_perl/5.8/Net/HTTP.pm
/usr/lib/perl5/vendor_perl/5.8/Net/HTTPS.pm
/usr/lib/perl5/vendor_perl/5.8/Net/Telnet.pm
/usr/lib/perl5/vendor_perl/5.8/PAR/Dist.pm
/usr/lib/perl5/vendor_perl/5.8/perlpod.pod
/usr/lib/perl5/vendor_perl/5.8/perlpodspec.pod
/usr/lib/perl5/vendor_perl/5.8/Pod/Coverage/CountParents.pm
/usr/lib/perl5/vendor_perl/5.8/Pod/Coverage/ExportOnly.pm
/usr/lib/perl5/vendor_perl/5.8/Pod/Coverage/Overloader.pm
/usr/lib/perl5/vendor_perl/5.8/Pod/Coverage.pm
/usr/lib/perl5/vendor_perl/5.8/Pod/Escapes.pm
/usr/lib/perl5/vendor_perl/5.8/Pod/Man.pm
/usr/lib/perl5/vendor_perl/5.8/Pod/ParseLink.pm
/usr/lib/perl5/vendor_perl/5.8/Pod/Readme.pm
/usr/lib/perl5/vendor_perl/5.8/Pod/Simple/BlackBox.pm
/usr/lib/perl5/vendor_perl/5.8/Pod/Simple/Checker.pm
/usr/lib/perl5/vendor_perl/5.8/Pod/Simple/Debug.pm
/usr/lib/perl5/vendor_perl/5.8/Pod/Simple/DumpAsText.pm
/usr/lib/perl5/vendor_perl/5.8/Pod/Simple/DumpAsXML.pm
/usr/lib/perl5/vendor_perl/5.8/Pod/Simple/HTML.pm
/usr/lib/perl5/vendor_perl/5.8/Pod/Simple/HTMLBatch.pm
/usr/lib/perl5/vendor_perl/5.8/Pod/Simple/HTMLLegacy.pm
/usr/lib/perl5/vendor_perl/5.8/Pod/Simple/LinkSection.pm
/usr/lib/perl5/vendor_perl/5.8/Pod/Simple/Methody.pm
/usr/lib/perl5/vendor_perl/5.8/Pod/Simple/Progress.pm
/usr/lib/perl5/vendor_perl/5.8/Pod/Simple/PullParser.pm
/usr/lib/perl5/vendor_perl/5.8/Pod/Simple/PullParserEndToken.pm
/usr/lib/perl5/vendor_perl/5.8/Pod/Simple/PullParserStartToken.pm
/usr/lib/perl5/vendor_perl/5.8/Pod/Simple/PullParserTextToken.pm
/usr/lib/perl5/vendor_perl/5.8/Pod/Simple/PullParserToken.pm
/usr/lib/perl5/vendor_perl/5.8/Pod/Simple/RTF.pm
/usr/lib/perl5/vendor_perl/5.8/Pod/Simple/Search.pm
/usr/lib/perl5/vendor_perl/5.8/Pod/Simple/SimpleTree.pm
/usr/lib/perl5/vendor_perl/5.8/Pod/Simple/Subclassing.pod
/usr/lib/perl5/vendor_perl/5.8/Pod/Simple/Text.pm
/usr/lib/perl5/vendor_perl/5.8/Pod/Simple/TextContent.pm
/usr/lib/perl5/vendor_perl/5.8/Pod/Simple/TiedOutFH.pm
/usr/lib/perl5/vendor_perl/5.8/Pod/Simple/Transcode.pm
/usr/lib/perl5/vendor_perl/5.8/Pod/Simple/TranscodeDumb.pm
/usr/lib/perl5/vendor_perl/5.8/Pod/Simple/TranscodeSmart.pm
/usr/lib/perl5/vendor_perl/5.8/Pod/Simple/XMLOutStream.pm
/usr/lib/perl5/vendor_perl/5.8/Pod/Simple.pm
/usr/lib/perl5/vendor_perl/5.8/Pod/Simple.pod
/usr/lib/perl5/vendor_perl/5.8/Pod/Text/Color.pm
/usr/lib/perl5/vendor_perl/5.8/Pod/Text/Overstrike.pm
/usr/lib/perl5/vendor_perl/5.8/Pod/Text/Termcap.pm
/usr/lib/perl5/vendor_perl/5.8/Pod/Text.pm
/usr/lib/perl5/vendor_perl/5.8/Probe/Perl.pm
/usr/lib/perl5/vendor_perl/5.8/Regexp/Common/balanced.pm
/usr/lib/perl5/vendor_perl/5.8/Regexp/Common/CC.pm
/usr/lib/perl5/vendor_perl/5.8/Regexp/Common/comment.pm
/usr/lib/perl5/vendor_perl/5.8/Regexp/Common/delimited.pm
/usr/lib/perl5/vendor_perl/5.8/Regexp/Common/lingua.pm
/usr/lib/perl5/vendor_perl/5.8/Regexp/Common/list.pm
/usr/lib/perl5/vendor_perl/5.8/Regexp/Common/net.pm
/usr/lib/perl5/vendor_perl/5.8/Regexp/Common/number.pm
/usr/lib/perl5/vendor_perl/5.8/Regexp/Common/profanity.pm
/usr/lib/perl5/vendor_perl/5.8/Regexp/Common/SEN.pm
/usr/lib/perl5/vendor_perl/5.8/Regexp/Common/URI/fax.pm
/usr/lib/perl5/vendor_perl/5.8/Regexp/Common/URI/file.pm
/usr/lib/perl5/vendor_perl/5.8/Regexp/Common/URI/ftp.pm
/usr/lib/perl5/vendor_perl/5.8/Regexp/Common/URI/gopher.pm
/usr/lib/perl5/vendor_perl/5.8/Regexp/Common/URI/http.pm
/usr/lib/perl5/vendor_perl/5.8/Regexp/Common/URI/news.pm
/usr/lib/perl5/vendor_perl/5.8/Regexp/Common/URI/pop.pm
/usr/lib/perl5/vendor_perl/5.8/Regexp/Common/URI/prospero.pm
/usr/lib/perl5/vendor_perl/5.8/Regexp/Common/URI/RFC1035.pm
/usr/lib/perl5/vendor_perl/5.8/Regexp/Common/URI/RFC1738.pm
/usr/lib/perl5/vendor_perl/5.8/Regexp/Common/URI/RFC1808.pm
/usr/lib/perl5/vendor_perl/5.8/Regexp/Common/URI/RFC2384.pm
/usr/lib/perl5/vendor_perl/5.8/Regexp/Common/URI/RFC2396.pm
/usr/lib/perl5/vendor_perl/5.8/Regexp/Common/URI/RFC2806.pm
/usr/lib/perl5/vendor_perl/5.8/Regexp/Common/URI/tel.pm
/usr/lib/perl5/vendor_perl/5.8/Regexp/Common/URI/telnet.pm
/usr/lib/perl5/vendor_perl/5.8/Regexp/Common/URI/tv.pm
/usr/lib/perl5/vendor_perl/5.8/Regexp/Common/URI/wais.pm
/usr/lib/perl5/vendor_perl/5.8/Regexp/Common/URI.pm
/usr/lib/perl5/vendor_perl/5.8/Regexp/Common/whitespace.pm
/usr/lib/perl5/vendor_perl/5.8/Regexp/Common/zip.pm
/usr/lib/perl5/vendor_perl/5.8/Regexp/Common/_support.pm
/usr/lib/perl5/vendor_perl/5.8/Regexp/Common.pm
/usr/lib/perl5/vendor_perl/5.8/Tee.pm
/usr/lib/perl5/vendor_perl/5.8/Tee.pod
/usr/lib/perl5/vendor_perl/5.8/Term/ReadLine/Perl.pm
/usr/lib/perl5/vendor_perl/5.8/Term/ReadLine/readline.pm
/usr/lib/perl5/vendor_perl/5.8/Test/Pod/Coverage.pm
/usr/lib/perl5/vendor_perl/5.8/Test/Pod.pm
/usr/lib/perl5/vendor_perl/5.8/Test/Reporter/Date/Format.pm
/usr/lib/perl5/vendor_perl/5.8/Test/Reporter/Mail/Util.pm
/usr/lib/perl5/vendor_perl/5.8/Test/Reporter/Time/Zone.pm
/usr/lib/perl5/vendor_perl/5.8/Test/Reporter.pm
/usr/lib/perl5/vendor_perl/5.8/Test/YAML.pm
/usr/lib/perl5/vendor_perl/5.8/URI/data.pm
/usr/lib/perl5/vendor_perl/5.8/URI/Escape.pm
/usr/lib/perl5/vendor_perl/5.8/URI/file/Base.pm
/usr/lib/perl5/vendor_perl/5.8/URI/file/FAT.pm
/usr/lib/perl5/vendor_perl/5.8/URI/file/Mac.pm
/usr/lib/perl5/vendor_perl/5.8/URI/file/OS2.pm
/usr/lib/perl5/vendor_perl/5.8/URI/file/QNX.pm
/usr/lib/perl5/vendor_perl/5.8/URI/file/Unix.pm
/usr/lib/perl5/vendor_perl/5.8/URI/file/Win32.pm
/usr/lib/perl5/vendor_perl/5.8/URI/file.pm
/usr/lib/perl5/vendor_perl/5.8/URI/ftp.pm
/usr/lib/perl5/vendor_perl/5.8/URI/gopher.pm
/usr/lib/perl5/vendor_perl/5.8/URI/Heuristic.pm
/usr/lib/perl5/vendor_perl/5.8/URI/http.pm
/usr/lib/perl5/vendor_perl/5.8/URI/https.pm
/usr/lib/perl5/vendor_perl/5.8/URI/ldap.pm
/usr/lib/perl5/vendor_perl/5.8/URI/ldapi.pm
/usr/lib/perl5/vendor_perl/5.8/URI/ldaps.pm
/usr/lib/perl5/vendor_perl/5.8/URI/mailto.pm
/usr/lib/perl5/vendor_perl/5.8/URI/mms.pm
/usr/lib/perl5/vendor_perl/5.8/URI/news.pm
/usr/lib/perl5/vendor_perl/5.8/URI/nntp.pm
/usr/lib/perl5/vendor_perl/5.8/URI/pop.pm
/usr/lib/perl5/vendor_perl/5.8/URI/QueryParam.pm
/usr/lib/perl5/vendor_perl/5.8/URI/rlogin.pm
/usr/lib/perl5/vendor_perl/5.8/URI/rsync.pm
/usr/lib/perl5/vendor_perl/5.8/URI/rtsp.pm
/usr/lib/perl5/vendor_perl/5.8/URI/rtspu.pm
/usr/lib/perl5/vendor_perl/5.8/URI/sip.pm
/usr/lib/perl5/vendor_perl/5.8/URI/sips.pm
/usr/lib/perl5/vendor_perl/5.8/URI/snews.pm
/usr/lib/perl5/vendor_perl/5.8/URI/Split.pm
/usr/lib/perl5/vendor_perl/5.8/URI/ssh.pm
/usr/lib/perl5/vendor_perl/5.8/URI/telnet.pm
/usr/lib/perl5/vendor_perl/5.8/URI/tn3270.pm
/usr/lib/perl5/vendor_perl/5.8/URI/URL.pm
/usr/lib/perl5/vendor_perl/5.8/URI/urn/isbn.pm
/usr/lib/perl5/vendor_perl/5.8/URI/urn/oid.pm
/usr/lib/perl5/vendor_perl/5.8/URI/urn.pm
/usr/lib/perl5/vendor_perl/5.8/URI/WithBase.pm
/usr/lib/perl5/vendor_perl/5.8/URI/_foreign.pm
/usr/lib/perl5/vendor_perl/5.8/URI/_generic.pm
/usr/lib/perl5/vendor_perl/5.8/URI/_ldap.pm
/usr/lib/perl5/vendor_perl/5.8/URI/_login.pm
/usr/lib/perl5/vendor_perl/5.8/URI/_query.pm
/usr/lib/perl5/vendor_perl/5.8/URI/_segment.pm
/usr/lib/perl5/vendor_perl/5.8/URI/_server.pm
/usr/lib/perl5/vendor_perl/5.8/URI/_userpass.pm
/usr/lib/perl5/vendor_perl/5.8/URI.pm
/usr/lib/perl5/vendor_perl/5.8/WWW/RobotRules/AnyDBM_File.pm
/usr/lib/perl5/vendor_perl/5.8/WWW/RobotRules.pm
/usr/lib/perl5/vendor_perl/5.8/XML/NamespaceSupport.pm
/usr/lib/perl5/vendor_perl/5.8/XML/SAX/Base.pm
/usr/lib/perl5/vendor_perl/5.8/XML/SAX/DocumentLocator.pm
/usr/lib/perl5/vendor_perl/5.8/XML/SAX/Exception.pm
/usr/lib/perl5/vendor_perl/5.8/XML/SAX/Intro.pod
/usr/lib/perl5/vendor_perl/5.8/XML/SAX/ParserFactory.pm
/usr/lib/perl5/vendor_perl/5.8/XML/SAX/placeholder.pl
/usr/lib/perl5/vendor_perl/5.8/XML/SAX/PurePerl/DebugHandler.pm
/usr/lib/perl5/vendor_perl/5.8/XML/SAX/PurePerl/DocType.pm
/usr/lib/perl5/vendor_perl/5.8/XML/SAX/PurePerl/DTDDecls.pm
/usr/lib/perl5/vendor_perl/5.8/XML/SAX/PurePerl/EncodingDetect.pm
/usr/lib/perl5/vendor_perl/5.8/XML/SAX/PurePerl/Exception.pm
/usr/lib/perl5/vendor_perl/5.8/XML/SAX/PurePerl/NoUnicodeExt.pm
/usr/lib/perl5/vendor_perl/5.8/XML/SAX/PurePerl/Productions.pm
/usr/lib/perl5/vendor_perl/5.8/XML/SAX/PurePerl/Reader/NoUnicodeExt.pm
/usr/lib/perl5/vendor_perl/5.8/XML/SAX/PurePerl/Reader/Stream.pm
/usr/lib/perl5/vendor_perl/5.8/XML/SAX/PurePerl/Reader/String.pm
/usr/lib/perl5/vendor_perl/5.8/XML/SAX/PurePerl/Reader/UnicodeExt.pm
/usr/lib/perl5/vendor_perl/5.8/XML/SAX/PurePerl/Reader/URI.pm
/usr/lib/perl5/vendor_perl/5.8/XML/SAX/PurePerl/Reader.pm
/usr/lib/perl5/vendor_perl/5.8/XML/SAX/PurePerl/UnicodeExt.pm
/usr/lib/perl5/vendor_perl/5.8/XML/SAX/PurePerl/XMLDecl.pm
/usr/lib/perl5/vendor_perl/5.8/XML/SAX/PurePerl.pm
/usr/lib/perl5/vendor_perl/5.8/XML/SAX.pm
/usr/lib/perl5/vendor_perl/5.8/YAML/Base.pm
/usr/lib/perl5/vendor_perl/5.8/YAML/Dumper/Base.pm
/usr/lib/perl5/vendor_perl/5.8/YAML/Dumper.pm
/usr/lib/perl5/vendor_perl/5.8/YAML/Error.pm
/usr/lib/perl5/vendor_perl/5.8/YAML/Loader/Base.pm
/usr/lib/perl5/vendor_perl/5.8/YAML/Loader.pm
/usr/lib/perl5/vendor_perl/5.8/YAML/Marshall.pm
/usr/lib/perl5/vendor_perl/5.8/YAML/Node.pm
/usr/lib/perl5/vendor_perl/5.8/YAML/Tag.pm
/usr/lib/perl5/vendor_perl/5.8/YAML/Types.pm
/usr/lib/perl5/vendor_perl/5.8/YAML.pm
/usr/share/doc/perl-5.8.8/Artistic
/usr/share/doc/perl-5.8.8/AUTHORS
/usr/share/doc/perl-5.8.8/Changes
/usr/share/doc/perl-5.8.8/Changes5.000
/usr/share/doc/perl-5.8.8/Changes5.001
/usr/share/doc/perl-5.8.8/Changes5.002
/usr/share/doc/perl-5.8.8/Changes5.003
/usr/share/doc/perl-5.8.8/Changes5.004
/usr/share/doc/perl-5.8.8/Changes5.005
/usr/share/doc/perl-5.8.8/Changes5.6
/usr/share/doc/perl-5.8.8/Changes5.8
/usr/share/doc/perl-5.8.8/Changes5.8.1
/usr/share/doc/perl-5.8.8/Changes5.8.2
/usr/share/doc/perl-5.8.8/Changes5.8.3
/usr/share/doc/perl-5.8.8/Changes5.8.4
/usr/share/doc/perl-5.8.8/Changes5.8.5
/usr/share/doc/perl-5.8.8/Changes5.8.6
/usr/share/doc/perl-5.8.8/Changes5.8.7
/usr/share/doc/perl-5.8.8/Copying
/usr/share/doc/perl-5.8.8/README
/usr/share/doc/perl-5.8.8/Todo.micro
/usr/share/doc/Cygwin/perl-5.8.8.README
