# This file is used to check Perl module dependencies.
# Under Cygwin, result of command: cygcheck -l perl | perl -pe 's,\r,,'

/usr/bin/c2ph
/usr/bin/corelist
/usr/bin/cpan
/usr/bin/enc2xs
/usr/bin/encguess
/usr/bin/h2ph
/usr/bin/h2xs
/usr/bin/instmodsh
/usr/bin/json_pp
/usr/bin/libnetcfg
/usr/bin/perlbug
/usr/bin/perldoc
/usr/bin/perlivp
/usr/bin/perlthanks
/usr/bin/piconv
/usr/bin/pl2pm
/usr/bin/pod2html
/usr/bin/pod2man
/usr/bin/pod2text
/usr/bin/pod2usage
/usr/bin/podchecker
/usr/bin/podselect
/usr/bin/prove
/usr/bin/pstruct
/usr/bin/ptar
/usr/bin/ptardiff
/usr/bin/ptargrep
/usr/bin/shasum
/usr/bin/splain
/usr/bin/xsubpp
/usr/bin/zipdetails
/usr/lib/perl5/5.22/AnyDBM_File.pm
/usr/lib/perl5/5.22/App/Cpan.pm
/usr/lib/perl5/5.22/App/Prove/State/Result/Test.pm
/usr/lib/perl5/5.22/App/Prove/State/Result.pm
/usr/lib/perl5/5.22/App/Prove/State.pm
/usr/lib/perl5/5.22/App/Prove.pm
/usr/lib/perl5/5.22/Archive/Tar/Constant.pm
/usr/lib/perl5/5.22/Archive/Tar/File.pm
/usr/lib/perl5/5.22/Archive/Tar.pm
/usr/lib/perl5/5.22/Attribute/Handlers.pm
/usr/lib/perl5/5.22/autodie/exception/system.pm
/usr/lib/perl5/5.22/autodie/exception.pm
/usr/lib/perl5/5.22/autodie/hints.pm
/usr/lib/perl5/5.22/autodie/Scope/Guard.pm
/usr/lib/perl5/5.22/autodie/Scope/GuardStack.pm
/usr/lib/perl5/5.22/autodie/ScopeUtil.pm
/usr/lib/perl5/5.22/autodie/skip.pm
/usr/lib/perl5/5.22/autodie.pm
/usr/lib/perl5/5.22/autouse.pm
/usr/lib/perl5/5.22/Benchmark.pm
/usr/lib/perl5/5.22/bigint.pm
/usr/lib/perl5/5.22/bignum.pm
/usr/lib/perl5/5.22/bigrat.pm
/usr/lib/perl5/5.22/blib.pm
/usr/lib/perl5/5.22/charnames.pm
/usr/lib/perl5/5.22/Compress/Zlib.pm
/usr/lib/perl5/5.22/CORE.pod
/usr/lib/perl5/5.22/CPAN/API/HOWTO.pod
/usr/lib/perl5/5.22/CPAN/Author.pm
/usr/lib/perl5/5.22/CPAN/Bundle.pm
/usr/lib/perl5/5.22/CPAN/CacheMgr.pm
/usr/lib/perl5/5.22/CPAN/Complete.pm
/usr/lib/perl5/5.22/CPAN/Debug.pm
/usr/lib/perl5/5.22/CPAN/DeferredCode.pm
/usr/lib/perl5/5.22/CPAN/Distribution.pm
/usr/lib/perl5/5.22/CPAN/Distroprefs.pm
/usr/lib/perl5/5.22/CPAN/Distrostatus.pm
/usr/lib/perl5/5.22/CPAN/Exception/blocked_urllist.pm
/usr/lib/perl5/5.22/CPAN/Exception/RecursiveDependency.pm
/usr/lib/perl5/5.22/CPAN/Exception/yaml_not_installed.pm
/usr/lib/perl5/5.22/CPAN/Exception/yaml_process_error.pm
/usr/lib/perl5/5.22/CPAN/FirstTime.pm
/usr/lib/perl5/5.22/CPAN/FTP/netrc.pm
/usr/lib/perl5/5.22/CPAN/FTP.pm
/usr/lib/perl5/5.22/CPAN/HandleConfig.pm
/usr/lib/perl5/5.22/CPAN/HTTP/Client.pm
/usr/lib/perl5/5.22/CPAN/HTTP/Credentials.pm
/usr/lib/perl5/5.22/CPAN/Index.pm
/usr/lib/perl5/5.22/CPAN/InfoObj.pm
/usr/lib/perl5/5.22/CPAN/Kwalify/distroprefs.dd
/usr/lib/perl5/5.22/CPAN/Kwalify/distroprefs.yml
/usr/lib/perl5/5.22/CPAN/Kwalify.pm
/usr/lib/perl5/5.22/CPAN/LWP/UserAgent.pm
/usr/lib/perl5/5.22/CPAN/Mirrors.pm
/usr/lib/perl5/5.22/CPAN/Module.pm
/usr/lib/perl5/5.22/CPAN/Nox.pm
/usr/lib/perl5/5.22/CPAN/Plugin/Specfile.pm
/usr/lib/perl5/5.22/CPAN/Plugin.pm
/usr/lib/perl5/5.22/CPAN/Prompt.pm
/usr/lib/perl5/5.22/CPAN/Queue.pm
/usr/lib/perl5/5.22/CPAN/Shell.pm
/usr/lib/perl5/5.22/CPAN/Tarzip.pm
/usr/lib/perl5/5.22/CPAN/URL.pm
/usr/lib/perl5/5.22/CPAN/Version.pm
/usr/lib/perl5/5.22/CPAN.pm
/usr/lib/perl5/5.22/DB.pm
/usr/lib/perl5/5.22/DBM_Filter/compress.pm
/usr/lib/perl5/5.22/DBM_Filter/encode.pm
/usr/lib/perl5/5.22/DBM_Filter/int32.pm
/usr/lib/perl5/5.22/DBM_Filter/null.pm
/usr/lib/perl5/5.22/DBM_Filter/utf8.pm
/usr/lib/perl5/5.22/DBM_Filter.pm
/usr/lib/perl5/5.22/deprecate.pm
/usr/lib/perl5/5.22/Devel/SelfStubber.pm
/usr/lib/perl5/5.22/diagnostics.pm
/usr/lib/perl5/5.22/Dumpvalue.pm
/usr/lib/perl5/5.22/dumpvar.pl
/usr/lib/perl5/5.22/Encode/Changes.e2x
/usr/lib/perl5/5.22/Encode/ConfigLocal_PM.e2x
/usr/lib/perl5/5.22/Encode/encode.h
/usr/lib/perl5/5.22/Encode/Makefile_PL.e2x
/usr/lib/perl5/5.22/Encode/PerlIO.pod
/usr/lib/perl5/5.22/Encode/README.e2x
/usr/lib/perl5/5.22/Encode/Supported.pod
/usr/lib/perl5/5.22/Encode/_PM.e2x
/usr/lib/perl5/5.22/Encode/_T.e2x
/usr/lib/perl5/5.22/encoding/warnings.pm
/usr/lib/perl5/5.22/English.pm
/usr/lib/perl5/5.22/Env.pm
/usr/lib/perl5/5.22/experimental.pm
/usr/lib/perl5/5.22/ExtUtils/CBuilder/Base.pm
/usr/lib/perl5/5.22/ExtUtils/CBuilder/Platform/aix.pm
/usr/lib/perl5/5.22/ExtUtils/CBuilder/Platform/android.pm
/usr/lib/perl5/5.22/ExtUtils/CBuilder/Platform/cygwin.pm
/usr/lib/perl5/5.22/ExtUtils/CBuilder/Platform/darwin.pm
/usr/lib/perl5/5.22/ExtUtils/CBuilder/Platform/dec_osf.pm
/usr/lib/perl5/5.22/ExtUtils/CBuilder/Platform/os2.pm
/usr/lib/perl5/5.22/ExtUtils/CBuilder/Platform/Unix.pm
/usr/lib/perl5/5.22/ExtUtils/CBuilder/Platform/VMS.pm
/usr/lib/perl5/5.22/ExtUtils/CBuilder/Platform/Windows/BCC.pm
/usr/lib/perl5/5.22/ExtUtils/CBuilder/Platform/Windows/GCC.pm
/usr/lib/perl5/5.22/ExtUtils/CBuilder/Platform/Windows/MSVC.pm
/usr/lib/perl5/5.22/ExtUtils/CBuilder/Platform/Windows.pm
/usr/lib/perl5/5.22/ExtUtils/CBuilder.pm
/usr/lib/perl5/5.22/ExtUtils/Command/MM.pm
/usr/lib/perl5/5.22/ExtUtils/Command.pm
/usr/lib/perl5/5.22/ExtUtils/Constant/Base.pm
/usr/lib/perl5/5.22/ExtUtils/Constant/ProxySubs.pm
/usr/lib/perl5/5.22/ExtUtils/Constant/Utils.pm
/usr/lib/perl5/5.22/ExtUtils/Constant/XS.pm
/usr/lib/perl5/5.22/ExtUtils/Constant.pm
/usr/lib/perl5/5.22/ExtUtils/Install.pm
/usr/lib/perl5/5.22/ExtUtils/Installed.pm
/usr/lib/perl5/5.22/ExtUtils/MANIFEST.SKIP
/usr/lib/perl5/5.22/ExtUtils/Mkbootstrap.pm
/usr/lib/perl5/5.22/ExtUtils/Packlist.pm
/usr/lib/perl5/5.22/ExtUtils/ParseXS/Constants.pm
/usr/lib/perl5/5.22/ExtUtils/ParseXS/CountLines.pm
/usr/lib/perl5/5.22/ExtUtils/ParseXS/Eval.pm
/usr/lib/perl5/5.22/ExtUtils/ParseXS/Utilities.pm
/usr/lib/perl5/5.22/ExtUtils/ParseXS.pm
/usr/lib/perl5/5.22/ExtUtils/ParseXS.pod
/usr/lib/perl5/5.22/ExtUtils/testlib.pm
/usr/lib/perl5/5.22/ExtUtils/typemap
/usr/lib/perl5/5.22/ExtUtils/Typemaps/Cmd.pm
/usr/lib/perl5/5.22/ExtUtils/Typemaps/InputMap.pm
/usr/lib/perl5/5.22/ExtUtils/Typemaps/OutputMap.pm
/usr/lib/perl5/5.22/ExtUtils/Typemaps/Type.pm
/usr/lib/perl5/5.22/ExtUtils/Typemaps.pm
/usr/lib/perl5/5.22/ExtUtils/xsubpp
/usr/lib/perl5/5.22/Fatal.pm
/usr/lib/perl5/5.22/FileCache.pm
/usr/lib/perl5/5.22/filetest.pm
/usr/lib/perl5/5.22/Filter/Simple.pm
/usr/lib/perl5/5.22/HTTP/Tiny.pm
/usr/lib/perl5/5.22/if.pm
/usr/lib/perl5/5.22/IO/Compress/Adapter/Bzip2.pm
/usr/lib/perl5/5.22/IO/Compress/Adapter/Deflate.pm
/usr/lib/perl5/5.22/IO/Compress/Adapter/Identity.pm
/usr/lib/perl5/5.22/IO/Compress/Base/Common.pm
/usr/lib/perl5/5.22/IO/Compress/Base.pm
/usr/lib/perl5/5.22/IO/Compress/Bzip2.pm
/usr/lib/perl5/5.22/IO/Compress/Deflate.pm
/usr/lib/perl5/5.22/IO/Compress/FAQ.pod
/usr/lib/perl5/5.22/IO/Compress/Gzip/Constants.pm
/usr/lib/perl5/5.22/IO/Compress/Gzip.pm
/usr/lib/perl5/5.22/IO/Compress/RawDeflate.pm
/usr/lib/perl5/5.22/IO/Compress/Zip/Constants.pm
/usr/lib/perl5/5.22/IO/Compress/Zip.pm
/usr/lib/perl5/5.22/IO/Compress/Zlib/Constants.pm
/usr/lib/perl5/5.22/IO/Compress/Zlib/Extra.pm
/usr/lib/perl5/5.22/IO/Uncompress/Adapter/Bunzip2.pm
/usr/lib/perl5/5.22/IO/Uncompress/Adapter/Identity.pm
/usr/lib/perl5/5.22/IO/Uncompress/Adapter/Inflate.pm
/usr/lib/perl5/5.22/IO/Uncompress/AnyInflate.pm
/usr/lib/perl5/5.22/IO/Uncompress/AnyUncompress.pm
/usr/lib/perl5/5.22/IO/Uncompress/Base.pm
/usr/lib/perl5/5.22/IO/Uncompress/Bunzip2.pm
/usr/lib/perl5/5.22/IO/Uncompress/Gunzip.pm
/usr/lib/perl5/5.22/IO/Uncompress/Inflate.pm
/usr/lib/perl5/5.22/IO/Uncompress/RawInflate.pm
/usr/lib/perl5/5.22/IO/Uncompress/Unzip.pm
/usr/lib/perl5/5.22/IO/Zlib.pm
/usr/lib/perl5/5.22/JSON/PP/Boolean.pm
/usr/lib/perl5/5.22/JSON/PP.pm
/usr/lib/perl5/5.22/less.pm
/usr/lib/perl5/5.22/Locale/Codes/API.pod
/usr/lib/perl5/5.22/Locale/Codes/Changes.pod
/usr/lib/perl5/5.22/Locale/Codes/Constants.pm
/usr/lib/perl5/5.22/Locale/Codes/Constants.pod
/usr/lib/perl5/5.22/Locale/Codes/Country.pm
/usr/lib/perl5/5.22/Locale/Codes/Country.pod
/usr/lib/perl5/5.22/Locale/Codes/Country_Codes.pm
/usr/lib/perl5/5.22/Locale/Codes/Country_Retired.pm
/usr/lib/perl5/5.22/Locale/Codes/Currency.pm
/usr/lib/perl5/5.22/Locale/Codes/Currency.pod
/usr/lib/perl5/5.22/Locale/Codes/Currency_Codes.pm
/usr/lib/perl5/5.22/Locale/Codes/Currency_Retired.pm
/usr/lib/perl5/5.22/Locale/Codes/LangExt.pm
/usr/lib/perl5/5.22/Locale/Codes/LangExt.pod
/usr/lib/perl5/5.22/Locale/Codes/LangExt_Codes.pm
/usr/lib/perl5/5.22/Locale/Codes/LangExt_Retired.pm
/usr/lib/perl5/5.22/Locale/Codes/LangFam.pm
/usr/lib/perl5/5.22/Locale/Codes/LangFam.pod
/usr/lib/perl5/5.22/Locale/Codes/LangFam_Codes.pm
/usr/lib/perl5/5.22/Locale/Codes/LangFam_Retired.pm
/usr/lib/perl5/5.22/Locale/Codes/Language.pm
/usr/lib/perl5/5.22/Locale/Codes/Language.pod
/usr/lib/perl5/5.22/Locale/Codes/Language_Codes.pm
/usr/lib/perl5/5.22/Locale/Codes/Language_Retired.pm
/usr/lib/perl5/5.22/Locale/Codes/LangVar.pm
/usr/lib/perl5/5.22/Locale/Codes/LangVar.pod
/usr/lib/perl5/5.22/Locale/Codes/LangVar_Codes.pm
/usr/lib/perl5/5.22/Locale/Codes/LangVar_Retired.pm
/usr/lib/perl5/5.22/Locale/Codes/Script.pm
/usr/lib/perl5/5.22/Locale/Codes/Script.pod
/usr/lib/perl5/5.22/Locale/Codes/Script_Codes.pm
/usr/lib/perl5/5.22/Locale/Codes/Script_Retired.pm
/usr/lib/perl5/5.22/Locale/Codes.pm
/usr/lib/perl5/5.22/Locale/Codes.pod
/usr/lib/perl5/5.22/Locale/Country.pm
/usr/lib/perl5/5.22/Locale/Country.pod
/usr/lib/perl5/5.22/Locale/Currency.pm
/usr/lib/perl5/5.22/Locale/Currency.pod
/usr/lib/perl5/5.22/Locale/Language.pm
/usr/lib/perl5/5.22/Locale/Language.pod
/usr/lib/perl5/5.22/Locale/Maketext/Cookbook.pod
/usr/lib/perl5/5.22/Locale/Maketext/Guts.pm
/usr/lib/perl5/5.22/Locale/Maketext/GutsLoader.pm
/usr/lib/perl5/5.22/Locale/Maketext/TPJ13.pod
/usr/lib/perl5/5.22/Locale/Maketext.pod
/usr/lib/perl5/5.22/Locale/Script.pm
/usr/lib/perl5/5.22/Locale/Script.pod
/usr/lib/perl5/5.22/Math/BigRat.pm
/usr/lib/perl5/5.22/Math/Complex.pm
/usr/lib/perl5/5.22/Math/Trig.pm
/usr/lib/perl5/5.22/Memoize/AnyDBM_File.pm
/usr/lib/perl5/5.22/Memoize/Expire.pm
/usr/lib/perl5/5.22/Memoize/ExpireFile.pm
/usr/lib/perl5/5.22/Memoize/ExpireTest.pm
/usr/lib/perl5/5.22/Memoize/NDBM_File.pm
/usr/lib/perl5/5.22/Memoize/SDBM_File.pm
/usr/lib/perl5/5.22/Memoize/Storable.pm
/usr/lib/perl5/5.22/Memoize.pm
/usr/lib/perl5/5.22/meta_notation.pm
/usr/lib/perl5/5.22/Net/Cmd.pm
/usr/lib/perl5/5.22/Net/Config.pm
/usr/lib/perl5/5.22/Net/Domain.pm
/usr/lib/perl5/5.22/Net/FTP/A.pm
/usr/lib/perl5/5.22/Net/FTP/dataconn.pm
/usr/lib/perl5/5.22/Net/FTP/E.pm
/usr/lib/perl5/5.22/Net/FTP/I.pm
/usr/lib/perl5/5.22/Net/FTP/L.pm
/usr/lib/perl5/5.22/Net/FTP.pm
/usr/lib/perl5/5.22/Net/hostent.pm
/usr/lib/perl5/5.22/Net/libnetFAQ.pod
/usr/lib/perl5/5.22/Net/netent.pm
/usr/lib/perl5/5.22/Net/Netrc.pm
/usr/lib/perl5/5.22/Net/NNTP.pm
/usr/lib/perl5/5.22/Net/Ping.pm
/usr/lib/perl5/5.22/Net/POP3.pm
/usr/lib/perl5/5.22/Net/protoent.pm
/usr/lib/perl5/5.22/Net/servent.pm
/usr/lib/perl5/5.22/Net/SMTP.pm
/usr/lib/perl5/5.22/Net/Time.pm
/usr/lib/perl5/5.22/NEXT.pm
/usr/lib/perl5/5.22/ok.pm
/usr/lib/perl5/5.22/open.pm
/usr/lib/perl5/5.22/Perl/OSType.pm
/usr/lib/perl5/5.22/perl5db.pl
/usr/lib/perl5/5.22/perlfaq.pm
/usr/lib/perl5/5.22/Pod/Checker.pm
/usr/lib/perl5/5.22/Pod/Functions.pm
/usr/lib/perl5/5.22/Pod/Html.pm
/usr/lib/perl5/5.22/Pod/Man.pm
/usr/lib/perl5/5.22/Pod/ParseLink.pm
/usr/lib/perl5/5.22/Pod/ParseUtils.pm
/usr/lib/perl5/5.22/Pod/Perldoc/BaseTo.pm
/usr/lib/perl5/5.22/Pod/Perldoc/GetOptsOO.pm
/usr/lib/perl5/5.22/Pod/Perldoc/ToANSI.pm
/usr/lib/perl5/5.22/Pod/Perldoc/ToChecker.pm
/usr/lib/perl5/5.22/Pod/Perldoc/ToMan.pm
/usr/lib/perl5/5.22/Pod/Perldoc/ToNroff.pm
/usr/lib/perl5/5.22/Pod/Perldoc/ToPod.pm
/usr/lib/perl5/5.22/Pod/Perldoc/ToRtf.pm
/usr/lib/perl5/5.22/Pod/Perldoc/ToTerm.pm
/usr/lib/perl5/5.22/Pod/Perldoc/ToText.pm
/usr/lib/perl5/5.22/Pod/Perldoc/ToTk.pm
/usr/lib/perl5/5.22/Pod/Perldoc/ToXml.pm
/usr/lib/perl5/5.22/Pod/Perldoc.pm
/usr/lib/perl5/5.22/Pod/PlainText.pm
/usr/lib/perl5/5.22/Pod/Select.pm
/usr/lib/perl5/5.22/Pod/Simple.pod
/usr/lib/perl5/5.22/Pod/Text/Color.pm
/usr/lib/perl5/5.22/Pod/Text/Overstrike.pm
/usr/lib/perl5/5.22/Pod/Text/Termcap.pm
/usr/lib/perl5/5.22/Search/Dict.pm
/usr/lib/perl5/5.22/sigtrap.pm
/usr/lib/perl5/5.22/sort.pm
/usr/lib/perl5/5.22/subs.pm
/usr/lib/perl5/5.22/TAP/Base.pm
/usr/lib/perl5/5.22/TAP/Formatter/Base.pm
/usr/lib/perl5/5.22/TAP/Formatter/Color.pm
/usr/lib/perl5/5.22/TAP/Formatter/Console/ParallelSession.pm
/usr/lib/perl5/5.22/TAP/Formatter/Console/Session.pm
/usr/lib/perl5/5.22/TAP/Formatter/Console.pm
/usr/lib/perl5/5.22/TAP/Formatter/File/Session.pm
/usr/lib/perl5/5.22/TAP/Formatter/File.pm
/usr/lib/perl5/5.22/TAP/Formatter/Session.pm
/usr/lib/perl5/5.22/TAP/Harness/Beyond.pod
/usr/lib/perl5/5.22/TAP/Harness/Env.pm
/usr/lib/perl5/5.22/TAP/Harness.pm
/usr/lib/perl5/5.22/TAP/Object.pm
/usr/lib/perl5/5.22/TAP/Parser/Aggregator.pm
/usr/lib/perl5/5.22/TAP/Parser/Grammar.pm
/usr/lib/perl5/5.22/TAP/Parser/Iterator/Array.pm
/usr/lib/perl5/5.22/TAP/Parser/Iterator/Process.pm
/usr/lib/perl5/5.22/TAP/Parser/Iterator/Stream.pm
/usr/lib/perl5/5.22/TAP/Parser/Iterator.pm
/usr/lib/perl5/5.22/TAP/Parser/IteratorFactory.pm
/usr/lib/perl5/5.22/TAP/Parser/Multiplexer.pm
/usr/lib/perl5/5.22/TAP/Parser/Result/Bailout.pm
/usr/lib/perl5/5.22/TAP/Parser/Result/Comment.pm
/usr/lib/perl5/5.22/TAP/Parser/Result/Plan.pm
/usr/lib/perl5/5.22/TAP/Parser/Result/Pragma.pm
/usr/lib/perl5/5.22/TAP/Parser/Result/Test.pm
/usr/lib/perl5/5.22/TAP/Parser/Result/Unknown.pm
/usr/lib/perl5/5.22/TAP/Parser/Result/Version.pm
/usr/lib/perl5/5.22/TAP/Parser/Result/YAML.pm
/usr/lib/perl5/5.22/TAP/Parser/Result.pm
/usr/lib/perl5/5.22/TAP/Parser/ResultFactory.pm
/usr/lib/perl5/5.22/TAP/Parser/Scheduler/Job.pm
/usr/lib/perl5/5.22/TAP/Parser/Scheduler/Spinner.pm
/usr/lib/perl5/5.22/TAP/Parser/Scheduler.pm
/usr/lib/perl5/5.22/TAP/Parser/Source.pm
/usr/lib/perl5/5.22/TAP/Parser/SourceHandler/Executable.pm
/usr/lib/perl5/5.22/TAP/Parser/SourceHandler/File.pm
/usr/lib/perl5/5.22/TAP/Parser/SourceHandler/Handle.pm
/usr/lib/perl5/5.22/TAP/Parser/SourceHandler/Perl.pm
/usr/lib/perl5/5.22/TAP/Parser/SourceHandler/RawTAP.pm
/usr/lib/perl5/5.22/TAP/Parser/SourceHandler.pm
/usr/lib/perl5/5.22/TAP/Parser/YAMLish/Reader.pm
/usr/lib/perl5/5.22/TAP/Parser/YAMLish/Writer.pm
/usr/lib/perl5/5.22/TAP/Parser.pm
/usr/lib/perl5/5.22/Term/Complete.pm
/usr/lib/perl5/5.22/Term/ReadLine.pm
/usr/lib/perl5/5.22/Test/Harness.pm
/usr/lib/perl5/5.22/Test/Simple.pm
/usr/lib/perl5/5.22/Test/Tester/Capture.pm
/usr/lib/perl5/5.22/Test/Tester/CaptureRunner.pm
/usr/lib/perl5/5.22/Test/Tester/Delegate.pm
/usr/lib/perl5/5.22/Test/Tester.pm
/usr/lib/perl5/5.22/Test/Tutorial.pod
/usr/lib/perl5/5.22/Test/use/ok.pm
/usr/lib/perl5/5.22/Test.pm
/usr/lib/perl5/5.22/Thread/Queue.pm
/usr/lib/perl5/5.22/Thread/Semaphore.pm
/usr/lib/perl5/5.22/Thread.pm
/usr/lib/perl5/5.22/Tie/Array.pm
/usr/lib/perl5/5.22/Tie/File.pm
/usr/lib/perl5/5.22/Tie/Memoize.pm
/usr/lib/perl5/5.22/Tie/RefHash.pm
/usr/lib/perl5/5.22/Tie/Scalar.pm
/usr/lib/perl5/5.22/Tie/SubstrHash.pm
/usr/lib/perl5/5.22/Time/gmtime.pm
/usr/lib/perl5/5.22/Time/localtime.pm
/usr/lib/perl5/5.22/Time/tm.pm
/usr/lib/perl5/5.22/Unicode/Collate/allkeys.txt
/usr/lib/perl5/5.22/Unicode/Collate/CJK/Big5.pm
/usr/lib/perl5/5.22/Unicode/Collate/CJK/GB2312.pm
/usr/lib/perl5/5.22/Unicode/Collate/CJK/JISX0208.pm
/usr/lib/perl5/5.22/Unicode/Collate/CJK/Korean.pm
/usr/lib/perl5/5.22/Unicode/Collate/CJK/Pinyin.pm
/usr/lib/perl5/5.22/Unicode/Collate/CJK/Stroke.pm
/usr/lib/perl5/5.22/Unicode/Collate/CJK/Zhuyin.pm
/usr/lib/perl5/5.22/Unicode/Collate/keys.txt
/usr/lib/perl5/5.22/Unicode/Collate/Locale/af.pl
/usr/lib/perl5/5.22/Unicode/Collate/Locale/ar.pl
/usr/lib/perl5/5.22/Unicode/Collate/Locale/as.pl
/usr/lib/perl5/5.22/Unicode/Collate/Locale/az.pl
/usr/lib/perl5/5.22/Unicode/Collate/Locale/be.pl
/usr/lib/perl5/5.22/Unicode/Collate/Locale/bg.pl
/usr/lib/perl5/5.22/Unicode/Collate/Locale/bn.pl
/usr/lib/perl5/5.22/Unicode/Collate/Locale/ca.pl
/usr/lib/perl5/5.22/Unicode/Collate/Locale/cs.pl
/usr/lib/perl5/5.22/Unicode/Collate/Locale/cy.pl
/usr/lib/perl5/5.22/Unicode/Collate/Locale/da.pl
/usr/lib/perl5/5.22/Unicode/Collate/Locale/de_phone.pl
/usr/lib/perl5/5.22/Unicode/Collate/Locale/ee.pl
/usr/lib/perl5/5.22/Unicode/Collate/Locale/eo.pl
/usr/lib/perl5/5.22/Unicode/Collate/Locale/es.pl
/usr/lib/perl5/5.22/Unicode/Collate/Locale/es_trad.pl
/usr/lib/perl5/5.22/Unicode/Collate/Locale/et.pl
/usr/lib/perl5/5.22/Unicode/Collate/Locale/fa.pl
/usr/lib/perl5/5.22/Unicode/Collate/Locale/fi.pl
/usr/lib/perl5/5.22/Unicode/Collate/Locale/fil.pl
/usr/lib/perl5/5.22/Unicode/Collate/Locale/fi_phone.pl
/usr/lib/perl5/5.22/Unicode/Collate/Locale/fo.pl
/usr/lib/perl5/5.22/Unicode/Collate/Locale/fr.pl
/usr/lib/perl5/5.22/Unicode/Collate/Locale/gu.pl
/usr/lib/perl5/5.22/Unicode/Collate/Locale/ha.pl
/usr/lib/perl5/5.22/Unicode/Collate/Locale/haw.pl
/usr/lib/perl5/5.22/Unicode/Collate/Locale/hi.pl
/usr/lib/perl5/5.22/Unicode/Collate/Locale/hr.pl
/usr/lib/perl5/5.22/Unicode/Collate/Locale/hu.pl
/usr/lib/perl5/5.22/Unicode/Collate/Locale/hy.pl
/usr/lib/perl5/5.22/Unicode/Collate/Locale/ig.pl
/usr/lib/perl5/5.22/Unicode/Collate/Locale/is.pl
/usr/lib/perl5/5.22/Unicode/Collate/Locale/ja.pl
/usr/lib/perl5/5.22/Unicode/Collate/Locale/kk.pl
/usr/lib/perl5/5.22/Unicode/Collate/Locale/kl.pl
/usr/lib/perl5/5.22/Unicode/Collate/Locale/kn.pl
/usr/lib/perl5/5.22/Unicode/Collate/Locale/ko.pl
/usr/lib/perl5/5.22/Unicode/Collate/Locale/kok.pl
/usr/lib/perl5/5.22/Unicode/Collate/Locale/ln.pl
/usr/lib/perl5/5.22/Unicode/Collate/Locale/lt.pl
/usr/lib/perl5/5.22/Unicode/Collate/Locale/lv.pl
/usr/lib/perl5/5.22/Unicode/Collate/Locale/mk.pl
/usr/lib/perl5/5.22/Unicode/Collate/Locale/ml.pl
/usr/lib/perl5/5.22/Unicode/Collate/Locale/mr.pl
/usr/lib/perl5/5.22/Unicode/Collate/Locale/mt.pl
/usr/lib/perl5/5.22/Unicode/Collate/Locale/nb.pl
/usr/lib/perl5/5.22/Unicode/Collate/Locale/nn.pl
/usr/lib/perl5/5.22/Unicode/Collate/Locale/nso.pl
/usr/lib/perl5/5.22/Unicode/Collate/Locale/om.pl
/usr/lib/perl5/5.22/Unicode/Collate/Locale/or.pl
/usr/lib/perl5/5.22/Unicode/Collate/Locale/pa.pl
/usr/lib/perl5/5.22/Unicode/Collate/Locale/pl.pl
/usr/lib/perl5/5.22/Unicode/Collate/Locale/ro.pl
/usr/lib/perl5/5.22/Unicode/Collate/Locale/ru.pl
/usr/lib/perl5/5.22/Unicode/Collate/Locale/sa.pl
/usr/lib/perl5/5.22/Unicode/Collate/Locale/se.pl
/usr/lib/perl5/5.22/Unicode/Collate/Locale/si.pl
/usr/lib/perl5/5.22/Unicode/Collate/Locale/si_dict.pl
/usr/lib/perl5/5.22/Unicode/Collate/Locale/sk.pl
/usr/lib/perl5/5.22/Unicode/Collate/Locale/sl.pl
/usr/lib/perl5/5.22/Unicode/Collate/Locale/sq.pl
/usr/lib/perl5/5.22/Unicode/Collate/Locale/sr.pl
/usr/lib/perl5/5.22/Unicode/Collate/Locale/sv.pl
/usr/lib/perl5/5.22/Unicode/Collate/Locale/sv_refo.pl
/usr/lib/perl5/5.22/Unicode/Collate/Locale/ta.pl
/usr/lib/perl5/5.22/Unicode/Collate/Locale/te.pl
/usr/lib/perl5/5.22/Unicode/Collate/Locale/th.pl
/usr/lib/perl5/5.22/Unicode/Collate/Locale/tn.pl
/usr/lib/perl5/5.22/Unicode/Collate/Locale/to.pl
/usr/lib/perl5/5.22/Unicode/Collate/Locale/tr.pl
/usr/lib/perl5/5.22/Unicode/Collate/Locale/uk.pl
/usr/lib/perl5/5.22/Unicode/Collate/Locale/ur.pl
/usr/lib/perl5/5.22/Unicode/Collate/Locale/vi.pl
/usr/lib/perl5/5.22/Unicode/Collate/Locale/wae.pl
/usr/lib/perl5/5.22/Unicode/Collate/Locale/wo.pl
/usr/lib/perl5/5.22/Unicode/Collate/Locale/yo.pl
/usr/lib/perl5/5.22/Unicode/Collate/Locale/zh.pl
/usr/lib/perl5/5.22/Unicode/Collate/Locale/zh_big5.pl
/usr/lib/perl5/5.22/Unicode/Collate/Locale/zh_gb.pl
/usr/lib/perl5/5.22/Unicode/Collate/Locale/zh_pin.pl
/usr/lib/perl5/5.22/Unicode/Collate/Locale/zh_strk.pl
/usr/lib/perl5/5.22/Unicode/Collate/Locale/zh_zhu.pl
/usr/lib/perl5/5.22/Unicode/Normalize.pm
/usr/lib/perl5/5.22/Unicode/UCD.pm
/usr/lib/perl5/5.22/unicore/Blocks.txt
/usr/lib/perl5/5.22/unicore/CombiningClass.pl
/usr/lib/perl5/5.22/unicore/Decomposition.pl
/usr/lib/perl5/5.22/unicore/lib/Age/NA.pl
/usr/lib/perl5/5.22/unicore/lib/Age/V11.pl
/usr/lib/perl5/5.22/unicore/lib/Age/V20.pl
/usr/lib/perl5/5.22/unicore/lib/Age/V30.pl
/usr/lib/perl5/5.22/unicore/lib/Age/V31.pl
/usr/lib/perl5/5.22/unicore/lib/Age/V32.pl
/usr/lib/perl5/5.22/unicore/lib/Age/V40.pl
/usr/lib/perl5/5.22/unicore/lib/Age/V41.pl
/usr/lib/perl5/5.22/unicore/lib/Age/V50.pl
/usr/lib/perl5/5.22/unicore/lib/Age/V51.pl
/usr/lib/perl5/5.22/unicore/lib/Age/V52.pl
/usr/lib/perl5/5.22/unicore/lib/Age/V60.pl
/usr/lib/perl5/5.22/unicore/lib/Age/V61.pl
/usr/lib/perl5/5.22/unicore/lib/Age/V70.pl
/usr/lib/perl5/5.22/unicore/lib/Alpha/Y.pl
/usr/lib/perl5/5.22/unicore/lib/Bc/AL.pl
/usr/lib/perl5/5.22/unicore/lib/Bc/AN.pl
/usr/lib/perl5/5.22/unicore/lib/Bc/B.pl
/usr/lib/perl5/5.22/unicore/lib/Bc/BN.pl
/usr/lib/perl5/5.22/unicore/lib/Bc/CS.pl
/usr/lib/perl5/5.22/unicore/lib/Bc/EN.pl
/usr/lib/perl5/5.22/unicore/lib/Bc/ES.pl
/usr/lib/perl5/5.22/unicore/lib/Bc/ET.pl
/usr/lib/perl5/5.22/unicore/lib/Bc/L.pl
/usr/lib/perl5/5.22/unicore/lib/Bc/NSM.pl
/usr/lib/perl5/5.22/unicore/lib/Bc/ON.pl
/usr/lib/perl5/5.22/unicore/lib/Bc/R.pl
/usr/lib/perl5/5.22/unicore/lib/Bc/WS.pl
/usr/lib/perl5/5.22/unicore/lib/BidiC/Y.pl
/usr/lib/perl5/5.22/unicore/lib/BidiM/Y.pl
/usr/lib/perl5/5.22/unicore/lib/Blk/NB.pl
/usr/lib/perl5/5.22/unicore/lib/Bpt/C.pl
/usr/lib/perl5/5.22/unicore/lib/Bpt/N.pl
/usr/lib/perl5/5.22/unicore/lib/Bpt/O.pl
/usr/lib/perl5/5.22/unicore/lib/Cased/Y.pl
/usr/lib/perl5/5.22/unicore/lib/Ccc/A.pl
/usr/lib/perl5/5.22/unicore/lib/Ccc/AR.pl
/usr/lib/perl5/5.22/unicore/lib/Ccc/ATAR.pl
/usr/lib/perl5/5.22/unicore/lib/Ccc/B.pl
/usr/lib/perl5/5.22/unicore/lib/Ccc/BR.pl
/usr/lib/perl5/5.22/unicore/lib/Ccc/DB.pl
/usr/lib/perl5/5.22/unicore/lib/Ccc/NK.pl
/usr/lib/perl5/5.22/unicore/lib/Ccc/NR.pl
/usr/lib/perl5/5.22/unicore/lib/Ccc/OV.pl
/usr/lib/perl5/5.22/unicore/lib/Ccc/VR.pl
/usr/lib/perl5/5.22/unicore/lib/CE/Y.pl
/usr/lib/perl5/5.22/unicore/lib/CI/Y.pl
/usr/lib/perl5/5.22/unicore/lib/CompEx/Y.pl
/usr/lib/perl5/5.22/unicore/lib/CWCF/Y.pl
/usr/lib/perl5/5.22/unicore/lib/CWCM/Y.pl
/usr/lib/perl5/5.22/unicore/lib/CWKCF/Y.pl
/usr/lib/perl5/5.22/unicore/lib/CWL/Y.pl
/usr/lib/perl5/5.22/unicore/lib/CWT/Y.pl
/usr/lib/perl5/5.22/unicore/lib/CWU/Y.pl
/usr/lib/perl5/5.22/unicore/lib/Dash/Y.pl
/usr/lib/perl5/5.22/unicore/lib/Dep/Y.pl
/usr/lib/perl5/5.22/unicore/lib/DI/Y.pl
/usr/lib/perl5/5.22/unicore/lib/Dia/Y.pl
/usr/lib/perl5/5.22/unicore/lib/Dt/Com.pl
/usr/lib/perl5/5.22/unicore/lib/Dt/Enc.pl
/usr/lib/perl5/5.22/unicore/lib/Dt/Fin.pl
/usr/lib/perl5/5.22/unicore/lib/Dt/Font.pl
/usr/lib/perl5/5.22/unicore/lib/Dt/Init.pl
/usr/lib/perl5/5.22/unicore/lib/Dt/Iso.pl
/usr/lib/perl5/5.22/unicore/lib/Dt/Med.pl
/usr/lib/perl5/5.22/unicore/lib/Dt/Nar.pl
/usr/lib/perl5/5.22/unicore/lib/Dt/Nb.pl
/usr/lib/perl5/5.22/unicore/lib/Dt/NonCanon.pl
/usr/lib/perl5/5.22/unicore/lib/Dt/Sqr.pl
/usr/lib/perl5/5.22/unicore/lib/Dt/Sub.pl
/usr/lib/perl5/5.22/unicore/lib/Dt/Sup.pl
/usr/lib/perl5/5.22/unicore/lib/Dt/Vert.pl
/usr/lib/perl5/5.22/unicore/lib/Ea/A.pl
/usr/lib/perl5/5.22/unicore/lib/Ea/H.pl
/usr/lib/perl5/5.22/unicore/lib/Ea/N.pl
/usr/lib/perl5/5.22/unicore/lib/Ea/Na.pl
/usr/lib/perl5/5.22/unicore/lib/Ea/W.pl
/usr/lib/perl5/5.22/unicore/lib/Ext/Y.pl
/usr/lib/perl5/5.22/unicore/lib/Gc/C.pl
/usr/lib/perl5/5.22/unicore/lib/Gc/Cf.pl
/usr/lib/perl5/5.22/unicore/lib/Gc/Cn.pl
/usr/lib/perl5/5.22/unicore/lib/Gc/L.pl
/usr/lib/perl5/5.22/unicore/lib/Gc/LC.pl
/usr/lib/perl5/5.22/unicore/lib/Gc/Ll.pl
/usr/lib/perl5/5.22/unicore/lib/Gc/Lm.pl
/usr/lib/perl5/5.22/unicore/lib/Gc/Lo.pl
/usr/lib/perl5/5.22/unicore/lib/Gc/Lu.pl
/usr/lib/perl5/5.22/unicore/lib/Gc/M.pl
/usr/lib/perl5/5.22/unicore/lib/Gc/Mc.pl
/usr/lib/perl5/5.22/unicore/lib/Gc/Me.pl
/usr/lib/perl5/5.22/unicore/lib/Gc/Mn.pl
/usr/lib/perl5/5.22/unicore/lib/Gc/N.pl
/usr/lib/perl5/5.22/unicore/lib/Gc/Nd.pl
/usr/lib/perl5/5.22/unicore/lib/Gc/Nl.pl
/usr/lib/perl5/5.22/unicore/lib/Gc/No.pl
/usr/lib/perl5/5.22/unicore/lib/Gc/P.pl
/usr/lib/perl5/5.22/unicore/lib/Gc/Pd.pl
/usr/lib/perl5/5.22/unicore/lib/Gc/Pe.pl
/usr/lib/perl5/5.22/unicore/lib/Gc/Pf.pl
/usr/lib/perl5/5.22/unicore/lib/Gc/Pi.pl
/usr/lib/perl5/5.22/unicore/lib/Gc/Po.pl
/usr/lib/perl5/5.22/unicore/lib/Gc/Ps.pl
/usr/lib/perl5/5.22/unicore/lib/Gc/S.pl
/usr/lib/perl5/5.22/unicore/lib/Gc/Sc.pl
/usr/lib/perl5/5.22/unicore/lib/Gc/Sk.pl
/usr/lib/perl5/5.22/unicore/lib/Gc/Sm.pl
/usr/lib/perl5/5.22/unicore/lib/Gc/So.pl
/usr/lib/perl5/5.22/unicore/lib/Gc/Z.pl
/usr/lib/perl5/5.22/unicore/lib/Gc/Zs.pl
/usr/lib/perl5/5.22/unicore/lib/GCB/CN.pl
/usr/lib/perl5/5.22/unicore/lib/GCB/EX.pl
/usr/lib/perl5/5.22/unicore/lib/GCB/LV.pl
/usr/lib/perl5/5.22/unicore/lib/GCB/LVT.pl
/usr/lib/perl5/5.22/unicore/lib/GCB/SM.pl
/usr/lib/perl5/5.22/unicore/lib/GCB/XX.pl
/usr/lib/perl5/5.22/unicore/lib/GrBase/Y.pl
/usr/lib/perl5/5.22/unicore/lib/Hex/Y.pl
/usr/lib/perl5/5.22/unicore/lib/Hst/NA.pl
/usr/lib/perl5/5.22/unicore/lib/Hyphen/Y.pl
/usr/lib/perl5/5.22/unicore/lib/IDC/Y.pl
/usr/lib/perl5/5.22/unicore/lib/Ideo/Y.pl
/usr/lib/perl5/5.22/unicore/lib/IDS/Y.pl
/usr/lib/perl5/5.22/unicore/lib/In/2_0.pl
/usr/lib/perl5/5.22/unicore/lib/In/2_1.pl
/usr/lib/perl5/5.22/unicore/lib/In/3_0.pl
/usr/lib/perl5/5.22/unicore/lib/In/3_1.pl
/usr/lib/perl5/5.22/unicore/lib/In/3_2.pl
/usr/lib/perl5/5.22/unicore/lib/In/4_0.pl
/usr/lib/perl5/5.22/unicore/lib/In/4_1.pl
/usr/lib/perl5/5.22/unicore/lib/In/5_0.pl
/usr/lib/perl5/5.22/unicore/lib/In/5_1.pl
/usr/lib/perl5/5.22/unicore/lib/In/5_2.pl
/usr/lib/perl5/5.22/unicore/lib/In/6_0.pl
/usr/lib/perl5/5.22/unicore/lib/In/6_1.pl
/usr/lib/perl5/5.22/unicore/lib/In/6_2.pl
/usr/lib/perl5/5.22/unicore/lib/In/6_3.pl
/usr/lib/perl5/5.22/unicore/lib/In/7_0.pl
/usr/lib/perl5/5.22/unicore/lib/Jg/Ain.pl
/usr/lib/perl5/5.22/unicore/lib/Jg/Alef.pl
/usr/lib/perl5/5.22/unicore/lib/Jg/Beh.pl
/usr/lib/perl5/5.22/unicore/lib/Jg/Dal.pl
/usr/lib/perl5/5.22/unicore/lib/Jg/FarsiYeh.pl
/usr/lib/perl5/5.22/unicore/lib/Jg/Feh.pl
/usr/lib/perl5/5.22/unicore/lib/Jg/Gaf.pl
/usr/lib/perl5/5.22/unicore/lib/Jg/Hah.pl
/usr/lib/perl5/5.22/unicore/lib/Jg/Lam.pl
/usr/lib/perl5/5.22/unicore/lib/Jg/NoJoinin.pl
/usr/lib/perl5/5.22/unicore/lib/Jg/Qaf.pl
/usr/lib/perl5/5.22/unicore/lib/Jg/Reh.pl
/usr/lib/perl5/5.22/unicore/lib/Jg/Sad.pl
/usr/lib/perl5/5.22/unicore/lib/Jg/Seen.pl
/usr/lib/perl5/5.22/unicore/lib/Jg/Waw.pl
/usr/lib/perl5/5.22/unicore/lib/Jg/Yeh.pl
/usr/lib/perl5/5.22/unicore/lib/Jt/C.pl
/usr/lib/perl5/5.22/unicore/lib/Jt/D.pl
/usr/lib/perl5/5.22/unicore/lib/Jt/R.pl
/usr/lib/perl5/5.22/unicore/lib/Jt/T.pl
/usr/lib/perl5/5.22/unicore/lib/Jt/U.pl
/usr/lib/perl5/5.22/unicore/lib/Lb/AI.pl
/usr/lib/perl5/5.22/unicore/lib/Lb/AL.pl
/usr/lib/perl5/5.22/unicore/lib/Lb/BA.pl
/usr/lib/perl5/5.22/unicore/lib/Lb/BB.pl
/usr/lib/perl5/5.22/unicore/lib/Lb/CJ.pl
/usr/lib/perl5/5.22/unicore/lib/Lb/CL.pl
/usr/lib/perl5/5.22/unicore/lib/Lb/CM.pl
/usr/lib/perl5/5.22/unicore/lib/Lb/EX.pl
/usr/lib/perl5/5.22/unicore/lib/Lb/GL.pl
/usr/lib/perl5/5.22/unicore/lib/Lb/ID.pl
/usr/lib/perl5/5.22/unicore/lib/Lb/IS.pl
/usr/lib/perl5/5.22/unicore/lib/Lb/NS.pl
/usr/lib/perl5/5.22/unicore/lib/Lb/OP.pl
/usr/lib/perl5/5.22/unicore/lib/Lb/PO.pl
/usr/lib/perl5/5.22/unicore/lib/Lb/PR.pl
/usr/lib/perl5/5.22/unicore/lib/Lb/QU.pl
/usr/lib/perl5/5.22/unicore/lib/Lb/SA.pl
/usr/lib/perl5/5.22/unicore/lib/Lb/XX.pl
/usr/lib/perl5/5.22/unicore/lib/LOE/Y.pl
/usr/lib/perl5/5.22/unicore/lib/Lower/Y.pl
/usr/lib/perl5/5.22/unicore/lib/Math/Y.pl
/usr/lib/perl5/5.22/unicore/lib/NChar/Y.pl
/usr/lib/perl5/5.22/unicore/lib/NFCQC/M.pl
/usr/lib/perl5/5.22/unicore/lib/NFCQC/Y.pl
/usr/lib/perl5/5.22/unicore/lib/NFDQC/N.pl
/usr/lib/perl5/5.22/unicore/lib/NFDQC/Y.pl
/usr/lib/perl5/5.22/unicore/lib/NFKCQC/N.pl
/usr/lib/perl5/5.22/unicore/lib/NFKCQC/Y.pl
/usr/lib/perl5/5.22/unicore/lib/NFKDQC/N.pl
/usr/lib/perl5/5.22/unicore/lib/NFKDQC/Y.pl
/usr/lib/perl5/5.22/unicore/lib/Nt/Di.pl
/usr/lib/perl5/5.22/unicore/lib/Nt/None.pl
/usr/lib/perl5/5.22/unicore/lib/Nt/Nu.pl
/usr/lib/perl5/5.22/unicore/lib/Nv/0.pl
/usr/lib/perl5/5.22/unicore/lib/Nv/1.pl
/usr/lib/perl5/5.22/unicore/lib/Nv/10.pl
/usr/lib/perl5/5.22/unicore/lib/Nv/100.pl
/usr/lib/perl5/5.22/unicore/lib/Nv/1000.pl
/usr/lib/perl5/5.22/unicore/lib/Nv/10000.pl
/usr/lib/perl5/5.22/unicore/lib/Nv/11.pl
/usr/lib/perl5/5.22/unicore/lib/Nv/12.pl
/usr/lib/perl5/5.22/unicore/lib/Nv/13.pl
/usr/lib/perl5/5.22/unicore/lib/Nv/14.pl
/usr/lib/perl5/5.22/unicore/lib/Nv/15.pl
/usr/lib/perl5/5.22/unicore/lib/Nv/16.pl
/usr/lib/perl5/5.22/unicore/lib/Nv/17.pl
/usr/lib/perl5/5.22/unicore/lib/Nv/18.pl
/usr/lib/perl5/5.22/unicore/lib/Nv/19.pl
/usr/lib/perl5/5.22/unicore/lib/Nv/1_2.pl
/usr/lib/perl5/5.22/unicore/lib/Nv/1_3.pl
/usr/lib/perl5/5.22/unicore/lib/Nv/1_4.pl
/usr/lib/perl5/5.22/unicore/lib/Nv/1_8.pl
/usr/lib/perl5/5.22/unicore/lib/Nv/2.pl
/usr/lib/perl5/5.22/unicore/lib/Nv/20.pl
/usr/lib/perl5/5.22/unicore/lib/Nv/2_3.pl
/usr/lib/perl5/5.22/unicore/lib/Nv/3.pl
/usr/lib/perl5/5.22/unicore/lib/Nv/30.pl
/usr/lib/perl5/5.22/unicore/lib/Nv/300.pl
/usr/lib/perl5/5.22/unicore/lib/Nv/3_4.pl
/usr/lib/perl5/5.22/unicore/lib/Nv/4.pl
/usr/lib/perl5/5.22/unicore/lib/Nv/40.pl
/usr/lib/perl5/5.22/unicore/lib/Nv/5.pl
/usr/lib/perl5/5.22/unicore/lib/Nv/50.pl
/usr/lib/perl5/5.22/unicore/lib/Nv/500.pl
/usr/lib/perl5/5.22/unicore/lib/Nv/5000.pl
/usr/lib/perl5/5.22/unicore/lib/Nv/50000.pl
/usr/lib/perl5/5.22/unicore/lib/Nv/6.pl
/usr/lib/perl5/5.22/unicore/lib/Nv/60.pl
/usr/lib/perl5/5.22/unicore/lib/Nv/7.pl
/usr/lib/perl5/5.22/unicore/lib/Nv/70.pl
/usr/lib/perl5/5.22/unicore/lib/Nv/8.pl
/usr/lib/perl5/5.22/unicore/lib/Nv/80.pl
/usr/lib/perl5/5.22/unicore/lib/Nv/9.pl
/usr/lib/perl5/5.22/unicore/lib/Nv/90.pl
/usr/lib/perl5/5.22/unicore/lib/Nv/900.pl
/usr/lib/perl5/5.22/unicore/lib/PatSyn/Y.pl
/usr/lib/perl5/5.22/unicore/lib/PatWS/Y.pl
/usr/lib/perl5/5.22/unicore/lib/Perl/Alnum.pl
/usr/lib/perl5/5.22/unicore/lib/Perl/Assigned.pl
/usr/lib/perl5/5.22/unicore/lib/Perl/Blank.pl
/usr/lib/perl5/5.22/unicore/lib/Perl/Graph.pl
/usr/lib/perl5/5.22/unicore/lib/Perl/PerlWord.pl
/usr/lib/perl5/5.22/unicore/lib/Perl/PosixPun.pl
/usr/lib/perl5/5.22/unicore/lib/Perl/Print.pl
/usr/lib/perl5/5.22/unicore/lib/Perl/SpacePer.pl
/usr/lib/perl5/5.22/unicore/lib/Perl/Title.pl
/usr/lib/perl5/5.22/unicore/lib/Perl/Word.pl
/usr/lib/perl5/5.22/unicore/lib/Perl/XPosixPu.pl
/usr/lib/perl5/5.22/unicore/lib/Perl/_PerlAny.pl
/usr/lib/perl5/5.22/unicore/lib/Perl/_PerlCh2.pl
/usr/lib/perl5/5.22/unicore/lib/Perl/_PerlCha.pl
/usr/lib/perl5/5.22/unicore/lib/Perl/_PerlFol.pl
/usr/lib/perl5/5.22/unicore/lib/Perl/_PerlIDC.pl
/usr/lib/perl5/5.22/unicore/lib/Perl/_PerlIDS.pl
/usr/lib/perl5/5.22/unicore/lib/Perl/_PerlPr2.pl
/usr/lib/perl5/5.22/unicore/lib/Perl/_PerlPro.pl
/usr/lib/perl5/5.22/unicore/lib/Perl/_PerlQuo.pl
/usr/lib/perl5/5.22/unicore/lib/QMark/Y.pl
/usr/lib/perl5/5.22/unicore/lib/SB/AT.pl
/usr/lib/perl5/5.22/unicore/lib/SB/CL.pl
/usr/lib/perl5/5.22/unicore/lib/SB/EX.pl
/usr/lib/perl5/5.22/unicore/lib/SB/FO.pl
/usr/lib/perl5/5.22/unicore/lib/SB/LE.pl
/usr/lib/perl5/5.22/unicore/lib/SB/LO.pl
/usr/lib/perl5/5.22/unicore/lib/SB/NU.pl
/usr/lib/perl5/5.22/unicore/lib/SB/SC.pl
/usr/lib/perl5/5.22/unicore/lib/SB/Sp.pl
/usr/lib/perl5/5.22/unicore/lib/SB/ST.pl
/usr/lib/perl5/5.22/unicore/lib/SB/UP.pl
/usr/lib/perl5/5.22/unicore/lib/SB/XX.pl
/usr/lib/perl5/5.22/unicore/lib/Sc/Arab.pl
/usr/lib/perl5/5.22/unicore/lib/Sc/Armn.pl
/usr/lib/perl5/5.22/unicore/lib/Sc/Beng.pl
/usr/lib/perl5/5.22/unicore/lib/Sc/Cham.pl
/usr/lib/perl5/5.22/unicore/lib/Sc/Cprt.pl
/usr/lib/perl5/5.22/unicore/lib/Sc/Cyrl.pl
/usr/lib/perl5/5.22/unicore/lib/Sc/Deva.pl
/usr/lib/perl5/5.22/unicore/lib/Sc/Dupl.pl
/usr/lib/perl5/5.22/unicore/lib/Sc/Ethi.pl
/usr/lib/perl5/5.22/unicore/lib/Sc/Geor.pl
/usr/lib/perl5/5.22/unicore/lib/Sc/Gran.pl
/usr/lib/perl5/5.22/unicore/lib/Sc/Grek.pl
/usr/lib/perl5/5.22/unicore/lib/Sc/Gujr.pl
/usr/lib/perl5/5.22/unicore/lib/Sc/Guru.pl
/usr/lib/perl5/5.22/unicore/lib/Sc/Han.pl
/usr/lib/perl5/5.22/unicore/lib/Sc/Hang.pl
/usr/lib/perl5/5.22/unicore/lib/Sc/Hebr.pl
/usr/lib/perl5/5.22/unicore/lib/Sc/Hira.pl
/usr/lib/perl5/5.22/unicore/lib/Sc/Hmng.pl
/usr/lib/perl5/5.22/unicore/lib/Sc/Kana.pl
/usr/lib/perl5/5.22/unicore/lib/Sc/Khar.pl
/usr/lib/perl5/5.22/unicore/lib/Sc/Khmr.pl
/usr/lib/perl5/5.22/unicore/lib/Sc/Knda.pl
/usr/lib/perl5/5.22/unicore/lib/Sc/Lana.pl
/usr/lib/perl5/5.22/unicore/lib/Sc/Lao.pl
/usr/lib/perl5/5.22/unicore/lib/Sc/Latn.pl
/usr/lib/perl5/5.22/unicore/lib/Sc/Limb.pl
/usr/lib/perl5/5.22/unicore/lib/Sc/Linb.pl
/usr/lib/perl5/5.22/unicore/lib/Sc/Mlym.pl
/usr/lib/perl5/5.22/unicore/lib/Sc/Mong.pl
/usr/lib/perl5/5.22/unicore/lib/Sc/Orya.pl
/usr/lib/perl5/5.22/unicore/lib/Sc/Sinh.pl
/usr/lib/perl5/5.22/unicore/lib/Sc/Talu.pl
/usr/lib/perl5/5.22/unicore/lib/Sc/Taml.pl
/usr/lib/perl5/5.22/unicore/lib/Sc/Telu.pl
/usr/lib/perl5/5.22/unicore/lib/Sc/Tibt.pl
/usr/lib/perl5/5.22/unicore/lib/Sc/Zinh.pl
/usr/lib/perl5/5.22/unicore/lib/Sc/Zyyy.pl
/usr/lib/perl5/5.22/unicore/lib/Sc/Zzzz.pl
/usr/lib/perl5/5.22/unicore/lib/Scx/Arab.pl
/usr/lib/perl5/5.22/unicore/lib/Scx/Armn.pl
/usr/lib/perl5/5.22/unicore/lib/Scx/Beng.pl
/usr/lib/perl5/5.22/unicore/lib/Scx/Bopo.pl
/usr/lib/perl5/5.22/unicore/lib/Scx/Cakm.pl
/usr/lib/perl5/5.22/unicore/lib/Scx/Copt.pl
/usr/lib/perl5/5.22/unicore/lib/Scx/Cprt.pl
/usr/lib/perl5/5.22/unicore/lib/Scx/Cyrl.pl
/usr/lib/perl5/5.22/unicore/lib/Scx/Deva.pl
/usr/lib/perl5/5.22/unicore/lib/Scx/Dupl.pl
/usr/lib/perl5/5.22/unicore/lib/Scx/Geor.pl
/usr/lib/perl5/5.22/unicore/lib/Scx/Gran.pl
/usr/lib/perl5/5.22/unicore/lib/Scx/Grek.pl
/usr/lib/perl5/5.22/unicore/lib/Scx/Gujr.pl
/usr/lib/perl5/5.22/unicore/lib/Scx/Guru.pl
/usr/lib/perl5/5.22/unicore/lib/Scx/Han.pl
/usr/lib/perl5/5.22/unicore/lib/Scx/Hang.pl
/usr/lib/perl5/5.22/unicore/lib/Scx/Hira.pl
/usr/lib/perl5/5.22/unicore/lib/Scx/Kana.pl
/usr/lib/perl5/5.22/unicore/lib/Scx/Knda.pl
/usr/lib/perl5/5.22/unicore/lib/Scx/Latn.pl
/usr/lib/perl5/5.22/unicore/lib/Scx/Limb.pl
/usr/lib/perl5/5.22/unicore/lib/Scx/Linb.pl
/usr/lib/perl5/5.22/unicore/lib/Scx/Mlym.pl
/usr/lib/perl5/5.22/unicore/lib/Scx/Mong.pl
/usr/lib/perl5/5.22/unicore/lib/Scx/Mymr.pl
/usr/lib/perl5/5.22/unicore/lib/Scx/Orya.pl
/usr/lib/perl5/5.22/unicore/lib/Scx/Phlp.pl
/usr/lib/perl5/5.22/unicore/lib/Scx/Sind.pl
/usr/lib/perl5/5.22/unicore/lib/Scx/Sinh.pl
/usr/lib/perl5/5.22/unicore/lib/Scx/Syrc.pl
/usr/lib/perl5/5.22/unicore/lib/Scx/Tagb.pl
/usr/lib/perl5/5.22/unicore/lib/Scx/Takr.pl
/usr/lib/perl5/5.22/unicore/lib/Scx/Taml.pl
/usr/lib/perl5/5.22/unicore/lib/Scx/Telu.pl
/usr/lib/perl5/5.22/unicore/lib/Scx/Thaa.pl
/usr/lib/perl5/5.22/unicore/lib/Scx/Tirh.pl
/usr/lib/perl5/5.22/unicore/lib/Scx/Yi.pl
/usr/lib/perl5/5.22/unicore/lib/Scx/Zinh.pl
/usr/lib/perl5/5.22/unicore/lib/Scx/Zyyy.pl
/usr/lib/perl5/5.22/unicore/lib/SD/Y.pl
/usr/lib/perl5/5.22/unicore/lib/STerm/Y.pl
/usr/lib/perl5/5.22/unicore/lib/Term/Y.pl
/usr/lib/perl5/5.22/unicore/lib/UIdeo/Y.pl
/usr/lib/perl5/5.22/unicore/lib/Upper/Y.pl
/usr/lib/perl5/5.22/unicore/lib/WB/EX.pl
/usr/lib/perl5/5.22/unicore/lib/WB/FO.pl
/usr/lib/perl5/5.22/unicore/lib/WB/HL.pl
/usr/lib/perl5/5.22/unicore/lib/WB/KA.pl
/usr/lib/perl5/5.22/unicore/lib/WB/LE.pl
/usr/lib/perl5/5.22/unicore/lib/WB/MB.pl
/usr/lib/perl5/5.22/unicore/lib/WB/ML.pl
/usr/lib/perl5/5.22/unicore/lib/WB/MN.pl
/usr/lib/perl5/5.22/unicore/lib/WB/NU.pl
/usr/lib/perl5/5.22/unicore/lib/WB/XX.pl
/usr/lib/perl5/5.22/unicore/lib/XIDC/Y.pl
/usr/lib/perl5/5.22/unicore/lib/XIDS/Y.pl
/usr/lib/perl5/5.22/unicore/NamedSequences.txt
/usr/lib/perl5/5.22/unicore/SpecialCasing.txt
/usr/lib/perl5/5.22/unicore/To/Age.pl
/usr/lib/perl5/5.22/unicore/To/Bc.pl
/usr/lib/perl5/5.22/unicore/To/Bmg.pl
/usr/lib/perl5/5.22/unicore/To/Bpb.pl
/usr/lib/perl5/5.22/unicore/To/Bpt.pl
/usr/lib/perl5/5.22/unicore/To/Cf.pl
/usr/lib/perl5/5.22/unicore/To/Digit.pl
/usr/lib/perl5/5.22/unicore/To/Ea.pl
/usr/lib/perl5/5.22/unicore/To/Fold.pl
/usr/lib/perl5/5.22/unicore/To/Gc.pl
/usr/lib/perl5/5.22/unicore/To/GCB.pl
/usr/lib/perl5/5.22/unicore/To/Hst.pl
/usr/lib/perl5/5.22/unicore/To/Isc.pl
/usr/lib/perl5/5.22/unicore/To/Jg.pl
/usr/lib/perl5/5.22/unicore/To/Jt.pl
/usr/lib/perl5/5.22/unicore/To/Lb.pl
/usr/lib/perl5/5.22/unicore/To/Lc.pl
/usr/lib/perl5/5.22/unicore/To/Lower.pl
/usr/lib/perl5/5.22/unicore/To/Na1.pl
/usr/lib/perl5/5.22/unicore/To/NameAlia.pl
/usr/lib/perl5/5.22/unicore/To/NFCQC.pl
/usr/lib/perl5/5.22/unicore/To/NFDQC.pl
/usr/lib/perl5/5.22/unicore/To/NFKCCF.pl
/usr/lib/perl5/5.22/unicore/To/NFKCQC.pl
/usr/lib/perl5/5.22/unicore/To/NFKDQC.pl
/usr/lib/perl5/5.22/unicore/To/Nt.pl
/usr/lib/perl5/5.22/unicore/To/Nv.pl
/usr/lib/perl5/5.22/unicore/To/PerlDeci.pl
/usr/lib/perl5/5.22/unicore/To/SB.pl
/usr/lib/perl5/5.22/unicore/To/Sc.pl
/usr/lib/perl5/5.22/unicore/To/Scx.pl
/usr/lib/perl5/5.22/unicore/To/Tc.pl
/usr/lib/perl5/5.22/unicore/To/Title.pl
/usr/lib/perl5/5.22/unicore/To/Uc.pl
/usr/lib/perl5/5.22/unicore/To/Upper.pl
/usr/lib/perl5/5.22/unicore/To/WB.pl
/usr/lib/perl5/5.22/unicore/UCD.pl
/usr/lib/perl5/5.22/unicore/version
/usr/lib/perl5/5.22/User/grent.pm
/usr/lib/perl5/5.22/User/pwent.pm
/usr/lib/perl5/5.22/version/Internals.pod
/usr/lib/perl5/5.22/version/vpp.pm
/usr/lib/perl5/5.22/version.pod
/usr/lib/perl5/5.22/vmsish.pm
/usr/lib/perl5/5.22/x86_64-cygwin-threads/arybase.pm
/usr/lib/perl5/5.22/x86_64-cygwin-threads/auto/arybase/arybase.dll
/usr/lib/perl5/5.22/x86_64-cygwin-threads/auto/attributes/attributes.dll
/usr/lib/perl5/5.22/x86_64-cygwin-threads/auto/Compress/Raw/Bzip2/Bzip2.dll
/usr/lib/perl5/5.22/x86_64-cygwin-threads/auto/Compress/Raw/Zlib/Zlib.dll
/usr/lib/perl5/5.22/x86_64-cygwin-threads/auto/DB_File/DB_File.dll
/usr/lib/perl5/5.22/x86_64-cygwin-threads/auto/Devel/Peek/Peek.dll
/usr/lib/perl5/5.22/x86_64-cygwin-threads/auto/Devel/PPPort/PPPort.dll
/usr/lib/perl5/5.22/x86_64-cygwin-threads/auto/Filter/Util/Call/Call.dll
/usr/lib/perl5/5.22/x86_64-cygwin-threads/auto/GDBM_File/GDBM_File.dll
/usr/lib/perl5/5.22/x86_64-cygwin-threads/auto/IPC/SysV/SysV.dll
/usr/lib/perl5/5.22/x86_64-cygwin-threads/auto/Math/BigInt/FastCalc/FastCalc.dll
/usr/lib/perl5/5.22/x86_64-cygwin-threads/auto/NDBM_File/NDBM_File.dll
/usr/lib/perl5/5.22/x86_64-cygwin-threads/auto/ODBM_File/ODBM_File.dll
/usr/lib/perl5/5.22/x86_64-cygwin-threads/auto/Opcode/Opcode.dll
/usr/lib/perl5/5.22/x86_64-cygwin-threads/auto/re/re.dll
/usr/lib/perl5/5.22/x86_64-cygwin-threads/auto/SDBM_File/SDBM_File.dll
/usr/lib/perl5/5.22/x86_64-cygwin-threads/auto/Sys/Hostname/Hostname.dll
/usr/lib/perl5/5.22/x86_64-cygwin-threads/auto/Sys/Syslog/Syslog.dll
/usr/lib/perl5/5.22/x86_64-cygwin-threads/auto/threads/shared/shared.dll
/usr/lib/perl5/5.22/x86_64-cygwin-threads/auto/threads/threads.dll
/usr/lib/perl5/5.22/x86_64-cygwin-threads/auto/Tie/Hash/NamedCapture/NamedCapture.dll
/usr/lib/perl5/5.22/x86_64-cygwin-threads/auto/Unicode/Collate/Collate.dll
/usr/lib/perl5/5.22/x86_64-cygwin-threads/auto/Win32CORE/extralibs.ld
/usr/lib/perl5/5.22/x86_64-cygwin-threads/B/Concise.pm
/usr/lib/perl5/5.22/x86_64-cygwin-threads/B/Showlex.pm
/usr/lib/perl5/5.22/x86_64-cygwin-threads/B/Terse.pm
/usr/lib/perl5/5.22/x86_64-cygwin-threads/B/Xref.pm
/usr/lib/perl5/5.22/x86_64-cygwin-threads/Compress/Raw/Bzip2.pm
/usr/lib/perl5/5.22/x86_64-cygwin-threads/Compress/Raw/Zlib.pm
/usr/lib/perl5/5.22/x86_64-cygwin-threads/Config.pod
/usr/lib/perl5/5.22/x86_64-cygwin-threads/Config_git.pl
/usr/lib/perl5/5.22/x86_64-cygwin-threads/CORE/av.h
/usr/lib/perl5/5.22/x86_64-cygwin-threads/CORE/bitcount.h
/usr/lib/perl5/5.22/x86_64-cygwin-threads/CORE/charclass_invlists.h
/usr/lib/perl5/5.22/x86_64-cygwin-threads/CORE/config.h
/usr/lib/perl5/5.22/x86_64-cygwin-threads/CORE/cop.h
/usr/lib/perl5/5.22/x86_64-cygwin-threads/CORE/cv.h
/usr/lib/perl5/5.22/x86_64-cygwin-threads/CORE/cygperl5_22.dll
/usr/lib/perl5/5.22/x86_64-cygwin-threads/CORE/dosish.h
/usr/lib/perl5/5.22/x86_64-cygwin-threads/CORE/ebcdic_tables.h
/usr/lib/perl5/5.22/x86_64-cygwin-threads/CORE/embed.h
/usr/lib/perl5/5.22/x86_64-cygwin-threads/CORE/embedvar.h
/usr/lib/perl5/5.22/x86_64-cygwin-threads/CORE/EXTERN.h
/usr/lib/perl5/5.22/x86_64-cygwin-threads/CORE/fakesdio.h
/usr/lib/perl5/5.22/x86_64-cygwin-threads/CORE/feature.h
/usr/lib/perl5/5.22/x86_64-cygwin-threads/CORE/form.h
/usr/lib/perl5/5.22/x86_64-cygwin-threads/CORE/git_version.h
/usr/lib/perl5/5.22/x86_64-cygwin-threads/CORE/gv.h
/usr/lib/perl5/5.22/x86_64-cygwin-threads/CORE/handy.h
/usr/lib/perl5/5.22/x86_64-cygwin-threads/CORE/hv.h
/usr/lib/perl5/5.22/x86_64-cygwin-threads/CORE/hv_func.h
/usr/lib/perl5/5.22/x86_64-cygwin-threads/CORE/inline.h
/usr/lib/perl5/5.22/x86_64-cygwin-threads/CORE/INTERN.h
/usr/lib/perl5/5.22/x86_64-cygwin-threads/CORE/intrpvar.h
/usr/lib/perl5/5.22/x86_64-cygwin-threads/CORE/iperlsys.h
/usr/lib/perl5/5.22/x86_64-cygwin-threads/CORE/keywords.h
/usr/lib/perl5/5.22/x86_64-cygwin-threads/CORE/l1_char_class_tab.h
/usr/lib/perl5/5.22/x86_64-cygwin-threads/CORE/libperl.dll.a
/usr/lib/perl5/5.22/x86_64-cygwin-threads/CORE/malloc_ctl.h
/usr/lib/perl5/5.22/x86_64-cygwin-threads/CORE/metaconfig.h
/usr/lib/perl5/5.22/x86_64-cygwin-threads/CORE/mg.h
/usr/lib/perl5/5.22/x86_64-cygwin-threads/CORE/mg_data.h
/usr/lib/perl5/5.22/x86_64-cygwin-threads/CORE/mg_raw.h
/usr/lib/perl5/5.22/x86_64-cygwin-threads/CORE/mg_vtable.h
/usr/lib/perl5/5.22/x86_64-cygwin-threads/CORE/mydtrace.h
/usr/lib/perl5/5.22/x86_64-cygwin-threads/CORE/nostdio.h
/usr/lib/perl5/5.22/x86_64-cygwin-threads/CORE/op.h
/usr/lib/perl5/5.22/x86_64-cygwin-threads/CORE/opcode.h
/usr/lib/perl5/5.22/x86_64-cygwin-threads/CORE/opnames.h
/usr/lib/perl5/5.22/x86_64-cygwin-threads/CORE/op_reg_common.h
/usr/lib/perl5/5.22/x86_64-cygwin-threads/CORE/overload.h
/usr/lib/perl5/5.22/x86_64-cygwin-threads/CORE/pad.h
/usr/lib/perl5/5.22/x86_64-cygwin-threads/CORE/parser.h
/usr/lib/perl5/5.22/x86_64-cygwin-threads/CORE/patchlevel.h
/usr/lib/perl5/5.22/x86_64-cygwin-threads/CORE/perl.h
/usr/lib/perl5/5.22/x86_64-cygwin-threads/CORE/perlapi.h
/usr/lib/perl5/5.22/x86_64-cygwin-threads/CORE/perlio.h
/usr/lib/perl5/5.22/x86_64-cygwin-threads/CORE/perliol.h
/usr/lib/perl5/5.22/x86_64-cygwin-threads/CORE/perlsdio.h
/usr/lib/perl5/5.22/x86_64-cygwin-threads/CORE/perlvars.h
/usr/lib/perl5/5.22/x86_64-cygwin-threads/CORE/perly.h
/usr/lib/perl5/5.22/x86_64-cygwin-threads/CORE/pp.h
/usr/lib/perl5/5.22/x86_64-cygwin-threads/CORE/pp_proto.h
/usr/lib/perl5/5.22/x86_64-cygwin-threads/CORE/proto.h
/usr/lib/perl5/5.22/x86_64-cygwin-threads/CORE/reentr.h
/usr/lib/perl5/5.22/x86_64-cygwin-threads/CORE/regcharclass.h
/usr/lib/perl5/5.22/x86_64-cygwin-threads/CORE/regcomp.h
/usr/lib/perl5/5.22/x86_64-cygwin-threads/CORE/regexp.h
/usr/lib/perl5/5.22/x86_64-cygwin-threads/CORE/regnodes.h
/usr/lib/perl5/5.22/x86_64-cygwin-threads/CORE/scope.h
/usr/lib/perl5/5.22/x86_64-cygwin-threads/CORE/sv.h
/usr/lib/perl5/5.22/x86_64-cygwin-threads/CORE/thread.h
/usr/lib/perl5/5.22/x86_64-cygwin-threads/CORE/time64.h
/usr/lib/perl5/5.22/x86_64-cygwin-threads/CORE/time64_config.h
/usr/lib/perl5/5.22/x86_64-cygwin-threads/CORE/uconfig.h
/usr/lib/perl5/5.22/x86_64-cygwin-threads/CORE/unicode_constants.h
/usr/lib/perl5/5.22/x86_64-cygwin-threads/CORE/unixish.h
/usr/lib/perl5/5.22/x86_64-cygwin-threads/CORE/utf8.h
/usr/lib/perl5/5.22/x86_64-cygwin-threads/CORE/utfebcdic.h
/usr/lib/perl5/5.22/x86_64-cygwin-threads/CORE/util.h
/usr/lib/perl5/5.22/x86_64-cygwin-threads/CORE/uudmap.h
/usr/lib/perl5/5.22/x86_64-cygwin-threads/CORE/vutil.h
/usr/lib/perl5/5.22/x86_64-cygwin-threads/CORE/warnings.h
/usr/lib/perl5/5.22/x86_64-cygwin-threads/CORE/XSUB.h
/usr/lib/perl5/5.22/x86_64-cygwin-threads/DB_File.pm
/usr/lib/perl5/5.22/x86_64-cygwin-threads/Devel/Peek.pm
/usr/lib/perl5/5.22/x86_64-cygwin-threads/Devel/PPPort.pm
/usr/lib/perl5/5.22/x86_64-cygwin-threads/encoding.pm
/usr/lib/perl5/5.22/x86_64-cygwin-threads/Filter/Util/Call.pm
/usr/lib/perl5/5.22/x86_64-cygwin-threads/GDBM_File.pm
/usr/lib/perl5/5.22/x86_64-cygwin-threads/Hash/Util/FieldHash.pm
/usr/lib/perl5/5.22/x86_64-cygwin-threads/Hash/Util.pm
/usr/lib/perl5/5.22/x86_64-cygwin-threads/IPC/Msg.pm
/usr/lib/perl5/5.22/x86_64-cygwin-threads/IPC/Semaphore.pm
/usr/lib/perl5/5.22/x86_64-cygwin-threads/IPC/SharedMem.pm
/usr/lib/perl5/5.22/x86_64-cygwin-threads/IPC/SysV.pm
/usr/lib/perl5/5.22/x86_64-cygwin-threads/Math/BigInt/FastCalc.pm
/usr/lib/perl5/5.22/x86_64-cygwin-threads/NDBM_File.pm
/usr/lib/perl5/5.22/x86_64-cygwin-threads/O.pm
/usr/lib/perl5/5.22/x86_64-cygwin-threads/ODBM_File.pm
/usr/lib/perl5/5.22/x86_64-cygwin-threads/ops.pm
/usr/lib/perl5/5.22/x86_64-cygwin-threads/POSIX.pod
/usr/lib/perl5/5.22/x86_64-cygwin-threads/SDBM_File.pm
/usr/lib/perl5/5.22/x86_64-cygwin-threads/Sub/Util.pm
/usr/lib/perl5/5.22/x86_64-cygwin-threads/Sys/Hostname.pm
/usr/lib/perl5/5.22/x86_64-cygwin-threads/Sys/Syslog.pm
/usr/lib/perl5/5.22/x86_64-cygwin-threads/threads/shared.pm
/usr/lib/perl5/5.22/x86_64-cygwin-threads/threads.pm
/usr/lib/perl5/5.22/x86_64-cygwin-threads/Tie/Hash/NamedCapture.pm
/usr/lib/perl5/5.22/x86_64-cygwin-threads/Unicode/Collate/Locale.pm
/usr/lib/perl5/5.22/x86_64-cygwin-threads/Unicode/Collate.pm
/usr/lib/perl5/5.22/x86_64-cygwin-threads/Win32CORE.pm
/usr/lib/perl5/5.22/_charnames.pm
