# This file is used to check Python module dependencies.
# Under Cygwin, result of command: cygcheck -l python | perl -pe 's,\r,,'

/usr/bin/2to3
/usr/bin/libpython2.6.dll
/usr/bin/msgfmt.py
/usr/bin/pydoc
/usr/bin/pygettext.py
/usr/bin/python
/usr/bin/python-config
/usr/bin/python2.6-config
/usr/bin/python2.6.exe
/usr/bin/smtpd.py
/usr/include/python2.6/abstract.h
/usr/include/python2.6/asdl.h
/usr/include/python2.6/ast.h
/usr/include/python2.6/bitset.h
/usr/include/python2.6/boolobject.h
/usr/include/python2.6/bufferobject.h
/usr/include/python2.6/bytearrayobject.h
/usr/include/python2.6/bytesobject.h
/usr/include/python2.6/bytes_methods.h
/usr/include/python2.6/cellobject.h
/usr/include/python2.6/ceval.h
/usr/include/python2.6/classobject.h
/usr/include/python2.6/cobject.h
/usr/include/python2.6/code.h
/usr/include/python2.6/codecs.h
/usr/include/python2.6/compile.h
/usr/include/python2.6/complexobject.h
/usr/include/python2.6/cStringIO.h
/usr/include/python2.6/datetime.h
/usr/include/python2.6/descrobject.h
/usr/include/python2.6/dictobject.h
/usr/include/python2.6/enumobject.h
/usr/include/python2.6/errcode.h
/usr/include/python2.6/eval.h
/usr/include/python2.6/fileobject.h
/usr/include/python2.6/floatobject.h
/usr/include/python2.6/frameobject.h
/usr/include/python2.6/funcobject.h
/usr/include/python2.6/genobject.h
/usr/include/python2.6/graminit.h
/usr/include/python2.6/grammar.h
/usr/include/python2.6/import.h
/usr/include/python2.6/intobject.h
/usr/include/python2.6/intrcheck.h
/usr/include/python2.6/iterobject.h
/usr/include/python2.6/listobject.h
/usr/include/python2.6/longintrepr.h
/usr/include/python2.6/longobject.h
/usr/include/python2.6/marshal.h
/usr/include/python2.6/metagrammar.h
/usr/include/python2.6/methodobject.h
/usr/include/python2.6/modsupport.h
/usr/include/python2.6/moduleobject.h
/usr/include/python2.6/node.h
/usr/include/python2.6/object.h
/usr/include/python2.6/objimpl.h
/usr/include/python2.6/opcode.h
/usr/include/python2.6/osdefs.h
/usr/include/python2.6/parsetok.h
/usr/include/python2.6/patchlevel.h
/usr/include/python2.6/pgen.h
/usr/include/python2.6/pgenheaders.h
/usr/include/python2.6/pyarena.h
/usr/include/python2.6/pyconfig.h
/usr/include/python2.6/pydebug.h
/usr/include/python2.6/pyerrors.h
/usr/include/python2.6/pyexpat.h
/usr/include/python2.6/pyfpe.h
/usr/include/python2.6/pygetopt.h
/usr/include/python2.6/pymacconfig.h
/usr/include/python2.6/pymactoolbox.h
/usr/include/python2.6/pymath.h
/usr/include/python2.6/pymem.h
/usr/include/python2.6/pyport.h
/usr/include/python2.6/pystate.h
/usr/include/python2.6/pystrcmp.h
/usr/include/python2.6/pystrtod.h
/usr/include/python2.6/Python-ast.h
/usr/include/python2.6/Python.h
/usr/include/python2.6/pythonrun.h
/usr/include/python2.6/pythread.h
/usr/include/python2.6/py_curses.h
/usr/include/python2.6/rangeobject.h
/usr/include/python2.6/setobject.h
/usr/include/python2.6/sliceobject.h
/usr/include/python2.6/stringobject.h
/usr/include/python2.6/structmember.h
/usr/include/python2.6/structseq.h
/usr/include/python2.6/symtable.h
/usr/include/python2.6/sysmodule.h
/usr/include/python2.6/timefuncs.h
/usr/include/python2.6/token.h
/usr/include/python2.6/traceback.h
/usr/include/python2.6/tupleobject.h
/usr/include/python2.6/ucnhash.h
/usr/include/python2.6/unicodeobject.h
/usr/include/python2.6/warnings.h
/usr/include/python2.6/weakrefobject.h
/usr/lib/libpython2.6.dll.a
/usr/lib/python2.6/abc.py
/usr/lib/python2.6/abc.pyc
/usr/lib/python2.6/abc.pyo
/usr/lib/python2.6/aifc.py
/usr/lib/python2.6/aifc.pyc
/usr/lib/python2.6/aifc.pyo
/usr/lib/python2.6/anydbm.py
/usr/lib/python2.6/anydbm.pyc
/usr/lib/python2.6/anydbm.pyo
/usr/lib/python2.6/ast.py
/usr/lib/python2.6/ast.pyc
/usr/lib/python2.6/ast.pyo
/usr/lib/python2.6/asynchat.py
/usr/lib/python2.6/asynchat.pyc
/usr/lib/python2.6/asynchat.pyo
/usr/lib/python2.6/asyncore.py
/usr/lib/python2.6/asyncore.pyc
/usr/lib/python2.6/asyncore.pyo
/usr/lib/python2.6/atexit.py
/usr/lib/python2.6/atexit.pyc
/usr/lib/python2.6/atexit.pyo
/usr/lib/python2.6/audiodev.py
/usr/lib/python2.6/audiodev.pyc
/usr/lib/python2.6/audiodev.pyo
/usr/lib/python2.6/base64.py
/usr/lib/python2.6/base64.pyc
/usr/lib/python2.6/base64.pyo
/usr/lib/python2.6/BaseHTTPServer.py
/usr/lib/python2.6/BaseHTTPServer.pyc
/usr/lib/python2.6/BaseHTTPServer.pyo
/usr/lib/python2.6/Bastion.py
/usr/lib/python2.6/Bastion.pyc
/usr/lib/python2.6/Bastion.pyo
/usr/lib/python2.6/bdb.py
/usr/lib/python2.6/bdb.pyc
/usr/lib/python2.6/bdb.pyo
/usr/lib/python2.6/binhex.py
/usr/lib/python2.6/binhex.pyc
/usr/lib/python2.6/binhex.pyo
/usr/lib/python2.6/bisect.py
/usr/lib/python2.6/bisect.pyc
/usr/lib/python2.6/bisect.pyo
/usr/lib/python2.6/bsddb/db.py
/usr/lib/python2.6/bsddb/db.pyc
/usr/lib/python2.6/bsddb/db.pyo
/usr/lib/python2.6/bsddb/dbobj.py
/usr/lib/python2.6/bsddb/dbobj.pyc
/usr/lib/python2.6/bsddb/dbobj.pyo
/usr/lib/python2.6/bsddb/dbrecio.py
/usr/lib/python2.6/bsddb/dbrecio.pyc
/usr/lib/python2.6/bsddb/dbrecio.pyo
/usr/lib/python2.6/bsddb/dbshelve.py
/usr/lib/python2.6/bsddb/dbshelve.pyc
/usr/lib/python2.6/bsddb/dbshelve.pyo
/usr/lib/python2.6/bsddb/dbtables.py
/usr/lib/python2.6/bsddb/dbtables.pyc
/usr/lib/python2.6/bsddb/dbtables.pyo
/usr/lib/python2.6/bsddb/dbutils.py
/usr/lib/python2.6/bsddb/dbutils.pyc
/usr/lib/python2.6/bsddb/dbutils.pyo
/usr/lib/python2.6/bsddb/__init__.py
/usr/lib/python2.6/bsddb/__init__.pyc
/usr/lib/python2.6/bsddb/__init__.pyo
/usr/lib/python2.6/calendar.py
/usr/lib/python2.6/calendar.pyc
/usr/lib/python2.6/calendar.pyo
/usr/lib/python2.6/cgi.py
/usr/lib/python2.6/cgi.pyc
/usr/lib/python2.6/cgi.pyo
/usr/lib/python2.6/CGIHTTPServer.py
/usr/lib/python2.6/CGIHTTPServer.pyc
/usr/lib/python2.6/CGIHTTPServer.pyo
/usr/lib/python2.6/cgitb.py
/usr/lib/python2.6/cgitb.pyc
/usr/lib/python2.6/cgitb.pyo
/usr/lib/python2.6/chunk.py
/usr/lib/python2.6/chunk.pyc
/usr/lib/python2.6/chunk.pyo
/usr/lib/python2.6/cmd.py
/usr/lib/python2.6/cmd.pyc
/usr/lib/python2.6/cmd.pyo
/usr/lib/python2.6/code.py
/usr/lib/python2.6/code.pyc
/usr/lib/python2.6/code.pyo
/usr/lib/python2.6/codecs.py
/usr/lib/python2.6/codecs.pyc
/usr/lib/python2.6/codecs.pyo
/usr/lib/python2.6/codeop.py
/usr/lib/python2.6/codeop.pyc
/usr/lib/python2.6/codeop.pyo
/usr/lib/python2.6/collections.py
/usr/lib/python2.6/collections.pyc
/usr/lib/python2.6/collections.pyo
/usr/lib/python2.6/colorsys.py
/usr/lib/python2.6/colorsys.pyc
/usr/lib/python2.6/colorsys.pyo
/usr/lib/python2.6/commands.py
/usr/lib/python2.6/commands.pyc
/usr/lib/python2.6/commands.pyo
/usr/lib/python2.6/compileall.py
/usr/lib/python2.6/compileall.pyc
/usr/lib/python2.6/compileall.pyo
/usr/lib/python2.6/compiler/ast.py
/usr/lib/python2.6/compiler/ast.pyc
/usr/lib/python2.6/compiler/ast.pyo
/usr/lib/python2.6/compiler/consts.py
/usr/lib/python2.6/compiler/consts.pyc
/usr/lib/python2.6/compiler/consts.pyo
/usr/lib/python2.6/compiler/future.py
/usr/lib/python2.6/compiler/future.pyc
/usr/lib/python2.6/compiler/future.pyo
/usr/lib/python2.6/compiler/misc.py
/usr/lib/python2.6/compiler/misc.pyc
/usr/lib/python2.6/compiler/misc.pyo
/usr/lib/python2.6/compiler/pyassem.py
/usr/lib/python2.6/compiler/pyassem.pyc
/usr/lib/python2.6/compiler/pyassem.pyo
/usr/lib/python2.6/compiler/pycodegen.py
/usr/lib/python2.6/compiler/pycodegen.pyc
/usr/lib/python2.6/compiler/pycodegen.pyo
/usr/lib/python2.6/compiler/symbols.py
/usr/lib/python2.6/compiler/symbols.pyc
/usr/lib/python2.6/compiler/symbols.pyo
/usr/lib/python2.6/compiler/syntax.py
/usr/lib/python2.6/compiler/syntax.pyc
/usr/lib/python2.6/compiler/syntax.pyo
/usr/lib/python2.6/compiler/transformer.py
/usr/lib/python2.6/compiler/transformer.pyc
/usr/lib/python2.6/compiler/transformer.pyo
/usr/lib/python2.6/compiler/visitor.py
/usr/lib/python2.6/compiler/visitor.pyc
/usr/lib/python2.6/compiler/visitor.pyo
/usr/lib/python2.6/compiler/__init__.py
/usr/lib/python2.6/compiler/__init__.pyc
/usr/lib/python2.6/compiler/__init__.pyo
/usr/lib/python2.6/config/config.c
/usr/lib/python2.6/config/config.c.in
/usr/lib/python2.6/config/install-sh
/usr/lib/python2.6/config/libpython2.6.dll.a
/usr/lib/python2.6/config/Makefile
/usr/lib/python2.6/config/makesetup
/usr/lib/python2.6/config/python.o
/usr/lib/python2.6/config/Setup
/usr/lib/python2.6/config/Setup.config
/usr/lib/python2.6/config/Setup.local
/usr/lib/python2.6/ConfigParser.py
/usr/lib/python2.6/ConfigParser.pyc
/usr/lib/python2.6/ConfigParser.pyo
/usr/lib/python2.6/contextlib.py
/usr/lib/python2.6/contextlib.pyc
/usr/lib/python2.6/contextlib.pyo
/usr/lib/python2.6/Cookie.py
/usr/lib/python2.6/Cookie.pyc
/usr/lib/python2.6/Cookie.pyo
/usr/lib/python2.6/cookielib.py
/usr/lib/python2.6/cookielib.pyc
/usr/lib/python2.6/cookielib.pyo
/usr/lib/python2.6/copy.py
/usr/lib/python2.6/copy.pyc
/usr/lib/python2.6/copy.pyo
/usr/lib/python2.6/copy_reg.py
/usr/lib/python2.6/copy_reg.pyc
/usr/lib/python2.6/copy_reg.pyo
/usr/lib/python2.6/cProfile.py
/usr/lib/python2.6/cProfile.pyc
/usr/lib/python2.6/cProfile.pyo
/usr/lib/python2.6/csv.py
/usr/lib/python2.6/csv.pyc
/usr/lib/python2.6/csv.pyo
/usr/lib/python2.6/ctypes/macholib/dyld.py
/usr/lib/python2.6/ctypes/macholib/dyld.pyc
/usr/lib/python2.6/ctypes/macholib/dyld.pyo
/usr/lib/python2.6/ctypes/macholib/dylib.py
/usr/lib/python2.6/ctypes/macholib/dylib.pyc
/usr/lib/python2.6/ctypes/macholib/dylib.pyo
/usr/lib/python2.6/ctypes/macholib/fetch_macholib
/usr/lib/python2.6/ctypes/macholib/fetch_macholib.bat
/usr/lib/python2.6/ctypes/macholib/framework.py
/usr/lib/python2.6/ctypes/macholib/framework.pyc
/usr/lib/python2.6/ctypes/macholib/framework.pyo
/usr/lib/python2.6/ctypes/macholib/README.ctypes
/usr/lib/python2.6/ctypes/macholib/__init__.py
/usr/lib/python2.6/ctypes/macholib/__init__.pyc
/usr/lib/python2.6/ctypes/macholib/__init__.pyo
/usr/lib/python2.6/ctypes/util.py
/usr/lib/python2.6/ctypes/util.pyc
/usr/lib/python2.6/ctypes/util.pyo
/usr/lib/python2.6/ctypes/wintypes.py
/usr/lib/python2.6/ctypes/wintypes.pyc
/usr/lib/python2.6/ctypes/wintypes.pyo
/usr/lib/python2.6/ctypes/_endian.py
/usr/lib/python2.6/ctypes/_endian.pyc
/usr/lib/python2.6/ctypes/_endian.pyo
/usr/lib/python2.6/ctypes/__init__.py
/usr/lib/python2.6/ctypes/__init__.pyc
/usr/lib/python2.6/ctypes/__init__.pyo
/usr/lib/python2.6/curses/ascii.py
/usr/lib/python2.6/curses/ascii.pyc
/usr/lib/python2.6/curses/ascii.pyo
/usr/lib/python2.6/curses/has_key.py
/usr/lib/python2.6/curses/has_key.pyc
/usr/lib/python2.6/curses/has_key.pyo
/usr/lib/python2.6/curses/panel.py
/usr/lib/python2.6/curses/panel.pyc
/usr/lib/python2.6/curses/panel.pyo
/usr/lib/python2.6/curses/textpad.py
/usr/lib/python2.6/curses/textpad.pyc
/usr/lib/python2.6/curses/textpad.pyo
/usr/lib/python2.6/curses/wrapper.py
/usr/lib/python2.6/curses/wrapper.pyc
/usr/lib/python2.6/curses/wrapper.pyo
/usr/lib/python2.6/curses/__init__.py
/usr/lib/python2.6/curses/__init__.pyc
/usr/lib/python2.6/curses/__init__.pyo
/usr/lib/python2.6/dbhash.py
/usr/lib/python2.6/dbhash.pyc
/usr/lib/python2.6/dbhash.pyo
/usr/lib/python2.6/decimal.py
/usr/lib/python2.6/decimal.pyc
/usr/lib/python2.6/decimal.pyo
/usr/lib/python2.6/difflib.py
/usr/lib/python2.6/difflib.pyc
/usr/lib/python2.6/difflib.pyo
/usr/lib/python2.6/dircache.py
/usr/lib/python2.6/dircache.pyc
/usr/lib/python2.6/dircache.pyo
/usr/lib/python2.6/dis.py
/usr/lib/python2.6/dis.pyc
/usr/lib/python2.6/dis.pyo
/usr/lib/python2.6/distutils/archive_util.py
/usr/lib/python2.6/distutils/archive_util.pyc
/usr/lib/python2.6/distutils/archive_util.pyo
/usr/lib/python2.6/distutils/bcppcompiler.py
/usr/lib/python2.6/distutils/bcppcompiler.pyc
/usr/lib/python2.6/distutils/bcppcompiler.pyo
/usr/lib/python2.6/distutils/ccompiler.py
/usr/lib/python2.6/distutils/ccompiler.pyc
/usr/lib/python2.6/distutils/ccompiler.pyo
/usr/lib/python2.6/distutils/cmd.py
/usr/lib/python2.6/distutils/cmd.pyc
/usr/lib/python2.6/distutils/cmd.pyo
/usr/lib/python2.6/distutils/command/bdist.py
/usr/lib/python2.6/distutils/command/bdist.pyc
/usr/lib/python2.6/distutils/command/bdist.pyo
/usr/lib/python2.6/distutils/command/bdist_dumb.py
/usr/lib/python2.6/distutils/command/bdist_dumb.pyc
/usr/lib/python2.6/distutils/command/bdist_dumb.pyo
/usr/lib/python2.6/distutils/command/bdist_msi.py
/usr/lib/python2.6/distutils/command/bdist_msi.pyc
/usr/lib/python2.6/distutils/command/bdist_msi.pyo
/usr/lib/python2.6/distutils/command/bdist_rpm.py
/usr/lib/python2.6/distutils/command/bdist_rpm.pyc
/usr/lib/python2.6/distutils/command/bdist_rpm.pyo
/usr/lib/python2.6/distutils/command/bdist_wininst.py
/usr/lib/python2.6/distutils/command/bdist_wininst.pyc
/usr/lib/python2.6/distutils/command/bdist_wininst.pyo
/usr/lib/python2.6/distutils/command/build.py
/usr/lib/python2.6/distutils/command/build.pyc
/usr/lib/python2.6/distutils/command/build.pyo
/usr/lib/python2.6/distutils/command/build_clib.py
/usr/lib/python2.6/distutils/command/build_clib.pyc
/usr/lib/python2.6/distutils/command/build_clib.pyo
/usr/lib/python2.6/distutils/command/build_ext.py
/usr/lib/python2.6/distutils/command/build_ext.pyc
/usr/lib/python2.6/distutils/command/build_ext.pyo
/usr/lib/python2.6/distutils/command/build_py.py
/usr/lib/python2.6/distutils/command/build_py.pyc
/usr/lib/python2.6/distutils/command/build_py.pyo
/usr/lib/python2.6/distutils/command/build_scripts.py
/usr/lib/python2.6/distutils/command/build_scripts.pyc
/usr/lib/python2.6/distutils/command/build_scripts.pyo
/usr/lib/python2.6/distutils/command/clean.py
/usr/lib/python2.6/distutils/command/clean.pyc
/usr/lib/python2.6/distutils/command/clean.pyo
/usr/lib/python2.6/distutils/command/command_template
/usr/lib/python2.6/distutils/command/config.py
/usr/lib/python2.6/distutils/command/config.pyc
/usr/lib/python2.6/distutils/command/config.pyo
/usr/lib/python2.6/distutils/command/install.py
/usr/lib/python2.6/distutils/command/install.pyc
/usr/lib/python2.6/distutils/command/install.pyo
/usr/lib/python2.6/distutils/command/install_data.py
/usr/lib/python2.6/distutils/command/install_data.pyc
/usr/lib/python2.6/distutils/command/install_data.pyo
/usr/lib/python2.6/distutils/command/install_egg_info.py
/usr/lib/python2.6/distutils/command/install_egg_info.pyc
/usr/lib/python2.6/distutils/command/install_egg_info.pyo
/usr/lib/python2.6/distutils/command/install_headers.py
/usr/lib/python2.6/distutils/command/install_headers.pyc
/usr/lib/python2.6/distutils/command/install_headers.pyo
/usr/lib/python2.6/distutils/command/install_lib.py
/usr/lib/python2.6/distutils/command/install_lib.pyc
/usr/lib/python2.6/distutils/command/install_lib.pyo
/usr/lib/python2.6/distutils/command/install_scripts.py
/usr/lib/python2.6/distutils/command/install_scripts.pyc
/usr/lib/python2.6/distutils/command/install_scripts.pyo
/usr/lib/python2.6/distutils/command/register.py
/usr/lib/python2.6/distutils/command/register.pyc
/usr/lib/python2.6/distutils/command/register.pyo
/usr/lib/python2.6/distutils/command/sdist.py
/usr/lib/python2.6/distutils/command/sdist.pyc
/usr/lib/python2.6/distutils/command/sdist.pyo
/usr/lib/python2.6/distutils/command/upload.py
/usr/lib/python2.6/distutils/command/upload.pyc
/usr/lib/python2.6/distutils/command/upload.pyo
/usr/lib/python2.6/distutils/command/wininst-6.0.exe
/usr/lib/python2.6/distutils/command/wininst-7.1.exe
/usr/lib/python2.6/distutils/command/wininst-8.0.exe
/usr/lib/python2.6/distutils/command/wininst-9.0-amd64.exe
/usr/lib/python2.6/distutils/command/wininst-9.0.exe
/usr/lib/python2.6/distutils/command/__init__.py
/usr/lib/python2.6/distutils/command/__init__.pyc
/usr/lib/python2.6/distutils/command/__init__.pyo
/usr/lib/python2.6/distutils/config.py
/usr/lib/python2.6/distutils/config.pyc
/usr/lib/python2.6/distutils/config.pyo
/usr/lib/python2.6/distutils/core.py
/usr/lib/python2.6/distutils/core.pyc
/usr/lib/python2.6/distutils/core.pyo
/usr/lib/python2.6/distutils/cygwinccompiler.py
/usr/lib/python2.6/distutils/cygwinccompiler.pyc
/usr/lib/python2.6/distutils/cygwinccompiler.pyo
/usr/lib/python2.6/distutils/debug.py
/usr/lib/python2.6/distutils/debug.pyc
/usr/lib/python2.6/distutils/debug.pyo
/usr/lib/python2.6/distutils/dep_util.py
/usr/lib/python2.6/distutils/dep_util.pyc
/usr/lib/python2.6/distutils/dep_util.pyo
/usr/lib/python2.6/distutils/dir_util.py
/usr/lib/python2.6/distutils/dir_util.pyc
/usr/lib/python2.6/distutils/dir_util.pyo
/usr/lib/python2.6/distutils/dist.py
/usr/lib/python2.6/distutils/dist.pyc
/usr/lib/python2.6/distutils/dist.pyo
/usr/lib/python2.6/distutils/emxccompiler.py
/usr/lib/python2.6/distutils/emxccompiler.pyc
/usr/lib/python2.6/distutils/emxccompiler.pyo
/usr/lib/python2.6/distutils/errors.py
/usr/lib/python2.6/distutils/errors.pyc
/usr/lib/python2.6/distutils/errors.pyo
/usr/lib/python2.6/distutils/extension.py
/usr/lib/python2.6/distutils/extension.pyc
/usr/lib/python2.6/distutils/extension.pyo
/usr/lib/python2.6/distutils/fancy_getopt.py
/usr/lib/python2.6/distutils/fancy_getopt.pyc
/usr/lib/python2.6/distutils/fancy_getopt.pyo
/usr/lib/python2.6/distutils/filelist.py
/usr/lib/python2.6/distutils/filelist.pyc
/usr/lib/python2.6/distutils/filelist.pyo
/usr/lib/python2.6/distutils/file_util.py
/usr/lib/python2.6/distutils/file_util.pyc
/usr/lib/python2.6/distutils/file_util.pyo
/usr/lib/python2.6/distutils/log.py
/usr/lib/python2.6/distutils/log.pyc
/usr/lib/python2.6/distutils/log.pyo
/usr/lib/python2.6/distutils/msvc9compiler.py
/usr/lib/python2.6/distutils/msvc9compiler.pyc
/usr/lib/python2.6/distutils/msvc9compiler.pyo
/usr/lib/python2.6/distutils/msvccompiler.py
/usr/lib/python2.6/distutils/msvccompiler.pyc
/usr/lib/python2.6/distutils/msvccompiler.pyo
/usr/lib/python2.6/distutils/mwerkscompiler.py
/usr/lib/python2.6/distutils/mwerkscompiler.pyc
/usr/lib/python2.6/distutils/mwerkscompiler.pyo
/usr/lib/python2.6/distutils/README
/usr/lib/python2.6/distutils/spawn.py
/usr/lib/python2.6/distutils/spawn.pyc
/usr/lib/python2.6/distutils/spawn.pyo
/usr/lib/python2.6/distutils/sysconfig.py
/usr/lib/python2.6/distutils/sysconfig.pyc
/usr/lib/python2.6/distutils/sysconfig.pyo
/usr/lib/python2.6/distutils/text_file.py
/usr/lib/python2.6/distutils/text_file.pyc
/usr/lib/python2.6/distutils/text_file.pyo
/usr/lib/python2.6/distutils/unixccompiler.py
/usr/lib/python2.6/distutils/unixccompiler.pyc
/usr/lib/python2.6/distutils/unixccompiler.pyo
/usr/lib/python2.6/distutils/util.py
/usr/lib/python2.6/distutils/util.pyc
/usr/lib/python2.6/distutils/util.pyo
/usr/lib/python2.6/distutils/version.py
/usr/lib/python2.6/distutils/version.pyc
/usr/lib/python2.6/distutils/version.pyo
/usr/lib/python2.6/distutils/versionpredicate.py
/usr/lib/python2.6/distutils/versionpredicate.pyc
/usr/lib/python2.6/distutils/versionpredicate.pyo
/usr/lib/python2.6/distutils/__init__.py
/usr/lib/python2.6/distutils/__init__.pyc
/usr/lib/python2.6/distutils/__init__.pyo
/usr/lib/python2.6/doctest.py
/usr/lib/python2.6/doctest.pyc
/usr/lib/python2.6/doctest.pyo
/usr/lib/python2.6/DocXMLRPCServer.py
/usr/lib/python2.6/DocXMLRPCServer.pyc
/usr/lib/python2.6/DocXMLRPCServer.pyo
/usr/lib/python2.6/dumbdbm.py
/usr/lib/python2.6/dumbdbm.pyc
/usr/lib/python2.6/dumbdbm.pyo
/usr/lib/python2.6/dummy_thread.py
/usr/lib/python2.6/dummy_thread.pyc
/usr/lib/python2.6/dummy_thread.pyo
/usr/lib/python2.6/dummy_threading.py
/usr/lib/python2.6/dummy_threading.pyc
/usr/lib/python2.6/dummy_threading.pyo
/usr/lib/python2.6/email/base64mime.py
/usr/lib/python2.6/email/base64mime.pyc
/usr/lib/python2.6/email/base64mime.pyo
/usr/lib/python2.6/email/charset.py
/usr/lib/python2.6/email/charset.pyc
/usr/lib/python2.6/email/charset.pyo
/usr/lib/python2.6/email/encoders.py
/usr/lib/python2.6/email/encoders.pyc
/usr/lib/python2.6/email/encoders.pyo
/usr/lib/python2.6/email/errors.py
/usr/lib/python2.6/email/errors.pyc
/usr/lib/python2.6/email/errors.pyo
/usr/lib/python2.6/email/feedparser.py
/usr/lib/python2.6/email/feedparser.pyc
/usr/lib/python2.6/email/feedparser.pyo
/usr/lib/python2.6/email/generator.py
/usr/lib/python2.6/email/generator.pyc
/usr/lib/python2.6/email/generator.pyo
/usr/lib/python2.6/email/header.py
/usr/lib/python2.6/email/header.pyc
/usr/lib/python2.6/email/header.pyo
/usr/lib/python2.6/email/iterators.py
/usr/lib/python2.6/email/iterators.pyc
/usr/lib/python2.6/email/iterators.pyo
/usr/lib/python2.6/email/message.py
/usr/lib/python2.6/email/message.pyc
/usr/lib/python2.6/email/message.pyo
/usr/lib/python2.6/email/mime/application.py
/usr/lib/python2.6/email/mime/application.pyc
/usr/lib/python2.6/email/mime/application.pyo
/usr/lib/python2.6/email/mime/audio.py
/usr/lib/python2.6/email/mime/audio.pyc
/usr/lib/python2.6/email/mime/audio.pyo
/usr/lib/python2.6/email/mime/base.py
/usr/lib/python2.6/email/mime/base.pyc
/usr/lib/python2.6/email/mime/base.pyo
/usr/lib/python2.6/email/mime/image.py
/usr/lib/python2.6/email/mime/image.pyc
/usr/lib/python2.6/email/mime/image.pyo
/usr/lib/python2.6/email/mime/message.py
/usr/lib/python2.6/email/mime/message.pyc
/usr/lib/python2.6/email/mime/message.pyo
/usr/lib/python2.6/email/mime/multipart.py
/usr/lib/python2.6/email/mime/multipart.pyc
/usr/lib/python2.6/email/mime/multipart.pyo
/usr/lib/python2.6/email/mime/nonmultipart.py
/usr/lib/python2.6/email/mime/nonmultipart.pyc
/usr/lib/python2.6/email/mime/nonmultipart.pyo
/usr/lib/python2.6/email/mime/text.py
/usr/lib/python2.6/email/mime/text.pyc
/usr/lib/python2.6/email/mime/text.pyo
/usr/lib/python2.6/email/mime/__init__.py
/usr/lib/python2.6/email/mime/__init__.pyc
/usr/lib/python2.6/email/mime/__init__.pyo
/usr/lib/python2.6/email/parser.py
/usr/lib/python2.6/email/parser.pyc
/usr/lib/python2.6/email/parser.pyo
/usr/lib/python2.6/email/quoprimime.py
/usr/lib/python2.6/email/quoprimime.pyc
/usr/lib/python2.6/email/quoprimime.pyo
/usr/lib/python2.6/email/utils.py
/usr/lib/python2.6/email/utils.pyc
/usr/lib/python2.6/email/utils.pyo
/usr/lib/python2.6/email/_parseaddr.py
/usr/lib/python2.6/email/_parseaddr.pyc
/usr/lib/python2.6/email/_parseaddr.pyo
/usr/lib/python2.6/email/__init__.py
/usr/lib/python2.6/email/__init__.pyc
/usr/lib/python2.6/email/__init__.pyo
/usr/lib/python2.6/encodings/aliases.py
/usr/lib/python2.6/encodings/aliases.pyc
/usr/lib/python2.6/encodings/aliases.pyo
/usr/lib/python2.6/encodings/ascii.py
/usr/lib/python2.6/encodings/ascii.pyc
/usr/lib/python2.6/encodings/ascii.pyo
/usr/lib/python2.6/encodings/base64_codec.py
/usr/lib/python2.6/encodings/base64_codec.pyc
/usr/lib/python2.6/encodings/base64_codec.pyo
/usr/lib/python2.6/encodings/big5.py
/usr/lib/python2.6/encodings/big5.pyc
/usr/lib/python2.6/encodings/big5.pyo
/usr/lib/python2.6/encodings/big5hkscs.py
/usr/lib/python2.6/encodings/big5hkscs.pyc
/usr/lib/python2.6/encodings/big5hkscs.pyo
/usr/lib/python2.6/encodings/bz2_codec.py
/usr/lib/python2.6/encodings/bz2_codec.pyc
/usr/lib/python2.6/encodings/bz2_codec.pyo
/usr/lib/python2.6/encodings/charmap.py
/usr/lib/python2.6/encodings/charmap.pyc
/usr/lib/python2.6/encodings/charmap.pyo
/usr/lib/python2.6/encodings/cp037.py
/usr/lib/python2.6/encodings/cp037.pyc
/usr/lib/python2.6/encodings/cp037.pyo
/usr/lib/python2.6/encodings/cp1006.py
/usr/lib/python2.6/encodings/cp1006.pyc
/usr/lib/python2.6/encodings/cp1006.pyo
/usr/lib/python2.6/encodings/cp1026.py
/usr/lib/python2.6/encodings/cp1026.pyc
/usr/lib/python2.6/encodings/cp1026.pyo
/usr/lib/python2.6/encodings/cp1140.py
/usr/lib/python2.6/encodings/cp1140.pyc
/usr/lib/python2.6/encodings/cp1140.pyo
/usr/lib/python2.6/encodings/cp1250.py
/usr/lib/python2.6/encodings/cp1250.pyc
/usr/lib/python2.6/encodings/cp1250.pyo
/usr/lib/python2.6/encodings/cp1251.py
/usr/lib/python2.6/encodings/cp1251.pyc
/usr/lib/python2.6/encodings/cp1251.pyo
/usr/lib/python2.6/encodings/cp1252.py
/usr/lib/python2.6/encodings/cp1252.pyc
/usr/lib/python2.6/encodings/cp1252.pyo
/usr/lib/python2.6/encodings/cp1253.py
/usr/lib/python2.6/encodings/cp1253.pyc
/usr/lib/python2.6/encodings/cp1253.pyo
/usr/lib/python2.6/encodings/cp1254.py
/usr/lib/python2.6/encodings/cp1254.pyc
/usr/lib/python2.6/encodings/cp1254.pyo
/usr/lib/python2.6/encodings/cp1255.py
/usr/lib/python2.6/encodings/cp1255.pyc
/usr/lib/python2.6/encodings/cp1255.pyo
/usr/lib/python2.6/encodings/cp1256.py
/usr/lib/python2.6/encodings/cp1256.pyc
/usr/lib/python2.6/encodings/cp1256.pyo
/usr/lib/python2.6/encodings/cp1257.py
/usr/lib/python2.6/encodings/cp1257.pyc
/usr/lib/python2.6/encodings/cp1257.pyo
/usr/lib/python2.6/encodings/cp1258.py
/usr/lib/python2.6/encodings/cp1258.pyc
/usr/lib/python2.6/encodings/cp1258.pyo
/usr/lib/python2.6/encodings/cp424.py
/usr/lib/python2.6/encodings/cp424.pyc
/usr/lib/python2.6/encodings/cp424.pyo
/usr/lib/python2.6/encodings/cp437.py
/usr/lib/python2.6/encodings/cp437.pyc
/usr/lib/python2.6/encodings/cp437.pyo
/usr/lib/python2.6/encodings/cp500.py
/usr/lib/python2.6/encodings/cp500.pyc
/usr/lib/python2.6/encodings/cp500.pyo
/usr/lib/python2.6/encodings/cp737.py
/usr/lib/python2.6/encodings/cp737.pyc
/usr/lib/python2.6/encodings/cp737.pyo
/usr/lib/python2.6/encodings/cp775.py
/usr/lib/python2.6/encodings/cp775.pyc
/usr/lib/python2.6/encodings/cp775.pyo
/usr/lib/python2.6/encodings/cp850.py
/usr/lib/python2.6/encodings/cp850.pyc
/usr/lib/python2.6/encodings/cp850.pyo
/usr/lib/python2.6/encodings/cp852.py
/usr/lib/python2.6/encodings/cp852.pyc
/usr/lib/python2.6/encodings/cp852.pyo
/usr/lib/python2.6/encodings/cp855.py
/usr/lib/python2.6/encodings/cp855.pyc
/usr/lib/python2.6/encodings/cp855.pyo
/usr/lib/python2.6/encodings/cp856.py
/usr/lib/python2.6/encodings/cp856.pyc
/usr/lib/python2.6/encodings/cp856.pyo
/usr/lib/python2.6/encodings/cp857.py
/usr/lib/python2.6/encodings/cp857.pyc
/usr/lib/python2.6/encodings/cp857.pyo
/usr/lib/python2.6/encodings/cp860.py
/usr/lib/python2.6/encodings/cp860.pyc
/usr/lib/python2.6/encodings/cp860.pyo
/usr/lib/python2.6/encodings/cp861.py
/usr/lib/python2.6/encodings/cp861.pyc
/usr/lib/python2.6/encodings/cp861.pyo
/usr/lib/python2.6/encodings/cp862.py
/usr/lib/python2.6/encodings/cp862.pyc
/usr/lib/python2.6/encodings/cp862.pyo
/usr/lib/python2.6/encodings/cp863.py
/usr/lib/python2.6/encodings/cp863.pyc
/usr/lib/python2.6/encodings/cp863.pyo
/usr/lib/python2.6/encodings/cp864.py
/usr/lib/python2.6/encodings/cp864.pyc
/usr/lib/python2.6/encodings/cp864.pyo
/usr/lib/python2.6/encodings/cp865.py
/usr/lib/python2.6/encodings/cp865.pyc
/usr/lib/python2.6/encodings/cp865.pyo
/usr/lib/python2.6/encodings/cp866.py
/usr/lib/python2.6/encodings/cp866.pyc
/usr/lib/python2.6/encodings/cp866.pyo
/usr/lib/python2.6/encodings/cp869.py
/usr/lib/python2.6/encodings/cp869.pyc
/usr/lib/python2.6/encodings/cp869.pyo
/usr/lib/python2.6/encodings/cp874.py
/usr/lib/python2.6/encodings/cp874.pyc
/usr/lib/python2.6/encodings/cp874.pyo
/usr/lib/python2.6/encodings/cp875.py
/usr/lib/python2.6/encodings/cp875.pyc
/usr/lib/python2.6/encodings/cp875.pyo
/usr/lib/python2.6/encodings/cp932.py
/usr/lib/python2.6/encodings/cp932.pyc
/usr/lib/python2.6/encodings/cp932.pyo
/usr/lib/python2.6/encodings/cp949.py
/usr/lib/python2.6/encodings/cp949.pyc
/usr/lib/python2.6/encodings/cp949.pyo
/usr/lib/python2.6/encodings/cp950.py
/usr/lib/python2.6/encodings/cp950.pyc
/usr/lib/python2.6/encodings/cp950.pyo
/usr/lib/python2.6/encodings/euc_jisx0213.py
/usr/lib/python2.6/encodings/euc_jisx0213.pyc
/usr/lib/python2.6/encodings/euc_jisx0213.pyo
/usr/lib/python2.6/encodings/euc_jis_2004.py
/usr/lib/python2.6/encodings/euc_jis_2004.pyc
/usr/lib/python2.6/encodings/euc_jis_2004.pyo
/usr/lib/python2.6/encodings/euc_jp.py
/usr/lib/python2.6/encodings/euc_jp.pyc
/usr/lib/python2.6/encodings/euc_jp.pyo
/usr/lib/python2.6/encodings/euc_kr.py
/usr/lib/python2.6/encodings/euc_kr.pyc
/usr/lib/python2.6/encodings/euc_kr.pyo
/usr/lib/python2.6/encodings/gb18030.py
/usr/lib/python2.6/encodings/gb18030.pyc
/usr/lib/python2.6/encodings/gb18030.pyo
/usr/lib/python2.6/encodings/gb2312.py
/usr/lib/python2.6/encodings/gb2312.pyc
/usr/lib/python2.6/encodings/gb2312.pyo
/usr/lib/python2.6/encodings/gbk.py
/usr/lib/python2.6/encodings/gbk.pyc
/usr/lib/python2.6/encodings/gbk.pyo
/usr/lib/python2.6/encodings/hex_codec.py
/usr/lib/python2.6/encodings/hex_codec.pyc
/usr/lib/python2.6/encodings/hex_codec.pyo
/usr/lib/python2.6/encodings/hp_roman8.py
/usr/lib/python2.6/encodings/hp_roman8.pyc
/usr/lib/python2.6/encodings/hp_roman8.pyo
/usr/lib/python2.6/encodings/hz.py
/usr/lib/python2.6/encodings/hz.pyc
/usr/lib/python2.6/encodings/hz.pyo
/usr/lib/python2.6/encodings/idna.py
/usr/lib/python2.6/encodings/idna.pyc
/usr/lib/python2.6/encodings/idna.pyo
/usr/lib/python2.6/encodings/iso2022_jp.py
/usr/lib/python2.6/encodings/iso2022_jp.pyc
/usr/lib/python2.6/encodings/iso2022_jp.pyo
/usr/lib/python2.6/encodings/iso2022_jp_1.py
/usr/lib/python2.6/encodings/iso2022_jp_1.pyc
/usr/lib/python2.6/encodings/iso2022_jp_1.pyo
/usr/lib/python2.6/encodings/iso2022_jp_2.py
/usr/lib/python2.6/encodings/iso2022_jp_2.pyc
/usr/lib/python2.6/encodings/iso2022_jp_2.pyo
/usr/lib/python2.6/encodings/iso2022_jp_2004.py
/usr/lib/python2.6/encodings/iso2022_jp_2004.pyc
/usr/lib/python2.6/encodings/iso2022_jp_2004.pyo
/usr/lib/python2.6/encodings/iso2022_jp_3.py
/usr/lib/python2.6/encodings/iso2022_jp_3.pyc
/usr/lib/python2.6/encodings/iso2022_jp_3.pyo
/usr/lib/python2.6/encodings/iso2022_jp_ext.py
/usr/lib/python2.6/encodings/iso2022_jp_ext.pyc
/usr/lib/python2.6/encodings/iso2022_jp_ext.pyo
/usr/lib/python2.6/encodings/iso2022_kr.py
/usr/lib/python2.6/encodings/iso2022_kr.pyc
/usr/lib/python2.6/encodings/iso2022_kr.pyo
/usr/lib/python2.6/encodings/iso8859_1.py
/usr/lib/python2.6/encodings/iso8859_1.pyc
/usr/lib/python2.6/encodings/iso8859_1.pyo
/usr/lib/python2.6/encodings/iso8859_10.py
/usr/lib/python2.6/encodings/iso8859_10.pyc
/usr/lib/python2.6/encodings/iso8859_10.pyo
/usr/lib/python2.6/encodings/iso8859_11.py
/usr/lib/python2.6/encodings/iso8859_11.pyc
/usr/lib/python2.6/encodings/iso8859_11.pyo
/usr/lib/python2.6/encodings/iso8859_13.py
/usr/lib/python2.6/encodings/iso8859_13.pyc
/usr/lib/python2.6/encodings/iso8859_13.pyo
/usr/lib/python2.6/encodings/iso8859_14.py
/usr/lib/python2.6/encodings/iso8859_14.pyc
/usr/lib/python2.6/encodings/iso8859_14.pyo
/usr/lib/python2.6/encodings/iso8859_15.py
/usr/lib/python2.6/encodings/iso8859_15.pyc
/usr/lib/python2.6/encodings/iso8859_15.pyo
/usr/lib/python2.6/encodings/iso8859_16.py
/usr/lib/python2.6/encodings/iso8859_16.pyc
/usr/lib/python2.6/encodings/iso8859_16.pyo
/usr/lib/python2.6/encodings/iso8859_2.py
/usr/lib/python2.6/encodings/iso8859_2.pyc
/usr/lib/python2.6/encodings/iso8859_2.pyo
/usr/lib/python2.6/encodings/iso8859_3.py
/usr/lib/python2.6/encodings/iso8859_3.pyc
/usr/lib/python2.6/encodings/iso8859_3.pyo
/usr/lib/python2.6/encodings/iso8859_4.py
/usr/lib/python2.6/encodings/iso8859_4.pyc
/usr/lib/python2.6/encodings/iso8859_4.pyo
/usr/lib/python2.6/encodings/iso8859_5.py
/usr/lib/python2.6/encodings/iso8859_5.pyc
/usr/lib/python2.6/encodings/iso8859_5.pyo
/usr/lib/python2.6/encodings/iso8859_6.py
/usr/lib/python2.6/encodings/iso8859_6.pyc
/usr/lib/python2.6/encodings/iso8859_6.pyo
/usr/lib/python2.6/encodings/iso8859_7.py
/usr/lib/python2.6/encodings/iso8859_7.pyc
/usr/lib/python2.6/encodings/iso8859_7.pyo
/usr/lib/python2.6/encodings/iso8859_8.py
/usr/lib/python2.6/encodings/iso8859_8.pyc
/usr/lib/python2.6/encodings/iso8859_8.pyo
/usr/lib/python2.6/encodings/iso8859_9.py
/usr/lib/python2.6/encodings/iso8859_9.pyc
/usr/lib/python2.6/encodings/iso8859_9.pyo
/usr/lib/python2.6/encodings/johab.py
/usr/lib/python2.6/encodings/johab.pyc
/usr/lib/python2.6/encodings/johab.pyo
/usr/lib/python2.6/encodings/koi8_r.py
/usr/lib/python2.6/encodings/koi8_r.pyc
/usr/lib/python2.6/encodings/koi8_r.pyo
/usr/lib/python2.6/encodings/koi8_u.py
/usr/lib/python2.6/encodings/koi8_u.pyc
/usr/lib/python2.6/encodings/koi8_u.pyo
/usr/lib/python2.6/encodings/latin_1.py
/usr/lib/python2.6/encodings/latin_1.pyc
/usr/lib/python2.6/encodings/latin_1.pyo
/usr/lib/python2.6/encodings/mac_arabic.py
/usr/lib/python2.6/encodings/mac_arabic.pyc
/usr/lib/python2.6/encodings/mac_arabic.pyo
/usr/lib/python2.6/encodings/mac_centeuro.py
/usr/lib/python2.6/encodings/mac_centeuro.pyc
/usr/lib/python2.6/encodings/mac_centeuro.pyo
/usr/lib/python2.6/encodings/mac_croatian.py
/usr/lib/python2.6/encodings/mac_croatian.pyc
/usr/lib/python2.6/encodings/mac_croatian.pyo
/usr/lib/python2.6/encodings/mac_cyrillic.py
/usr/lib/python2.6/encodings/mac_cyrillic.pyc
/usr/lib/python2.6/encodings/mac_cyrillic.pyo
/usr/lib/python2.6/encodings/mac_farsi.py
/usr/lib/python2.6/encodings/mac_farsi.pyc
/usr/lib/python2.6/encodings/mac_farsi.pyo
/usr/lib/python2.6/encodings/mac_greek.py
/usr/lib/python2.6/encodings/mac_greek.pyc
/usr/lib/python2.6/encodings/mac_greek.pyo
/usr/lib/python2.6/encodings/mac_iceland.py
/usr/lib/python2.6/encodings/mac_iceland.pyc
/usr/lib/python2.6/encodings/mac_iceland.pyo
/usr/lib/python2.6/encodings/mac_latin2.py
/usr/lib/python2.6/encodings/mac_latin2.pyc
/usr/lib/python2.6/encodings/mac_latin2.pyo
/usr/lib/python2.6/encodings/mac_roman.py
/usr/lib/python2.6/encodings/mac_roman.pyc
/usr/lib/python2.6/encodings/mac_roman.pyo
/usr/lib/python2.6/encodings/mac_romanian.py
/usr/lib/python2.6/encodings/mac_romanian.pyc
/usr/lib/python2.6/encodings/mac_romanian.pyo
/usr/lib/python2.6/encodings/mac_turkish.py
/usr/lib/python2.6/encodings/mac_turkish.pyc
/usr/lib/python2.6/encodings/mac_turkish.pyo
/usr/lib/python2.6/encodings/mbcs.py
/usr/lib/python2.6/encodings/mbcs.pyc
/usr/lib/python2.6/encodings/mbcs.pyo
/usr/lib/python2.6/encodings/palmos.py
/usr/lib/python2.6/encodings/palmos.pyc
/usr/lib/python2.6/encodings/palmos.pyo
/usr/lib/python2.6/encodings/ptcp154.py
/usr/lib/python2.6/encodings/ptcp154.pyc
/usr/lib/python2.6/encodings/ptcp154.pyo
/usr/lib/python2.6/encodings/punycode.py
/usr/lib/python2.6/encodings/punycode.pyc
/usr/lib/python2.6/encodings/punycode.pyo
/usr/lib/python2.6/encodings/quopri_codec.py
/usr/lib/python2.6/encodings/quopri_codec.pyc
/usr/lib/python2.6/encodings/quopri_codec.pyo
/usr/lib/python2.6/encodings/raw_unicode_escape.py
/usr/lib/python2.6/encodings/raw_unicode_escape.pyc
/usr/lib/python2.6/encodings/raw_unicode_escape.pyo
/usr/lib/python2.6/encodings/rot_13.py
/usr/lib/python2.6/encodings/rot_13.pyc
/usr/lib/python2.6/encodings/rot_13.pyo
/usr/lib/python2.6/encodings/shift_jis.py
/usr/lib/python2.6/encodings/shift_jis.pyc
/usr/lib/python2.6/encodings/shift_jis.pyo
/usr/lib/python2.6/encodings/shift_jisx0213.py
/usr/lib/python2.6/encodings/shift_jisx0213.pyc
/usr/lib/python2.6/encodings/shift_jisx0213.pyo
/usr/lib/python2.6/encodings/shift_jis_2004.py
/usr/lib/python2.6/encodings/shift_jis_2004.pyc
/usr/lib/python2.6/encodings/shift_jis_2004.pyo
/usr/lib/python2.6/encodings/string_escape.py
/usr/lib/python2.6/encodings/string_escape.pyc
/usr/lib/python2.6/encodings/string_escape.pyo
/usr/lib/python2.6/encodings/tis_620.py
/usr/lib/python2.6/encodings/tis_620.pyc
/usr/lib/python2.6/encodings/tis_620.pyo
/usr/lib/python2.6/encodings/undefined.py
/usr/lib/python2.6/encodings/undefined.pyc
/usr/lib/python2.6/encodings/undefined.pyo
/usr/lib/python2.6/encodings/unicode_escape.py
/usr/lib/python2.6/encodings/unicode_escape.pyc
/usr/lib/python2.6/encodings/unicode_escape.pyo
/usr/lib/python2.6/encodings/unicode_internal.py
/usr/lib/python2.6/encodings/unicode_internal.pyc
/usr/lib/python2.6/encodings/unicode_internal.pyo
/usr/lib/python2.6/encodings/utf_16.py
/usr/lib/python2.6/encodings/utf_16.pyc
/usr/lib/python2.6/encodings/utf_16.pyo
/usr/lib/python2.6/encodings/utf_16_be.py
/usr/lib/python2.6/encodings/utf_16_be.pyc
/usr/lib/python2.6/encodings/utf_16_be.pyo
/usr/lib/python2.6/encodings/utf_16_le.py
/usr/lib/python2.6/encodings/utf_16_le.pyc
/usr/lib/python2.6/encodings/utf_16_le.pyo
/usr/lib/python2.6/encodings/utf_32.py
/usr/lib/python2.6/encodings/utf_32.pyc
/usr/lib/python2.6/encodings/utf_32.pyo
/usr/lib/python2.6/encodings/utf_32_be.py
/usr/lib/python2.6/encodings/utf_32_be.pyc
/usr/lib/python2.6/encodings/utf_32_be.pyo
/usr/lib/python2.6/encodings/utf_32_le.py
/usr/lib/python2.6/encodings/utf_32_le.pyc
/usr/lib/python2.6/encodings/utf_32_le.pyo
/usr/lib/python2.6/encodings/utf_7.py
/usr/lib/python2.6/encodings/utf_7.pyc
/usr/lib/python2.6/encodings/utf_7.pyo
/usr/lib/python2.6/encodings/utf_8.py
/usr/lib/python2.6/encodings/utf_8.pyc
/usr/lib/python2.6/encodings/utf_8.pyo
/usr/lib/python2.6/encodings/utf_8_sig.py
/usr/lib/python2.6/encodings/utf_8_sig.pyc
/usr/lib/python2.6/encodings/utf_8_sig.pyo
/usr/lib/python2.6/encodings/uu_codec.py
/usr/lib/python2.6/encodings/uu_codec.pyc
/usr/lib/python2.6/encodings/uu_codec.pyo
/usr/lib/python2.6/encodings/zlib_codec.py
/usr/lib/python2.6/encodings/zlib_codec.pyc
/usr/lib/python2.6/encodings/zlib_codec.pyo
/usr/lib/python2.6/encodings/__init__.py
/usr/lib/python2.6/encodings/__init__.pyc
/usr/lib/python2.6/encodings/__init__.pyo
/usr/lib/python2.6/filecmp.py
/usr/lib/python2.6/filecmp.pyc
/usr/lib/python2.6/filecmp.pyo
/usr/lib/python2.6/fileinput.py
/usr/lib/python2.6/fileinput.pyc
/usr/lib/python2.6/fileinput.pyo
/usr/lib/python2.6/fnmatch.py
/usr/lib/python2.6/fnmatch.pyc
/usr/lib/python2.6/fnmatch.pyo
/usr/lib/python2.6/formatter.py
/usr/lib/python2.6/formatter.pyc
/usr/lib/python2.6/formatter.pyo
/usr/lib/python2.6/fpformat.py
/usr/lib/python2.6/fpformat.pyc
/usr/lib/python2.6/fpformat.pyo
/usr/lib/python2.6/fractions.py
/usr/lib/python2.6/fractions.pyc
/usr/lib/python2.6/fractions.pyo
/usr/lib/python2.6/ftplib.py
/usr/lib/python2.6/ftplib.pyc
/usr/lib/python2.6/ftplib.pyo
/usr/lib/python2.6/functools.py
/usr/lib/python2.6/functools.pyc
/usr/lib/python2.6/functools.pyo
/usr/lib/python2.6/genericpath.py
/usr/lib/python2.6/genericpath.pyc
/usr/lib/python2.6/genericpath.pyo
/usr/lib/python2.6/getopt.py
/usr/lib/python2.6/getopt.pyc
/usr/lib/python2.6/getopt.pyo
/usr/lib/python2.6/getpass.py
/usr/lib/python2.6/getpass.pyc
/usr/lib/python2.6/getpass.pyo
/usr/lib/python2.6/gettext.py
/usr/lib/python2.6/gettext.pyc
/usr/lib/python2.6/gettext.pyo
/usr/lib/python2.6/glob.py
/usr/lib/python2.6/glob.pyc
/usr/lib/python2.6/glob.pyo
/usr/lib/python2.6/gzip.py
/usr/lib/python2.6/gzip.pyc
/usr/lib/python2.6/gzip.pyo
/usr/lib/python2.6/hashlib.py
/usr/lib/python2.6/hashlib.pyc
/usr/lib/python2.6/hashlib.pyo
/usr/lib/python2.6/heapq.py
/usr/lib/python2.6/heapq.pyc
/usr/lib/python2.6/heapq.pyo
/usr/lib/python2.6/hmac.py
/usr/lib/python2.6/hmac.pyc
/usr/lib/python2.6/hmac.pyo
/usr/lib/python2.6/hotshot/log.py
/usr/lib/python2.6/hotshot/log.pyc
/usr/lib/python2.6/hotshot/log.pyo
/usr/lib/python2.6/hotshot/stats.py
/usr/lib/python2.6/hotshot/stats.pyc
/usr/lib/python2.6/hotshot/stats.pyo
/usr/lib/python2.6/hotshot/stones.py
/usr/lib/python2.6/hotshot/stones.pyc
/usr/lib/python2.6/hotshot/stones.pyo
/usr/lib/python2.6/hotshot/__init__.py
/usr/lib/python2.6/hotshot/__init__.pyc
/usr/lib/python2.6/hotshot/__init__.pyo
/usr/lib/python2.6/htmlentitydefs.py
/usr/lib/python2.6/htmlentitydefs.pyc
/usr/lib/python2.6/htmlentitydefs.pyo
/usr/lib/python2.6/htmllib.py
/usr/lib/python2.6/htmllib.pyc
/usr/lib/python2.6/htmllib.pyo
/usr/lib/python2.6/HTMLParser.py
/usr/lib/python2.6/HTMLParser.pyc
/usr/lib/python2.6/HTMLParser.pyo
/usr/lib/python2.6/httplib.py
/usr/lib/python2.6/httplib.pyc
/usr/lib/python2.6/httplib.pyo
/usr/lib/python2.6/ihooks.py
/usr/lib/python2.6/ihooks.pyc
/usr/lib/python2.6/ihooks.pyo
/usr/lib/python2.6/imaplib.py
/usr/lib/python2.6/imaplib.pyc
/usr/lib/python2.6/imaplib.pyo
/usr/lib/python2.6/imghdr.py
/usr/lib/python2.6/imghdr.pyc
/usr/lib/python2.6/imghdr.pyo
/usr/lib/python2.6/imputil.py
/usr/lib/python2.6/imputil.pyc
/usr/lib/python2.6/imputil.pyo
/usr/lib/python2.6/inspect.py
/usr/lib/python2.6/inspect.pyc
/usr/lib/python2.6/inspect.pyo
/usr/lib/python2.6/io.py
/usr/lib/python2.6/io.pyc
/usr/lib/python2.6/io.pyo
/usr/lib/python2.6/json/decoder.py
/usr/lib/python2.6/json/decoder.pyc
/usr/lib/python2.6/json/decoder.pyo
/usr/lib/python2.6/json/encoder.py
/usr/lib/python2.6/json/encoder.pyc
/usr/lib/python2.6/json/encoder.pyo
/usr/lib/python2.6/json/scanner.py
/usr/lib/python2.6/json/scanner.pyc
/usr/lib/python2.6/json/scanner.pyo
/usr/lib/python2.6/json/tool.py
/usr/lib/python2.6/json/tool.pyc
/usr/lib/python2.6/json/tool.pyo
/usr/lib/python2.6/json/__init__.py
/usr/lib/python2.6/json/__init__.pyc
/usr/lib/python2.6/json/__init__.pyo
/usr/lib/python2.6/keyword.py
/usr/lib/python2.6/keyword.pyc
/usr/lib/python2.6/keyword.pyo
/usr/lib/python2.6/lib-dynload/array.dll
/usr/lib/python2.6/lib-dynload/audioop.dll
/usr/lib/python2.6/lib-dynload/binascii.dll
/usr/lib/python2.6/lib-dynload/bz2.dll
/usr/lib/python2.6/lib-dynload/cmath.dll
/usr/lib/python2.6/lib-dynload/cPickle.dll
/usr/lib/python2.6/lib-dynload/crypt.dll
/usr/lib/python2.6/lib-dynload/cStringIO.dll
/usr/lib/python2.6/lib-dynload/datetime.dll
/usr/lib/python2.6/lib-dynload/dbm.dll
/usr/lib/python2.6/lib-dynload/dl.dll
/usr/lib/python2.6/lib-dynload/fcntl.dll
/usr/lib/python2.6/lib-dynload/future_builtins.dll
/usr/lib/python2.6/lib-dynload/gdbm.dll
/usr/lib/python2.6/lib-dynload/grp.dll
/usr/lib/python2.6/lib-dynload/imageop.dll
/usr/lib/python2.6/lib-dynload/itertools.dll
/usr/lib/python2.6/lib-dynload/math.dll
/usr/lib/python2.6/lib-dynload/mmap.dll
/usr/lib/python2.6/lib-dynload/operator.dll
/usr/lib/python2.6/lib-dynload/parser.dll
/usr/lib/python2.6/lib-dynload/pyexpat.dll
/usr/lib/python2.6/lib-dynload/Python-2.6.8-py2.6.egg-info
/usr/lib/python2.6/lib-dynload/readline.dll
/usr/lib/python2.6/lib-dynload/resource.dll
/usr/lib/python2.6/lib-dynload/select.dll
/usr/lib/python2.6/lib-dynload/strop.dll
/usr/lib/python2.6/lib-dynload/syslog.dll
/usr/lib/python2.6/lib-dynload/termios.dll
/usr/lib/python2.6/lib-dynload/time.dll
/usr/lib/python2.6/lib-dynload/unicodedata.dll
/usr/lib/python2.6/lib-dynload/zlib.dll
/usr/lib/python2.6/lib-dynload/_bisect.dll
/usr/lib/python2.6/lib-dynload/_bsddb.dll
/usr/lib/python2.6/lib-dynload/_bytesio.dll
/usr/lib/python2.6/lib-dynload/_codecs_cn.dll
/usr/lib/python2.6/lib-dynload/_codecs_hk.dll
/usr/lib/python2.6/lib-dynload/_codecs_iso2022.dll
/usr/lib/python2.6/lib-dynload/_codecs_jp.dll
/usr/lib/python2.6/lib-dynload/_codecs_kr.dll
/usr/lib/python2.6/lib-dynload/_codecs_tw.dll
/usr/lib/python2.6/lib-dynload/_collections.dll
/usr/lib/python2.6/lib-dynload/_csv.dll
/usr/lib/python2.6/lib-dynload/_ctypes.dll
/usr/lib/python2.6/lib-dynload/_ctypes_test.dll
/usr/lib/python2.6/lib-dynload/_curses.dll
/usr/lib/python2.6/lib-dynload/_curses_panel.dll
/usr/lib/python2.6/lib-dynload/_elementtree.dll
/usr/lib/python2.6/lib-dynload/_fileio.dll
/usr/lib/python2.6/lib-dynload/_functools.dll
/usr/lib/python2.6/lib-dynload/_hashlib.dll
/usr/lib/python2.6/lib-dynload/_heapq.dll
/usr/lib/python2.6/lib-dynload/_hotshot.dll
/usr/lib/python2.6/lib-dynload/_json.dll
/usr/lib/python2.6/lib-dynload/_locale.dll
/usr/lib/python2.6/lib-dynload/_lsprof.dll
/usr/lib/python2.6/lib-dynload/_multibytecodec.dll
/usr/lib/python2.6/lib-dynload/_multiprocessing.dll
/usr/lib/python2.6/lib-dynload/_random.dll
/usr/lib/python2.6/lib-dynload/_socket.dll
/usr/lib/python2.6/lib-dynload/_sqlite3.dll
/usr/lib/python2.6/lib-dynload/_ssl.dll
/usr/lib/python2.6/lib-dynload/_struct.dll
/usr/lib/python2.6/lib-dynload/_testcapi.dll
/usr/lib/python2.6/lib-dynload/_weakref.dll
/usr/lib/python2.6/lib2to3/fixer_base.py
/usr/lib/python2.6/lib2to3/fixer_base.pyc
/usr/lib/python2.6/lib2to3/fixer_base.pyo
/usr/lib/python2.6/lib2to3/fixer_util.py
/usr/lib/python2.6/lib2to3/fixer_util.pyc
/usr/lib/python2.6/lib2to3/fixer_util.pyo
/usr/lib/python2.6/lib2to3/fixes/fix_apply.py
/usr/lib/python2.6/lib2to3/fixes/fix_apply.pyc
/usr/lib/python2.6/lib2to3/fixes/fix_apply.pyo
/usr/lib/python2.6/lib2to3/fixes/fix_basestring.py
/usr/lib/python2.6/lib2to3/fixes/fix_basestring.pyc
/usr/lib/python2.6/lib2to3/fixes/fix_basestring.pyo
/usr/lib/python2.6/lib2to3/fixes/fix_buffer.py
/usr/lib/python2.6/lib2to3/fixes/fix_buffer.pyc
/usr/lib/python2.6/lib2to3/fixes/fix_buffer.pyo
/usr/lib/python2.6/lib2to3/fixes/fix_callable.py
/usr/lib/python2.6/lib2to3/fixes/fix_callable.pyc
/usr/lib/python2.6/lib2to3/fixes/fix_callable.pyo
/usr/lib/python2.6/lib2to3/fixes/fix_dict.py
/usr/lib/python2.6/lib2to3/fixes/fix_dict.pyc
/usr/lib/python2.6/lib2to3/fixes/fix_dict.pyo
/usr/lib/python2.6/lib2to3/fixes/fix_except.py
/usr/lib/python2.6/lib2to3/fixes/fix_except.pyc
/usr/lib/python2.6/lib2to3/fixes/fix_except.pyo
/usr/lib/python2.6/lib2to3/fixes/fix_exec.py
/usr/lib/python2.6/lib2to3/fixes/fix_exec.pyc
/usr/lib/python2.6/lib2to3/fixes/fix_exec.pyo
/usr/lib/python2.6/lib2to3/fixes/fix_execfile.py
/usr/lib/python2.6/lib2to3/fixes/fix_execfile.pyc
/usr/lib/python2.6/lib2to3/fixes/fix_execfile.pyo
/usr/lib/python2.6/lib2to3/fixes/fix_exitfunc.py
/usr/lib/python2.6/lib2to3/fixes/fix_exitfunc.pyc
/usr/lib/python2.6/lib2to3/fixes/fix_exitfunc.pyo
/usr/lib/python2.6/lib2to3/fixes/fix_filter.py
/usr/lib/python2.6/lib2to3/fixes/fix_filter.pyc
/usr/lib/python2.6/lib2to3/fixes/fix_filter.pyo
/usr/lib/python2.6/lib2to3/fixes/fix_funcattrs.py
/usr/lib/python2.6/lib2to3/fixes/fix_funcattrs.pyc
/usr/lib/python2.6/lib2to3/fixes/fix_funcattrs.pyo
/usr/lib/python2.6/lib2to3/fixes/fix_future.py
/usr/lib/python2.6/lib2to3/fixes/fix_future.pyc
/usr/lib/python2.6/lib2to3/fixes/fix_future.pyo
/usr/lib/python2.6/lib2to3/fixes/fix_getcwdu.py
/usr/lib/python2.6/lib2to3/fixes/fix_getcwdu.pyc
/usr/lib/python2.6/lib2to3/fixes/fix_getcwdu.pyo
/usr/lib/python2.6/lib2to3/fixes/fix_has_key.py
/usr/lib/python2.6/lib2to3/fixes/fix_has_key.pyc
/usr/lib/python2.6/lib2to3/fixes/fix_has_key.pyo
/usr/lib/python2.6/lib2to3/fixes/fix_idioms.py
/usr/lib/python2.6/lib2to3/fixes/fix_idioms.pyc
/usr/lib/python2.6/lib2to3/fixes/fix_idioms.pyo
/usr/lib/python2.6/lib2to3/fixes/fix_import.py
/usr/lib/python2.6/lib2to3/fixes/fix_import.pyc
/usr/lib/python2.6/lib2to3/fixes/fix_import.pyo
/usr/lib/python2.6/lib2to3/fixes/fix_imports.py
/usr/lib/python2.6/lib2to3/fixes/fix_imports.pyc
/usr/lib/python2.6/lib2to3/fixes/fix_imports.pyo
/usr/lib/python2.6/lib2to3/fixes/fix_imports2.py
/usr/lib/python2.6/lib2to3/fixes/fix_imports2.pyc
/usr/lib/python2.6/lib2to3/fixes/fix_imports2.pyo
/usr/lib/python2.6/lib2to3/fixes/fix_input.py
/usr/lib/python2.6/lib2to3/fixes/fix_input.pyc
/usr/lib/python2.6/lib2to3/fixes/fix_input.pyo
/usr/lib/python2.6/lib2to3/fixes/fix_intern.py
/usr/lib/python2.6/lib2to3/fixes/fix_intern.pyc
/usr/lib/python2.6/lib2to3/fixes/fix_intern.pyo
/usr/lib/python2.6/lib2to3/fixes/fix_isinstance.py
/usr/lib/python2.6/lib2to3/fixes/fix_isinstance.pyc
/usr/lib/python2.6/lib2to3/fixes/fix_isinstance.pyo
/usr/lib/python2.6/lib2to3/fixes/fix_itertools.py
/usr/lib/python2.6/lib2to3/fixes/fix_itertools.pyc
/usr/lib/python2.6/lib2to3/fixes/fix_itertools.pyo
/usr/lib/python2.6/lib2to3/fixes/fix_itertools_imports.py
/usr/lib/python2.6/lib2to3/fixes/fix_itertools_imports.pyc
/usr/lib/python2.6/lib2to3/fixes/fix_itertools_imports.pyo
/usr/lib/python2.6/lib2to3/fixes/fix_long.py
/usr/lib/python2.6/lib2to3/fixes/fix_long.pyc
/usr/lib/python2.6/lib2to3/fixes/fix_long.pyo
/usr/lib/python2.6/lib2to3/fixes/fix_map.py
/usr/lib/python2.6/lib2to3/fixes/fix_map.pyc
/usr/lib/python2.6/lib2to3/fixes/fix_map.pyo
/usr/lib/python2.6/lib2to3/fixes/fix_metaclass.py
/usr/lib/python2.6/lib2to3/fixes/fix_metaclass.pyc
/usr/lib/python2.6/lib2to3/fixes/fix_metaclass.pyo
/usr/lib/python2.6/lib2to3/fixes/fix_methodattrs.py
/usr/lib/python2.6/lib2to3/fixes/fix_methodattrs.pyc
/usr/lib/python2.6/lib2to3/fixes/fix_methodattrs.pyo
/usr/lib/python2.6/lib2to3/fixes/fix_ne.py
/usr/lib/python2.6/lib2to3/fixes/fix_ne.pyc
/usr/lib/python2.6/lib2to3/fixes/fix_ne.pyo
/usr/lib/python2.6/lib2to3/fixes/fix_next.py
/usr/lib/python2.6/lib2to3/fixes/fix_next.pyc
/usr/lib/python2.6/lib2to3/fixes/fix_next.pyo
/usr/lib/python2.6/lib2to3/fixes/fix_nonzero.py
/usr/lib/python2.6/lib2to3/fixes/fix_nonzero.pyc
/usr/lib/python2.6/lib2to3/fixes/fix_nonzero.pyo
/usr/lib/python2.6/lib2to3/fixes/fix_numliterals.py
/usr/lib/python2.6/lib2to3/fixes/fix_numliterals.pyc
/usr/lib/python2.6/lib2to3/fixes/fix_numliterals.pyo
/usr/lib/python2.6/lib2to3/fixes/fix_operator.py
/usr/lib/python2.6/lib2to3/fixes/fix_operator.pyc
/usr/lib/python2.6/lib2to3/fixes/fix_operator.pyo
/usr/lib/python2.6/lib2to3/fixes/fix_paren.py
/usr/lib/python2.6/lib2to3/fixes/fix_paren.pyc
/usr/lib/python2.6/lib2to3/fixes/fix_paren.pyo
/usr/lib/python2.6/lib2to3/fixes/fix_print.py
/usr/lib/python2.6/lib2to3/fixes/fix_print.pyc
/usr/lib/python2.6/lib2to3/fixes/fix_print.pyo
/usr/lib/python2.6/lib2to3/fixes/fix_raise.py
/usr/lib/python2.6/lib2to3/fixes/fix_raise.pyc
/usr/lib/python2.6/lib2to3/fixes/fix_raise.pyo
/usr/lib/python2.6/lib2to3/fixes/fix_raw_input.py
/usr/lib/python2.6/lib2to3/fixes/fix_raw_input.pyc
/usr/lib/python2.6/lib2to3/fixes/fix_raw_input.pyo
/usr/lib/python2.6/lib2to3/fixes/fix_reduce.py
/usr/lib/python2.6/lib2to3/fixes/fix_reduce.pyc
/usr/lib/python2.6/lib2to3/fixes/fix_reduce.pyo
/usr/lib/python2.6/lib2to3/fixes/fix_renames.py
/usr/lib/python2.6/lib2to3/fixes/fix_renames.pyc
/usr/lib/python2.6/lib2to3/fixes/fix_renames.pyo
/usr/lib/python2.6/lib2to3/fixes/fix_repr.py
/usr/lib/python2.6/lib2to3/fixes/fix_repr.pyc
/usr/lib/python2.6/lib2to3/fixes/fix_repr.pyo
/usr/lib/python2.6/lib2to3/fixes/fix_set_literal.py
/usr/lib/python2.6/lib2to3/fixes/fix_set_literal.pyc
/usr/lib/python2.6/lib2to3/fixes/fix_set_literal.pyo
/usr/lib/python2.6/lib2to3/fixes/fix_standarderror.py
/usr/lib/python2.6/lib2to3/fixes/fix_standarderror.pyc
/usr/lib/python2.6/lib2to3/fixes/fix_standarderror.pyo
/usr/lib/python2.6/lib2to3/fixes/fix_sys_exc.py
/usr/lib/python2.6/lib2to3/fixes/fix_sys_exc.pyc
/usr/lib/python2.6/lib2to3/fixes/fix_sys_exc.pyo
/usr/lib/python2.6/lib2to3/fixes/fix_throw.py
/usr/lib/python2.6/lib2to3/fixes/fix_throw.pyc
/usr/lib/python2.6/lib2to3/fixes/fix_throw.pyo
/usr/lib/python2.6/lib2to3/fixes/fix_tuple_params.py
/usr/lib/python2.6/lib2to3/fixes/fix_tuple_params.pyc
/usr/lib/python2.6/lib2to3/fixes/fix_tuple_params.pyo
/usr/lib/python2.6/lib2to3/fixes/fix_types.py
/usr/lib/python2.6/lib2to3/fixes/fix_types.pyc
/usr/lib/python2.6/lib2to3/fixes/fix_types.pyo
/usr/lib/python2.6/lib2to3/fixes/fix_unicode.py
/usr/lib/python2.6/lib2to3/fixes/fix_unicode.pyc
/usr/lib/python2.6/lib2to3/fixes/fix_unicode.pyo
/usr/lib/python2.6/lib2to3/fixes/fix_urllib.py
/usr/lib/python2.6/lib2to3/fixes/fix_urllib.pyc
/usr/lib/python2.6/lib2to3/fixes/fix_urllib.pyo
/usr/lib/python2.6/lib2to3/fixes/fix_ws_comma.py
/usr/lib/python2.6/lib2to3/fixes/fix_ws_comma.pyc
/usr/lib/python2.6/lib2to3/fixes/fix_ws_comma.pyo
/usr/lib/python2.6/lib2to3/fixes/fix_xrange.py
/usr/lib/python2.6/lib2to3/fixes/fix_xrange.pyc
/usr/lib/python2.6/lib2to3/fixes/fix_xrange.pyo
/usr/lib/python2.6/lib2to3/fixes/fix_xreadlines.py
/usr/lib/python2.6/lib2to3/fixes/fix_xreadlines.pyc
/usr/lib/python2.6/lib2to3/fixes/fix_xreadlines.pyo
/usr/lib/python2.6/lib2to3/fixes/fix_zip.py
/usr/lib/python2.6/lib2to3/fixes/fix_zip.pyc
/usr/lib/python2.6/lib2to3/fixes/fix_zip.pyo
/usr/lib/python2.6/lib2to3/fixes/__init__.py
/usr/lib/python2.6/lib2to3/fixes/__init__.pyc
/usr/lib/python2.6/lib2to3/fixes/__init__.pyo
/usr/lib/python2.6/lib2to3/Grammar.txt
/usr/lib/python2.6/lib2to3/Grammar2.6.8.final.0.pickle
/usr/lib/python2.6/lib2to3/main.py
/usr/lib/python2.6/lib2to3/main.pyc
/usr/lib/python2.6/lib2to3/main.pyo
/usr/lib/python2.6/lib2to3/patcomp.py
/usr/lib/python2.6/lib2to3/patcomp.pyc
/usr/lib/python2.6/lib2to3/patcomp.pyo
/usr/lib/python2.6/lib2to3/PatternGrammar.txt
/usr/lib/python2.6/lib2to3/PatternGrammar2.6.8.final.0.pickle
/usr/lib/python2.6/lib2to3/pgen2/conv.py
/usr/lib/python2.6/lib2to3/pgen2/conv.pyc
/usr/lib/python2.6/lib2to3/pgen2/conv.pyo
/usr/lib/python2.6/lib2to3/pgen2/driver.py
/usr/lib/python2.6/lib2to3/pgen2/driver.pyc
/usr/lib/python2.6/lib2to3/pgen2/driver.pyo
/usr/lib/python2.6/lib2to3/pgen2/grammar.py
/usr/lib/python2.6/lib2to3/pgen2/grammar.pyc
/usr/lib/python2.6/lib2to3/pgen2/grammar.pyo
/usr/lib/python2.6/lib2to3/pgen2/literals.py
/usr/lib/python2.6/lib2to3/pgen2/literals.pyc
/usr/lib/python2.6/lib2to3/pgen2/literals.pyo
/usr/lib/python2.6/lib2to3/pgen2/parse.py
/usr/lib/python2.6/lib2to3/pgen2/parse.pyc
/usr/lib/python2.6/lib2to3/pgen2/parse.pyo
/usr/lib/python2.6/lib2to3/pgen2/pgen.py
/usr/lib/python2.6/lib2to3/pgen2/pgen.pyc
/usr/lib/python2.6/lib2to3/pgen2/pgen.pyo
/usr/lib/python2.6/lib2to3/pgen2/token.py
/usr/lib/python2.6/lib2to3/pgen2/token.pyc
/usr/lib/python2.6/lib2to3/pgen2/token.pyo
/usr/lib/python2.6/lib2to3/pgen2/tokenize.py
/usr/lib/python2.6/lib2to3/pgen2/tokenize.pyc
/usr/lib/python2.6/lib2to3/pgen2/tokenize.pyo
/usr/lib/python2.6/lib2to3/pgen2/__init__.py
/usr/lib/python2.6/lib2to3/pgen2/__init__.pyc
/usr/lib/python2.6/lib2to3/pgen2/__init__.pyo
/usr/lib/python2.6/lib2to3/pygram.py
/usr/lib/python2.6/lib2to3/pygram.pyc
/usr/lib/python2.6/lib2to3/pygram.pyo
/usr/lib/python2.6/lib2to3/pytree.py
/usr/lib/python2.6/lib2to3/pytree.pyc
/usr/lib/python2.6/lib2to3/pytree.pyo
/usr/lib/python2.6/lib2to3/refactor.py
/usr/lib/python2.6/lib2to3/refactor.pyc
/usr/lib/python2.6/lib2to3/refactor.pyo
/usr/lib/python2.6/lib2to3/__init__.py
/usr/lib/python2.6/lib2to3/__init__.pyc
/usr/lib/python2.6/lib2to3/__init__.pyo
/usr/lib/python2.6/LICENSE.txt
/usr/lib/python2.6/linecache.py
/usr/lib/python2.6/linecache.pyc
/usr/lib/python2.6/linecache.pyo
/usr/lib/python2.6/locale.py
/usr/lib/python2.6/locale.pyc
/usr/lib/python2.6/locale.pyo
/usr/lib/python2.6/logging/config.py
/usr/lib/python2.6/logging/config.pyc
/usr/lib/python2.6/logging/config.pyo
/usr/lib/python2.6/logging/handlers.py
/usr/lib/python2.6/logging/handlers.pyc
/usr/lib/python2.6/logging/handlers.pyo
/usr/lib/python2.6/logging/__init__.py
/usr/lib/python2.6/logging/__init__.pyc
/usr/lib/python2.6/logging/__init__.pyo
/usr/lib/python2.6/macpath.py
/usr/lib/python2.6/macpath.pyc
/usr/lib/python2.6/macpath.pyo
/usr/lib/python2.6/macurl2path.py
/usr/lib/python2.6/macurl2path.pyc
/usr/lib/python2.6/macurl2path.pyo
/usr/lib/python2.6/mailbox.py
/usr/lib/python2.6/mailbox.pyc
/usr/lib/python2.6/mailbox.pyo
/usr/lib/python2.6/mailcap.py
/usr/lib/python2.6/mailcap.pyc
/usr/lib/python2.6/mailcap.pyo
/usr/lib/python2.6/markupbase.py
/usr/lib/python2.6/markupbase.pyc
/usr/lib/python2.6/markupbase.pyo
/usr/lib/python2.6/md5.py
/usr/lib/python2.6/md5.pyc
/usr/lib/python2.6/md5.pyo
/usr/lib/python2.6/mhlib.py
/usr/lib/python2.6/mhlib.pyc
/usr/lib/python2.6/mhlib.pyo
/usr/lib/python2.6/mimetools.py
/usr/lib/python2.6/mimetools.pyc
/usr/lib/python2.6/mimetools.pyo
/usr/lib/python2.6/mimetypes.py
/usr/lib/python2.6/mimetypes.pyc
/usr/lib/python2.6/mimetypes.pyo
/usr/lib/python2.6/MimeWriter.py
/usr/lib/python2.6/MimeWriter.pyc
/usr/lib/python2.6/MimeWriter.pyo
/usr/lib/python2.6/mimify.py
/usr/lib/python2.6/mimify.pyc
/usr/lib/python2.6/mimify.pyo
/usr/lib/python2.6/modulefinder.py
/usr/lib/python2.6/modulefinder.pyc
/usr/lib/python2.6/modulefinder.pyo
/usr/lib/python2.6/multifile.py
/usr/lib/python2.6/multifile.pyc
/usr/lib/python2.6/multifile.pyo
/usr/lib/python2.6/multiprocessing/connection.py
/usr/lib/python2.6/multiprocessing/connection.pyc
/usr/lib/python2.6/multiprocessing/connection.pyo
/usr/lib/python2.6/multiprocessing/dummy/connection.py
/usr/lib/python2.6/multiprocessing/dummy/connection.pyc
/usr/lib/python2.6/multiprocessing/dummy/connection.pyo
/usr/lib/python2.6/multiprocessing/dummy/__init__.py
/usr/lib/python2.6/multiprocessing/dummy/__init__.pyc
/usr/lib/python2.6/multiprocessing/dummy/__init__.pyo
/usr/lib/python2.6/multiprocessing/forking.py
/usr/lib/python2.6/multiprocessing/forking.pyc
/usr/lib/python2.6/multiprocessing/forking.pyo
/usr/lib/python2.6/multiprocessing/heap.py
/usr/lib/python2.6/multiprocessing/heap.pyc
/usr/lib/python2.6/multiprocessing/heap.pyo
/usr/lib/python2.6/multiprocessing/managers.py
/usr/lib/python2.6/multiprocessing/managers.pyc
/usr/lib/python2.6/multiprocessing/managers.pyo
/usr/lib/python2.6/multiprocessing/pool.py
/usr/lib/python2.6/multiprocessing/pool.pyc
/usr/lib/python2.6/multiprocessing/pool.pyo
/usr/lib/python2.6/multiprocessing/process.py
/usr/lib/python2.6/multiprocessing/process.pyc
/usr/lib/python2.6/multiprocessing/process.pyo
/usr/lib/python2.6/multiprocessing/queues.py
/usr/lib/python2.6/multiprocessing/queues.pyc
/usr/lib/python2.6/multiprocessing/queues.pyo
/usr/lib/python2.6/multiprocessing/reduction.py
/usr/lib/python2.6/multiprocessing/reduction.pyc
/usr/lib/python2.6/multiprocessing/reduction.pyo
/usr/lib/python2.6/multiprocessing/sharedctypes.py
/usr/lib/python2.6/multiprocessing/sharedctypes.pyc
/usr/lib/python2.6/multiprocessing/sharedctypes.pyo
/usr/lib/python2.6/multiprocessing/synchronize.py
/usr/lib/python2.6/multiprocessing/synchronize.pyc
/usr/lib/python2.6/multiprocessing/synchronize.pyo
/usr/lib/python2.6/multiprocessing/util.py
/usr/lib/python2.6/multiprocessing/util.pyc
/usr/lib/python2.6/multiprocessing/util.pyo
/usr/lib/python2.6/multiprocessing/__init__.py
/usr/lib/python2.6/multiprocessing/__init__.pyc
/usr/lib/python2.6/multiprocessing/__init__.pyo
/usr/lib/python2.6/mutex.py
/usr/lib/python2.6/mutex.pyc
/usr/lib/python2.6/mutex.pyo
/usr/lib/python2.6/netrc.py
/usr/lib/python2.6/netrc.pyc
/usr/lib/python2.6/netrc.pyo
/usr/lib/python2.6/new.py
/usr/lib/python2.6/new.pyc
/usr/lib/python2.6/new.pyo
/usr/lib/python2.6/nntplib.py
/usr/lib/python2.6/nntplib.pyc
/usr/lib/python2.6/nntplib.pyo
/usr/lib/python2.6/ntpath.py
/usr/lib/python2.6/ntpath.pyc
/usr/lib/python2.6/ntpath.pyo
/usr/lib/python2.6/nturl2path.py
/usr/lib/python2.6/nturl2path.pyc
/usr/lib/python2.6/nturl2path.pyo
/usr/lib/python2.6/numbers.py
/usr/lib/python2.6/numbers.pyc
/usr/lib/python2.6/numbers.pyo
/usr/lib/python2.6/opcode.py
/usr/lib/python2.6/opcode.pyc
/usr/lib/python2.6/opcode.pyo
/usr/lib/python2.6/optparse.py
/usr/lib/python2.6/optparse.pyc
/usr/lib/python2.6/optparse.pyo
/usr/lib/python2.6/os.py
/usr/lib/python2.6/os.pyc
/usr/lib/python2.6/os.pyo
/usr/lib/python2.6/os2emxpath.py
/usr/lib/python2.6/os2emxpath.pyc
/usr/lib/python2.6/os2emxpath.pyo
/usr/lib/python2.6/pdb.doc
/usr/lib/python2.6/pdb.py
/usr/lib/python2.6/pdb.pyc
/usr/lib/python2.6/pdb.pyo
/usr/lib/python2.6/pickle.py
/usr/lib/python2.6/pickle.pyc
/usr/lib/python2.6/pickle.pyo
/usr/lib/python2.6/pickletools.py
/usr/lib/python2.6/pickletools.pyc
/usr/lib/python2.6/pickletools.pyo
/usr/lib/python2.6/pipes.py
/usr/lib/python2.6/pipes.pyc
/usr/lib/python2.6/pipes.pyo
/usr/lib/python2.6/pkgutil.py
/usr/lib/python2.6/pkgutil.pyc
/usr/lib/python2.6/pkgutil.pyo
/usr/lib/python2.6/plat-cygwin/IN.py
/usr/lib/python2.6/plat-cygwin/IN.pyc
/usr/lib/python2.6/plat-cygwin/IN.pyo
/usr/lib/python2.6/plat-cygwin/regen
/usr/lib/python2.6/platform.py
/usr/lib/python2.6/platform.pyc
/usr/lib/python2.6/platform.pyo
/usr/lib/python2.6/plistlib.py
/usr/lib/python2.6/plistlib.pyc
/usr/lib/python2.6/plistlib.pyo
/usr/lib/python2.6/popen2.py
/usr/lib/python2.6/popen2.pyc
/usr/lib/python2.6/popen2.pyo
/usr/lib/python2.6/poplib.py
/usr/lib/python2.6/poplib.pyc
/usr/lib/python2.6/poplib.pyo
/usr/lib/python2.6/posixfile.py
/usr/lib/python2.6/posixfile.pyc
/usr/lib/python2.6/posixfile.pyo
/usr/lib/python2.6/posixpath.py
/usr/lib/python2.6/posixpath.pyc
/usr/lib/python2.6/posixpath.pyo
/usr/lib/python2.6/pprint.py
/usr/lib/python2.6/pprint.pyc
/usr/lib/python2.6/pprint.pyo
/usr/lib/python2.6/profile.py
/usr/lib/python2.6/profile.pyc
/usr/lib/python2.6/profile.pyo
/usr/lib/python2.6/pstats.py
/usr/lib/python2.6/pstats.pyc
/usr/lib/python2.6/pstats.pyo
/usr/lib/python2.6/pty.py
/usr/lib/python2.6/pty.pyc
/usr/lib/python2.6/pty.pyo
/usr/lib/python2.6/pyclbr.py
/usr/lib/python2.6/pyclbr.pyc
/usr/lib/python2.6/pyclbr.pyo
/usr/lib/python2.6/pydoc.py
/usr/lib/python2.6/pydoc.pyc
/usr/lib/python2.6/pydoc.pyo
/usr/lib/python2.6/pydoc_topics.py
/usr/lib/python2.6/pydoc_topics.pyc
/usr/lib/python2.6/pydoc_topics.pyo
/usr/lib/python2.6/py_compile.py
/usr/lib/python2.6/py_compile.pyc
/usr/lib/python2.6/py_compile.pyo
/usr/lib/python2.6/Queue.py
/usr/lib/python2.6/Queue.pyc
/usr/lib/python2.6/Queue.pyo
/usr/lib/python2.6/quopri.py
/usr/lib/python2.6/quopri.pyc
/usr/lib/python2.6/quopri.pyo
/usr/lib/python2.6/random.py
/usr/lib/python2.6/random.pyc
/usr/lib/python2.6/random.pyo
/usr/lib/python2.6/re.py
/usr/lib/python2.6/re.pyc
/usr/lib/python2.6/re.pyo
/usr/lib/python2.6/repr.py
/usr/lib/python2.6/repr.pyc
/usr/lib/python2.6/repr.pyo
/usr/lib/python2.6/rexec.py
/usr/lib/python2.6/rexec.pyc
/usr/lib/python2.6/rexec.pyo
/usr/lib/python2.6/rfc822.py
/usr/lib/python2.6/rfc822.pyc
/usr/lib/python2.6/rfc822.pyo
/usr/lib/python2.6/rlcompleter.py
/usr/lib/python2.6/rlcompleter.pyc
/usr/lib/python2.6/rlcompleter.pyo
/usr/lib/python2.6/robotparser.py
/usr/lib/python2.6/robotparser.pyc
/usr/lib/python2.6/robotparser.pyo
/usr/lib/python2.6/runpy.py
/usr/lib/python2.6/runpy.pyc
/usr/lib/python2.6/runpy.pyo
/usr/lib/python2.6/sched.py
/usr/lib/python2.6/sched.pyc
/usr/lib/python2.6/sched.pyo
/usr/lib/python2.6/sets.py
/usr/lib/python2.6/sets.pyc
/usr/lib/python2.6/sets.pyo
/usr/lib/python2.6/sgmllib.py
/usr/lib/python2.6/sgmllib.pyc
/usr/lib/python2.6/sgmllib.pyo
/usr/lib/python2.6/sha.py
/usr/lib/python2.6/sha.pyc
/usr/lib/python2.6/sha.pyo
/usr/lib/python2.6/shelve.py
/usr/lib/python2.6/shelve.pyc
/usr/lib/python2.6/shelve.pyo
/usr/lib/python2.6/shlex.py
/usr/lib/python2.6/shlex.pyc
/usr/lib/python2.6/shlex.pyo
/usr/lib/python2.6/shutil.py
/usr/lib/python2.6/shutil.pyc
/usr/lib/python2.6/shutil.pyo
/usr/lib/python2.6/SimpleHTTPServer.py
/usr/lib/python2.6/SimpleHTTPServer.pyc
/usr/lib/python2.6/SimpleHTTPServer.pyo
/usr/lib/python2.6/SimpleXMLRPCServer.py
/usr/lib/python2.6/SimpleXMLRPCServer.pyc
/usr/lib/python2.6/SimpleXMLRPCServer.pyo
/usr/lib/python2.6/site-packages/README
/usr/lib/python2.6/site.py
/usr/lib/python2.6/site.pyc
/usr/lib/python2.6/site.pyo
/usr/lib/python2.6/smtpd.py
/usr/lib/python2.6/smtpd.pyc
/usr/lib/python2.6/smtpd.pyo
/usr/lib/python2.6/smtplib.py
/usr/lib/python2.6/smtplib.pyc
/usr/lib/python2.6/smtplib.pyo
/usr/lib/python2.6/sndhdr.py
/usr/lib/python2.6/sndhdr.pyc
/usr/lib/python2.6/sndhdr.pyo
/usr/lib/python2.6/socket.py
/usr/lib/python2.6/socket.pyc
/usr/lib/python2.6/socket.pyo
/usr/lib/python2.6/SocketServer.py
/usr/lib/python2.6/SocketServer.pyc
/usr/lib/python2.6/SocketServer.pyo
/usr/lib/python2.6/sqlite3/dbapi2.py
/usr/lib/python2.6/sqlite3/dbapi2.pyc
/usr/lib/python2.6/sqlite3/dbapi2.pyo
/usr/lib/python2.6/sqlite3/dump.py
/usr/lib/python2.6/sqlite3/dump.pyc
/usr/lib/python2.6/sqlite3/dump.pyo
/usr/lib/python2.6/sqlite3/__init__.py
/usr/lib/python2.6/sqlite3/__init__.pyc
/usr/lib/python2.6/sqlite3/__init__.pyo
/usr/lib/python2.6/sre.py
/usr/lib/python2.6/sre.pyc
/usr/lib/python2.6/sre.pyo
/usr/lib/python2.6/sre_compile.py
/usr/lib/python2.6/sre_compile.pyc
/usr/lib/python2.6/sre_compile.pyo
/usr/lib/python2.6/sre_constants.py
/usr/lib/python2.6/sre_constants.pyc
/usr/lib/python2.6/sre_constants.pyo
/usr/lib/python2.6/sre_parse.py
/usr/lib/python2.6/sre_parse.pyc
/usr/lib/python2.6/sre_parse.pyo
/usr/lib/python2.6/ssl.py
/usr/lib/python2.6/ssl.pyc
/usr/lib/python2.6/ssl.pyo
/usr/lib/python2.6/stat.py
/usr/lib/python2.6/stat.pyc
/usr/lib/python2.6/stat.pyo
/usr/lib/python2.6/statvfs.py
/usr/lib/python2.6/statvfs.pyc
/usr/lib/python2.6/statvfs.pyo
/usr/lib/python2.6/string.py
/usr/lib/python2.6/string.pyc
/usr/lib/python2.6/string.pyo
/usr/lib/python2.6/StringIO.py
/usr/lib/python2.6/StringIO.pyc
/usr/lib/python2.6/StringIO.pyo
/usr/lib/python2.6/stringold.py
/usr/lib/python2.6/stringold.pyc
/usr/lib/python2.6/stringold.pyo
/usr/lib/python2.6/stringprep.py
/usr/lib/python2.6/stringprep.pyc
/usr/lib/python2.6/stringprep.pyo
/usr/lib/python2.6/struct.py
/usr/lib/python2.6/struct.pyc
/usr/lib/python2.6/struct.pyo
/usr/lib/python2.6/subprocess.py
/usr/lib/python2.6/subprocess.pyc
/usr/lib/python2.6/subprocess.pyo
/usr/lib/python2.6/sunau.py
/usr/lib/python2.6/sunau.pyc
/usr/lib/python2.6/sunau.pyo
/usr/lib/python2.6/sunaudio.py
/usr/lib/python2.6/sunaudio.pyc
/usr/lib/python2.6/sunaudio.pyo
/usr/lib/python2.6/symbol.py
/usr/lib/python2.6/symbol.pyc
/usr/lib/python2.6/symbol.pyo
/usr/lib/python2.6/symtable.py
/usr/lib/python2.6/symtable.pyc
/usr/lib/python2.6/symtable.pyo
/usr/lib/python2.6/tabnanny.py
/usr/lib/python2.6/tabnanny.pyc
/usr/lib/python2.6/tabnanny.pyo
/usr/lib/python2.6/tarfile.py
/usr/lib/python2.6/tarfile.pyc
/usr/lib/python2.6/tarfile.pyo
/usr/lib/python2.6/telnetlib.py
/usr/lib/python2.6/telnetlib.pyc
/usr/lib/python2.6/telnetlib.pyo
/usr/lib/python2.6/tempfile.py
/usr/lib/python2.6/tempfile.pyc
/usr/lib/python2.6/tempfile.pyo
/usr/lib/python2.6/textwrap.py
/usr/lib/python2.6/textwrap.pyc
/usr/lib/python2.6/textwrap.pyo
/usr/lib/python2.6/this.py
/usr/lib/python2.6/this.pyc
/usr/lib/python2.6/this.pyo
/usr/lib/python2.6/threading.py
/usr/lib/python2.6/threading.pyc
/usr/lib/python2.6/threading.pyo
/usr/lib/python2.6/timeit.py
/usr/lib/python2.6/timeit.pyc
/usr/lib/python2.6/timeit.pyo
/usr/lib/python2.6/toaiff.py
/usr/lib/python2.6/toaiff.pyc
/usr/lib/python2.6/toaiff.pyo
/usr/lib/python2.6/token.py
/usr/lib/python2.6/token.pyc
/usr/lib/python2.6/token.pyo
/usr/lib/python2.6/tokenize.py
/usr/lib/python2.6/tokenize.pyc
/usr/lib/python2.6/tokenize.pyo
/usr/lib/python2.6/trace.py
/usr/lib/python2.6/trace.pyc
/usr/lib/python2.6/trace.pyo
/usr/lib/python2.6/traceback.py
/usr/lib/python2.6/traceback.pyc
/usr/lib/python2.6/traceback.pyo
/usr/lib/python2.6/tty.py
/usr/lib/python2.6/tty.pyc
/usr/lib/python2.6/tty.pyo
/usr/lib/python2.6/types.py
/usr/lib/python2.6/types.pyc
/usr/lib/python2.6/types.pyo
/usr/lib/python2.6/unittest.py
/usr/lib/python2.6/unittest.pyc
/usr/lib/python2.6/unittest.pyo
/usr/lib/python2.6/urllib.py
/usr/lib/python2.6/urllib.pyc
/usr/lib/python2.6/urllib.pyo
/usr/lib/python2.6/urllib2.py
/usr/lib/python2.6/urllib2.pyc
/usr/lib/python2.6/urllib2.pyo
/usr/lib/python2.6/urlparse.py
/usr/lib/python2.6/urlparse.pyc
/usr/lib/python2.6/urlparse.pyo
/usr/lib/python2.6/user.py
/usr/lib/python2.6/user.pyc
/usr/lib/python2.6/user.pyo
/usr/lib/python2.6/UserDict.py
/usr/lib/python2.6/UserDict.pyc
/usr/lib/python2.6/UserDict.pyo
/usr/lib/python2.6/UserList.py
/usr/lib/python2.6/UserList.pyc
/usr/lib/python2.6/UserList.pyo
/usr/lib/python2.6/UserString.py
/usr/lib/python2.6/UserString.pyc
/usr/lib/python2.6/UserString.pyo
/usr/lib/python2.6/uu.py
/usr/lib/python2.6/uu.pyc
/usr/lib/python2.6/uu.pyo
/usr/lib/python2.6/uuid.py
/usr/lib/python2.6/uuid.pyc
/usr/lib/python2.6/uuid.pyo
/usr/lib/python2.6/warnings.py
/usr/lib/python2.6/warnings.pyc
/usr/lib/python2.6/warnings.pyo
/usr/lib/python2.6/wave.py
/usr/lib/python2.6/wave.pyc
/usr/lib/python2.6/wave.pyo
/usr/lib/python2.6/weakref.py
/usr/lib/python2.6/weakref.pyc
/usr/lib/python2.6/weakref.pyo
/usr/lib/python2.6/webbrowser.py
/usr/lib/python2.6/webbrowser.pyc
/usr/lib/python2.6/webbrowser.pyo
/usr/lib/python2.6/whichdb.py
/usr/lib/python2.6/whichdb.pyc
/usr/lib/python2.6/whichdb.pyo
/usr/lib/python2.6/wsgiref/handlers.py
/usr/lib/python2.6/wsgiref/handlers.pyc
/usr/lib/python2.6/wsgiref/handlers.pyo
/usr/lib/python2.6/wsgiref/headers.py
/usr/lib/python2.6/wsgiref/headers.pyc
/usr/lib/python2.6/wsgiref/headers.pyo
/usr/lib/python2.6/wsgiref/simple_server.py
/usr/lib/python2.6/wsgiref/simple_server.pyc
/usr/lib/python2.6/wsgiref/simple_server.pyo
/usr/lib/python2.6/wsgiref/util.py
/usr/lib/python2.6/wsgiref/util.pyc
/usr/lib/python2.6/wsgiref/util.pyo
/usr/lib/python2.6/wsgiref/validate.py
/usr/lib/python2.6/wsgiref/validate.pyc
/usr/lib/python2.6/wsgiref/validate.pyo
/usr/lib/python2.6/wsgiref/__init__.py
/usr/lib/python2.6/wsgiref/__init__.pyc
/usr/lib/python2.6/wsgiref/__init__.pyo
/usr/lib/python2.6/wsgiref.egg-info
/usr/lib/python2.6/xdrlib.py
/usr/lib/python2.6/xdrlib.pyc
/usr/lib/python2.6/xdrlib.pyo
/usr/lib/python2.6/xml/dom/domreg.py
/usr/lib/python2.6/xml/dom/domreg.pyc
/usr/lib/python2.6/xml/dom/domreg.pyo
/usr/lib/python2.6/xml/dom/expatbuilder.py
/usr/lib/python2.6/xml/dom/expatbuilder.pyc
/usr/lib/python2.6/xml/dom/expatbuilder.pyo
/usr/lib/python2.6/xml/dom/minicompat.py
/usr/lib/python2.6/xml/dom/minicompat.pyc
/usr/lib/python2.6/xml/dom/minicompat.pyo
/usr/lib/python2.6/xml/dom/minidom.py
/usr/lib/python2.6/xml/dom/minidom.pyc
/usr/lib/python2.6/xml/dom/minidom.pyo
/usr/lib/python2.6/xml/dom/NodeFilter.py
/usr/lib/python2.6/xml/dom/NodeFilter.pyc
/usr/lib/python2.6/xml/dom/NodeFilter.pyo
/usr/lib/python2.6/xml/dom/pulldom.py
/usr/lib/python2.6/xml/dom/pulldom.pyc
/usr/lib/python2.6/xml/dom/pulldom.pyo
/usr/lib/python2.6/xml/dom/xmlbuilder.py
/usr/lib/python2.6/xml/dom/xmlbuilder.pyc
/usr/lib/python2.6/xml/dom/xmlbuilder.pyo
/usr/lib/python2.6/xml/dom/__init__.py
/usr/lib/python2.6/xml/dom/__init__.pyc
/usr/lib/python2.6/xml/dom/__init__.pyo
/usr/lib/python2.6/xml/etree/cElementTree.py
/usr/lib/python2.6/xml/etree/cElementTree.pyc
/usr/lib/python2.6/xml/etree/cElementTree.pyo
/usr/lib/python2.6/xml/etree/ElementInclude.py
/usr/lib/python2.6/xml/etree/ElementInclude.pyc
/usr/lib/python2.6/xml/etree/ElementInclude.pyo
/usr/lib/python2.6/xml/etree/ElementPath.py
/usr/lib/python2.6/xml/etree/ElementPath.pyc
/usr/lib/python2.6/xml/etree/ElementPath.pyo
/usr/lib/python2.6/xml/etree/ElementTree.py
/usr/lib/python2.6/xml/etree/ElementTree.pyc
/usr/lib/python2.6/xml/etree/ElementTree.pyo
/usr/lib/python2.6/xml/etree/__init__.py
/usr/lib/python2.6/xml/etree/__init__.pyc
/usr/lib/python2.6/xml/etree/__init__.pyo
/usr/lib/python2.6/xml/parsers/expat.py
/usr/lib/python2.6/xml/parsers/expat.pyc
/usr/lib/python2.6/xml/parsers/expat.pyo
/usr/lib/python2.6/xml/parsers/__init__.py
/usr/lib/python2.6/xml/parsers/__init__.pyc
/usr/lib/python2.6/xml/parsers/__init__.pyo
/usr/lib/python2.6/xml/sax/expatreader.py
/usr/lib/python2.6/xml/sax/expatreader.pyc
/usr/lib/python2.6/xml/sax/expatreader.pyo
/usr/lib/python2.6/xml/sax/handler.py
/usr/lib/python2.6/xml/sax/handler.pyc
/usr/lib/python2.6/xml/sax/handler.pyo
/usr/lib/python2.6/xml/sax/saxutils.py
/usr/lib/python2.6/xml/sax/saxutils.pyc
/usr/lib/python2.6/xml/sax/saxutils.pyo
/usr/lib/python2.6/xml/sax/xmlreader.py
/usr/lib/python2.6/xml/sax/xmlreader.pyc
/usr/lib/python2.6/xml/sax/xmlreader.pyo
/usr/lib/python2.6/xml/sax/_exceptions.py
/usr/lib/python2.6/xml/sax/_exceptions.pyc
/usr/lib/python2.6/xml/sax/_exceptions.pyo
/usr/lib/python2.6/xml/sax/__init__.py
/usr/lib/python2.6/xml/sax/__init__.pyc
/usr/lib/python2.6/xml/sax/__init__.pyo
/usr/lib/python2.6/xml/__init__.py
/usr/lib/python2.6/xml/__init__.pyc
/usr/lib/python2.6/xml/__init__.pyo
/usr/lib/python2.6/xmllib.py
/usr/lib/python2.6/xmllib.pyc
/usr/lib/python2.6/xmllib.pyo
/usr/lib/python2.6/xmlrpclib.py
/usr/lib/python2.6/xmlrpclib.pyc
/usr/lib/python2.6/xmlrpclib.pyo
/usr/lib/python2.6/zipfile.py
/usr/lib/python2.6/zipfile.pyc
/usr/lib/python2.6/zipfile.pyo
/usr/lib/python2.6/_abcoll.py
/usr/lib/python2.6/_abcoll.pyc
/usr/lib/python2.6/_abcoll.pyo
/usr/lib/python2.6/_LWPCookieJar.py
/usr/lib/python2.6/_LWPCookieJar.pyc
/usr/lib/python2.6/_LWPCookieJar.pyo
/usr/lib/python2.6/_MozillaCookieJar.py
/usr/lib/python2.6/_MozillaCookieJar.pyc
/usr/lib/python2.6/_MozillaCookieJar.pyo
/usr/lib/python2.6/_strptime.py
/usr/lib/python2.6/_strptime.pyc
/usr/lib/python2.6/_strptime.pyo
/usr/lib/python2.6/_threading_local.py
/usr/lib/python2.6/_threading_local.pyc
/usr/lib/python2.6/_threading_local.pyo
/usr/lib/python2.6/__future__.py
/usr/lib/python2.6/__future__.pyc
/usr/lib/python2.6/__future__.pyo
/usr/lib/python2.6/__phello__.foo.py
/usr/lib/python2.6/__phello__.foo.pyc
/usr/lib/python2.6/__phello__.foo.pyo
/usr/share/doc/Cygwin/python.README
/usr/share/doc/python/LICENSE
/usr/share/doc/python/README
/usr/share/man/man1/python.1.gz
