# This file is used to check Ruby module dependencies.
# ruby 2.2.4p230 (2015-12-16 revision 53155) [x86_64-cygwin]
# Under Cygwin, result of command: cygcheck -l ruby | perl -pe 's,\r,,'

/usr/bin/cygruby220.dll
/usr/bin/erb
/usr/bin/irb
/usr/bin/ruby.exe
/usr/include/ruby-2.2.0/ruby/backward/classext.h
/usr/include/ruby-2.2.0/ruby/backward/rubyio.h
/usr/include/ruby-2.2.0/ruby/backward/rubysig.h
/usr/include/ruby-2.2.0/ruby/backward/st.h
/usr/include/ruby-2.2.0/ruby/backward/util.h
/usr/include/ruby-2.2.0/ruby/config.h
/usr/include/ruby-2.2.0/ruby/debug.h
/usr/include/ruby-2.2.0/ruby/defines.h
/usr/include/ruby-2.2.0/ruby/digest.h
/usr/include/ruby-2.2.0/ruby/encoding.h
/usr/include/ruby-2.2.0/ruby/intern.h
/usr/include/ruby-2.2.0/ruby/io.h
/usr/include/ruby-2.2.0/ruby/missing.h
/usr/include/ruby-2.2.0/ruby/oniguruma.h
/usr/include/ruby-2.2.0/ruby/re.h
/usr/include/ruby-2.2.0/ruby/regex.h
/usr/include/ruby-2.2.0/ruby/ruby.h
/usr/include/ruby-2.2.0/ruby/st.h
/usr/include/ruby-2.2.0/ruby/subst.h
/usr/include/ruby-2.2.0/ruby/thread.h
/usr/include/ruby-2.2.0/ruby/thread_native.h
/usr/include/ruby-2.2.0/ruby/util.h
/usr/include/ruby-2.2.0/ruby/version.h
/usr/include/ruby-2.2.0/ruby/vm.h
/usr/include/ruby-2.2.0/ruby.h
/usr/lib/libruby.dll.a
/usr/lib/libruby220.dll.a
/usr/lib/pkgconfig/ruby-2.2.pc
/usr/lib/pkgconfig/ruby.pc
/usr/lib/ruby/2.2.0/bigdecimal.so
/usr/lib/ruby/2.2.0/continuation.so
/usr/lib/ruby/2.2.0/coverage.so
/usr/lib/ruby/2.2.0/date_core.so
/usr/lib/ruby/2.2.0/dbm.so
/usr/lib/ruby/2.2.0/digest/bubblebabble.so
/usr/lib/ruby/2.2.0/digest/md5.so
/usr/lib/ruby/2.2.0/digest/rmd160.so
/usr/lib/ruby/2.2.0/digest/sha1.so
/usr/lib/ruby/2.2.0/digest/sha2.so
/usr/lib/ruby/2.2.0/digest.so
/usr/lib/ruby/2.2.0/enc/big5.so
/usr/lib/ruby/2.2.0/enc/cp949.so
/usr/lib/ruby/2.2.0/enc/emacs_mule.so
/usr/lib/ruby/2.2.0/enc/encdb.so
/usr/lib/ruby/2.2.0/enc/euc_jp.so
/usr/lib/ruby/2.2.0/enc/euc_kr.so
/usr/lib/ruby/2.2.0/enc/euc_tw.so
/usr/lib/ruby/2.2.0/enc/gb18030.so
/usr/lib/ruby/2.2.0/enc/gb2312.so
/usr/lib/ruby/2.2.0/enc/gbk.so
/usr/lib/ruby/2.2.0/enc/iso_8859_1.so
/usr/lib/ruby/2.2.0/enc/iso_8859_10.so
/usr/lib/ruby/2.2.0/enc/iso_8859_11.so
/usr/lib/ruby/2.2.0/enc/iso_8859_13.so
/usr/lib/ruby/2.2.0/enc/iso_8859_14.so
/usr/lib/ruby/2.2.0/enc/iso_8859_15.so
/usr/lib/ruby/2.2.0/enc/iso_8859_16.so
/usr/lib/ruby/2.2.0/enc/iso_8859_2.so
/usr/lib/ruby/2.2.0/enc/iso_8859_3.so
/usr/lib/ruby/2.2.0/enc/iso_8859_4.so
/usr/lib/ruby/2.2.0/enc/iso_8859_5.so
/usr/lib/ruby/2.2.0/enc/iso_8859_6.so
/usr/lib/ruby/2.2.0/enc/iso_8859_7.so
/usr/lib/ruby/2.2.0/enc/iso_8859_8.so
/usr/lib/ruby/2.2.0/enc/iso_8859_9.so
/usr/lib/ruby/2.2.0/enc/koi8_r.so
/usr/lib/ruby/2.2.0/enc/koi8_u.so
/usr/lib/ruby/2.2.0/enc/shift_jis.so
/usr/lib/ruby/2.2.0/enc/trans/big5.so
/usr/lib/ruby/2.2.0/enc/trans/chinese.so
/usr/lib/ruby/2.2.0/enc/trans/emoji.so
/usr/lib/ruby/2.2.0/enc/trans/emoji_iso2022_kddi.so
/usr/lib/ruby/2.2.0/enc/trans/emoji_sjis_docomo.so
/usr/lib/ruby/2.2.0/enc/trans/emoji_sjis_kddi.so
/usr/lib/ruby/2.2.0/enc/trans/emoji_sjis_softbank.so
/usr/lib/ruby/2.2.0/enc/trans/escape.so
/usr/lib/ruby/2.2.0/enc/trans/gb18030.so
/usr/lib/ruby/2.2.0/enc/trans/gbk.so
/usr/lib/ruby/2.2.0/enc/trans/iso2022.so
/usr/lib/ruby/2.2.0/enc/trans/japanese.so
/usr/lib/ruby/2.2.0/enc/trans/japanese_euc.so
/usr/lib/ruby/2.2.0/enc/trans/japanese_sjis.so
/usr/lib/ruby/2.2.0/enc/trans/korean.so
/usr/lib/ruby/2.2.0/enc/trans/single_byte.so
/usr/lib/ruby/2.2.0/enc/trans/transdb.so
/usr/lib/ruby/2.2.0/enc/trans/utf8_mac.so
/usr/lib/ruby/2.2.0/enc/trans/utf_16_32.so
/usr/lib/ruby/2.2.0/enc/utf_16be.so
/usr/lib/ruby/2.2.0/enc/utf_16le.so
/usr/lib/ruby/2.2.0/enc/utf_32be.so
/usr/lib/ruby/2.2.0/enc/utf_32le.so
/usr/lib/ruby/2.2.0/enc/windows_1251.so
/usr/lib/ruby/2.2.0/enc/windows_31j.so
/usr/lib/ruby/2.2.0/etc.so
/usr/lib/ruby/2.2.0/fcntl.so
/usr/lib/ruby/2.2.0/fiber.so
/usr/lib/ruby/2.2.0/fiddle.so
/usr/lib/ruby/2.2.0/gdbm.so
/usr/lib/ruby/2.2.0/io/console.so
/usr/lib/ruby/2.2.0/io/nonblock.so
/usr/lib/ruby/2.2.0/io/wait.so
/usr/lib/ruby/2.2.0/mathn/complex.so
/usr/lib/ruby/2.2.0/mathn/rational.so
/usr/lib/ruby/2.2.0/nkf.so
/usr/lib/ruby/2.2.0/objspace.so
/usr/lib/ruby/2.2.0/openssl.so
/usr/lib/ruby/2.2.0/pathname.so
/usr/lib/ruby/2.2.0/psych.so
/usr/lib/ruby/2.2.0/pty.so
/usr/lib/ruby/2.2.0/racc/cparse.so
/usr/lib/ruby/2.2.0/rbconfig/sizeof.so
/usr/lib/ruby/2.2.0/rbconfig.rb
/usr/lib/ruby/2.2.0/readline.so
/usr/lib/ruby/2.2.0/ripper.so
/usr/lib/ruby/2.2.0/sdbm.so
/usr/lib/ruby/2.2.0/socket.so
/usr/lib/ruby/2.2.0/stringio.so
/usr/lib/ruby/2.2.0/strscan.so
/usr/lib/ruby/2.2.0/syslog.so
/usr/lib/ruby/2.2.0/thread.so
/usr/lib/ruby/2.2.0/win32ole.so
/usr/lib/ruby/2.2.0/zlib.so
/usr/share/doc/ruby/ChangeLog
/usr/share/doc/ruby/COPYING
/usr/share/doc/ruby/GPL
/usr/share/doc/ruby/LEGAL
/usr/share/doc/ruby/NEWS
/usr/share/gems/cache/minitest-5.4.3.gem
/usr/share/gems/cache/power_assert-0.2.2.gem
/usr/share/gems/cache/test-unit-3.0.8.gem
/usr/share/gems/gems/power_assert-0.2.2/.gitignore
/usr/share/gems/gems/power_assert-0.2.2/.travis.yml
/usr/share/gems/gems/power_assert-0.2.2/BSDL
/usr/share/gems/gems/power_assert-0.2.2/COPYING
/usr/share/gems/gems/power_assert-0.2.2/Gemfile
/usr/share/gems/gems/power_assert-0.2.2/LEGAL
/usr/share/gems/gems/power_assert-0.2.2/lib/power_assert/enable_tracepoint_events.rb
/usr/share/gems/gems/power_assert-0.2.2/lib/power_assert/version.rb
/usr/share/gems/gems/power_assert-0.2.2/lib/power_assert.rb
/usr/share/gems/gems/power_assert-0.2.2/power_assert.gemspec
/usr/share/gems/gems/power_assert-0.2.2/Rakefile
/usr/share/gems/gems/power_assert-0.2.2/README.rdoc
/usr/share/gems/gems/power_assert-0.2.2/test/helper.rb
/usr/share/gems/gems/power_assert-0.2.2/test/test_power_assert.rb
/usr/share/gems/specifications/minitest-5.4.3.gemspec
/usr/share/gems/specifications/power_assert-0.2.2.gemspec
/usr/share/gems/specifications/test-unit-3.0.8.gemspec
/usr/share/man/man1/erb.1.gz
/usr/share/man/man1/irb.1.gz
/usr/share/man/man1/ruby.1.gz
/usr/share/ruby/2.2.0/abbrev.rb
/usr/share/ruby/2.2.0/base64.rb
/usr/share/ruby/2.2.0/benchmark.rb
/usr/share/ruby/2.2.0/bigdecimal/jacobian.rb
/usr/share/ruby/2.2.0/bigdecimal/ludcmp.rb
/usr/share/ruby/2.2.0/bigdecimal/math.rb
/usr/share/ruby/2.2.0/bigdecimal/newton.rb
/usr/share/ruby/2.2.0/bigdecimal/util.rb
/usr/share/ruby/2.2.0/cgi/cookie.rb
/usr/share/ruby/2.2.0/cgi/core.rb
/usr/share/ruby/2.2.0/cgi/html.rb
/usr/share/ruby/2.2.0/cgi/session/pstore.rb
/usr/share/ruby/2.2.0/cgi/session.rb
/usr/share/ruby/2.2.0/cgi/util.rb
/usr/share/ruby/2.2.0/cgi.rb
/usr/share/ruby/2.2.0/cmath.rb
/usr/share/ruby/2.2.0/csv.rb
/usr/share/ruby/2.2.0/date.rb
/usr/share/ruby/2.2.0/debug.rb
/usr/share/ruby/2.2.0/delegate.rb
/usr/share/ruby/2.2.0/digest/sha2.rb
/usr/share/ruby/2.2.0/digest.rb
/usr/share/ruby/2.2.0/drb/acl.rb
/usr/share/ruby/2.2.0/drb/drb.rb
/usr/share/ruby/2.2.0/drb/eq.rb
/usr/share/ruby/2.2.0/drb/extserv.rb
/usr/share/ruby/2.2.0/drb/extservm.rb
/usr/share/ruby/2.2.0/drb/gw.rb
/usr/share/ruby/2.2.0/drb/invokemethod.rb
/usr/share/ruby/2.2.0/drb/observer.rb
/usr/share/ruby/2.2.0/drb/ssl.rb
/usr/share/ruby/2.2.0/drb/timeridconv.rb
/usr/share/ruby/2.2.0/drb/unix.rb
/usr/share/ruby/2.2.0/drb.rb
/usr/share/ruby/2.2.0/e2mmap.rb
/usr/share/ruby/2.2.0/English.rb
/usr/share/ruby/2.2.0/erb.rb
/usr/share/ruby/2.2.0/expect.rb
/usr/share/ruby/2.2.0/fiddle/closure.rb
/usr/share/ruby/2.2.0/fiddle/cparser.rb
/usr/share/ruby/2.2.0/fiddle/function.rb
/usr/share/ruby/2.2.0/fiddle/import.rb
/usr/share/ruby/2.2.0/fiddle/pack.rb
/usr/share/ruby/2.2.0/fiddle/struct.rb
/usr/share/ruby/2.2.0/fiddle/types.rb
/usr/share/ruby/2.2.0/fiddle/value.rb
/usr/share/ruby/2.2.0/fiddle.rb
/usr/share/ruby/2.2.0/fileutils.rb
/usr/share/ruby/2.2.0/find.rb
/usr/share/ruby/2.2.0/forwardable.rb
/usr/share/ruby/2.2.0/getoptlong.rb
/usr/share/ruby/2.2.0/io/console/size.rb
/usr/share/ruby/2.2.0/ipaddr.rb
/usr/share/ruby/2.2.0/irb/cmd/chws.rb
/usr/share/ruby/2.2.0/irb/cmd/fork.rb
/usr/share/ruby/2.2.0/irb/cmd/help.rb
/usr/share/ruby/2.2.0/irb/cmd/load.rb
/usr/share/ruby/2.2.0/irb/cmd/nop.rb
/usr/share/ruby/2.2.0/irb/cmd/pushws.rb
/usr/share/ruby/2.2.0/irb/cmd/subirb.rb
/usr/share/ruby/2.2.0/irb/completion.rb
/usr/share/ruby/2.2.0/irb/context.rb
/usr/share/ruby/2.2.0/irb/ext/change-ws.rb
/usr/share/ruby/2.2.0/irb/ext/history.rb
/usr/share/ruby/2.2.0/irb/ext/loader.rb
/usr/share/ruby/2.2.0/irb/ext/math-mode.rb
/usr/share/ruby/2.2.0/irb/ext/multi-irb.rb
/usr/share/ruby/2.2.0/irb/ext/save-history.rb
/usr/share/ruby/2.2.0/irb/ext/tracer.rb
/usr/share/ruby/2.2.0/irb/ext/use-loader.rb
/usr/share/ruby/2.2.0/irb/ext/workspaces.rb
/usr/share/ruby/2.2.0/irb/extend-command.rb
/usr/share/ruby/2.2.0/irb/frame.rb
/usr/share/ruby/2.2.0/irb/help.rb
/usr/share/ruby/2.2.0/irb/init.rb
/usr/share/ruby/2.2.0/irb/input-method.rb
/usr/share/ruby/2.2.0/irb/inspector.rb
/usr/share/ruby/2.2.0/irb/lc/error.rb
/usr/share/ruby/2.2.0/irb/lc/help-message
/usr/share/ruby/2.2.0/irb/lc/ja/encoding_aliases.rb
/usr/share/ruby/2.2.0/irb/lc/ja/error.rb
/usr/share/ruby/2.2.0/irb/lc/ja/help-message
/usr/share/ruby/2.2.0/irb/locale.rb
/usr/share/ruby/2.2.0/irb/magic-file.rb
/usr/share/ruby/2.2.0/irb/notifier.rb
/usr/share/ruby/2.2.0/irb/output-method.rb
/usr/share/ruby/2.2.0/irb/ruby-lex.rb
/usr/share/ruby/2.2.0/irb/ruby-token.rb
/usr/share/ruby/2.2.0/irb/slex.rb
/usr/share/ruby/2.2.0/irb/src_encoding.rb
/usr/share/ruby/2.2.0/irb/version.rb
/usr/share/ruby/2.2.0/irb/workspace.rb
/usr/share/ruby/2.2.0/irb/ws-for-case-2.rb
/usr/share/ruby/2.2.0/irb/xmp.rb
/usr/share/ruby/2.2.0/irb.rb
/usr/share/ruby/2.2.0/kconv.rb
/usr/share/ruby/2.2.0/logger.rb
/usr/share/ruby/2.2.0/mathn.rb
/usr/share/ruby/2.2.0/matrix/eigenvalue_decomposition.rb
/usr/share/ruby/2.2.0/matrix/lup_decomposition.rb
/usr/share/ruby/2.2.0/matrix.rb
/usr/share/ruby/2.2.0/mkmf.rb
/usr/share/ruby/2.2.0/monitor.rb
/usr/share/ruby/2.2.0/mutex_m.rb
/usr/share/ruby/2.2.0/net/ftp.rb
/usr/share/ruby/2.2.0/net/http/backward.rb
/usr/share/ruby/2.2.0/net/http/exceptions.rb
/usr/share/ruby/2.2.0/net/http/generic_request.rb
/usr/share/ruby/2.2.0/net/http/header.rb
/usr/share/ruby/2.2.0/net/http/proxy_delta.rb
/usr/share/ruby/2.2.0/net/http/request.rb
/usr/share/ruby/2.2.0/net/http/requests.rb
/usr/share/ruby/2.2.0/net/http/response.rb
/usr/share/ruby/2.2.0/net/http/responses.rb
/usr/share/ruby/2.2.0/net/http.rb
/usr/share/ruby/2.2.0/net/https.rb
/usr/share/ruby/2.2.0/net/imap.rb
/usr/share/ruby/2.2.0/net/pop.rb
/usr/share/ruby/2.2.0/net/protocol.rb
/usr/share/ruby/2.2.0/net/smtp.rb
/usr/share/ruby/2.2.0/net/telnet.rb
/usr/share/ruby/2.2.0/observer.rb
/usr/share/ruby/2.2.0/open-uri.rb
/usr/share/ruby/2.2.0/open3.rb
/usr/share/ruby/2.2.0/openssl/bn.rb
/usr/share/ruby/2.2.0/openssl/buffering.rb
/usr/share/ruby/2.2.0/openssl/cipher.rb
/usr/share/ruby/2.2.0/openssl/config.rb
/usr/share/ruby/2.2.0/openssl/digest.rb
/usr/share/ruby/2.2.0/openssl/ssl.rb
/usr/share/ruby/2.2.0/openssl/x509.rb
/usr/share/ruby/2.2.0/openssl.rb
/usr/share/ruby/2.2.0/optionparser.rb
/usr/share/ruby/2.2.0/optparse/ac.rb
/usr/share/ruby/2.2.0/optparse/date.rb
/usr/share/ruby/2.2.0/optparse/shellwords.rb
/usr/share/ruby/2.2.0/optparse/time.rb
/usr/share/ruby/2.2.0/optparse/uri.rb
/usr/share/ruby/2.2.0/optparse/version.rb
/usr/share/ruby/2.2.0/optparse.rb
/usr/share/ruby/2.2.0/ostruct.rb
/usr/share/ruby/2.2.0/pathname.rb
/usr/share/ruby/2.2.0/pp.rb
/usr/share/ruby/2.2.0/prettyprint.rb
/usr/share/ruby/2.2.0/prime.rb
/usr/share/ruby/2.2.0/profile.rb
/usr/share/ruby/2.2.0/profiler.rb
/usr/share/ruby/2.2.0/pstore.rb
/usr/share/ruby/2.2.0/psych/class_loader.rb
/usr/share/ruby/2.2.0/psych/coder.rb
/usr/share/ruby/2.2.0/psych/core_ext.rb
/usr/share/ruby/2.2.0/psych/deprecated.rb
/usr/share/ruby/2.2.0/psych/exception.rb
/usr/share/ruby/2.2.0/psych/handler.rb
/usr/share/ruby/2.2.0/psych/handlers/document_stream.rb
/usr/share/ruby/2.2.0/psych/handlers/recorder.rb
/usr/share/ruby/2.2.0/psych/json/ruby_events.rb
/usr/share/ruby/2.2.0/psych/json/stream.rb
/usr/share/ruby/2.2.0/psych/json/tree_builder.rb
/usr/share/ruby/2.2.0/psych/json/yaml_events.rb
/usr/share/ruby/2.2.0/psych/nodes/alias.rb
/usr/share/ruby/2.2.0/psych/nodes/document.rb
/usr/share/ruby/2.2.0/psych/nodes/mapping.rb
/usr/share/ruby/2.2.0/psych/nodes/node.rb
/usr/share/ruby/2.2.0/psych/nodes/scalar.rb
/usr/share/ruby/2.2.0/psych/nodes/sequence.rb
/usr/share/ruby/2.2.0/psych/nodes/stream.rb
/usr/share/ruby/2.2.0/psych/nodes.rb
/usr/share/ruby/2.2.0/psych/omap.rb
/usr/share/ruby/2.2.0/psych/parser.rb
/usr/share/ruby/2.2.0/psych/scalar_scanner.rb
/usr/share/ruby/2.2.0/psych/set.rb
/usr/share/ruby/2.2.0/psych/stream.rb
/usr/share/ruby/2.2.0/psych/streaming.rb
/usr/share/ruby/2.2.0/psych/syntax_error.rb
/usr/share/ruby/2.2.0/psych/tree_builder.rb
/usr/share/ruby/2.2.0/psych/visitors/depth_first.rb
/usr/share/ruby/2.2.0/psych/visitors/emitter.rb
/usr/share/ruby/2.2.0/psych/visitors/json_tree.rb
/usr/share/ruby/2.2.0/psych/visitors/to_ruby.rb
/usr/share/ruby/2.2.0/psych/visitors/visitor.rb
/usr/share/ruby/2.2.0/psych/visitors/yaml_tree.rb
/usr/share/ruby/2.2.0/psych/visitors.rb
/usr/share/ruby/2.2.0/psych/y.rb
/usr/share/ruby/2.2.0/psych.rb
/usr/share/ruby/2.2.0/racc/parser.rb
/usr/share/ruby/2.2.0/resolv-replace.rb
/usr/share/ruby/2.2.0/resolv.rb
/usr/share/ruby/2.2.0/rexml/attlistdecl.rb
/usr/share/ruby/2.2.0/rexml/attribute.rb
/usr/share/ruby/2.2.0/rexml/cdata.rb
/usr/share/ruby/2.2.0/rexml/child.rb
/usr/share/ruby/2.2.0/rexml/comment.rb
/usr/share/ruby/2.2.0/rexml/doctype.rb
/usr/share/ruby/2.2.0/rexml/document.rb
/usr/share/ruby/2.2.0/rexml/dtd/attlistdecl.rb
/usr/share/ruby/2.2.0/rexml/dtd/dtd.rb
/usr/share/ruby/2.2.0/rexml/dtd/elementdecl.rb
/usr/share/ruby/2.2.0/rexml/dtd/entitydecl.rb
/usr/share/ruby/2.2.0/rexml/dtd/notationdecl.rb
/usr/share/ruby/2.2.0/rexml/element.rb
/usr/share/ruby/2.2.0/rexml/encoding.rb
/usr/share/ruby/2.2.0/rexml/entity.rb
/usr/share/ruby/2.2.0/rexml/formatters/default.rb
/usr/share/ruby/2.2.0/rexml/formatters/pretty.rb
/usr/share/ruby/2.2.0/rexml/formatters/transitive.rb
/usr/share/ruby/2.2.0/rexml/functions.rb
/usr/share/ruby/2.2.0/rexml/instruction.rb
/usr/share/ruby/2.2.0/rexml/light/node.rb
/usr/share/ruby/2.2.0/rexml/namespace.rb
/usr/share/ruby/2.2.0/rexml/node.rb
/usr/share/ruby/2.2.0/rexml/output.rb
/usr/share/ruby/2.2.0/rexml/parent.rb
/usr/share/ruby/2.2.0/rexml/parseexception.rb
/usr/share/ruby/2.2.0/rexml/parsers/baseparser.rb
/usr/share/ruby/2.2.0/rexml/parsers/lightparser.rb
/usr/share/ruby/2.2.0/rexml/parsers/pullparser.rb
/usr/share/ruby/2.2.0/rexml/parsers/sax2parser.rb
/usr/share/ruby/2.2.0/rexml/parsers/streamparser.rb
/usr/share/ruby/2.2.0/rexml/parsers/treeparser.rb
/usr/share/ruby/2.2.0/rexml/parsers/ultralightparser.rb
/usr/share/ruby/2.2.0/rexml/parsers/xpathparser.rb
/usr/share/ruby/2.2.0/rexml/quickpath.rb
/usr/share/ruby/2.2.0/rexml/rexml.rb
/usr/share/ruby/2.2.0/rexml/sax2listener.rb
/usr/share/ruby/2.2.0/rexml/security.rb
/usr/share/ruby/2.2.0/rexml/source.rb
/usr/share/ruby/2.2.0/rexml/streamlistener.rb
/usr/share/ruby/2.2.0/rexml/syncenumerator.rb
/usr/share/ruby/2.2.0/rexml/text.rb
/usr/share/ruby/2.2.0/rexml/undefinednamespaceexception.rb
/usr/share/ruby/2.2.0/rexml/validation/relaxng.rb
/usr/share/ruby/2.2.0/rexml/validation/validation.rb
/usr/share/ruby/2.2.0/rexml/validation/validationexception.rb
/usr/share/ruby/2.2.0/rexml/xmldecl.rb
/usr/share/ruby/2.2.0/rexml/xmltokens.rb
/usr/share/ruby/2.2.0/rexml/xpath.rb
/usr/share/ruby/2.2.0/rexml/xpath_parser.rb
/usr/share/ruby/2.2.0/rinda/rinda.rb
/usr/share/ruby/2.2.0/rinda/ring.rb
/usr/share/ruby/2.2.0/rinda/tuplespace.rb
/usr/share/ruby/2.2.0/ripper/core.rb
/usr/share/ruby/2.2.0/ripper/filter.rb
/usr/share/ruby/2.2.0/ripper/lexer.rb
/usr/share/ruby/2.2.0/ripper/sexp.rb
/usr/share/ruby/2.2.0/ripper.rb
/usr/share/ruby/2.2.0/rss/0.9.rb
/usr/share/ruby/2.2.0/rss/1.0.rb
/usr/share/ruby/2.2.0/rss/2.0.rb
/usr/share/ruby/2.2.0/rss/atom.rb
/usr/share/ruby/2.2.0/rss/content/1.0.rb
/usr/share/ruby/2.2.0/rss/content/2.0.rb
/usr/share/ruby/2.2.0/rss/content.rb
/usr/share/ruby/2.2.0/rss/converter.rb
/usr/share/ruby/2.2.0/rss/dublincore/1.0.rb
/usr/share/ruby/2.2.0/rss/dublincore/2.0.rb
/usr/share/ruby/2.2.0/rss/dublincore/atom.rb
/usr/share/ruby/2.2.0/rss/dublincore.rb
/usr/share/ruby/2.2.0/rss/image.rb
/usr/share/ruby/2.2.0/rss/itunes.rb
/usr/share/ruby/2.2.0/rss/maker/0.9.rb
/usr/share/ruby/2.2.0/rss/maker/1.0.rb
/usr/share/ruby/2.2.0/rss/maker/2.0.rb
/usr/share/ruby/2.2.0/rss/maker/atom.rb
/usr/share/ruby/2.2.0/rss/maker/base.rb
/usr/share/ruby/2.2.0/rss/maker/content.rb
/usr/share/ruby/2.2.0/rss/maker/dublincore.rb
/usr/share/ruby/2.2.0/rss/maker/entry.rb
/usr/share/ruby/2.2.0/rss/maker/feed.rb
/usr/share/ruby/2.2.0/rss/maker/image.rb
/usr/share/ruby/2.2.0/rss/maker/itunes.rb
/usr/share/ruby/2.2.0/rss/maker/slash.rb
/usr/share/ruby/2.2.0/rss/maker/syndication.rb
/usr/share/ruby/2.2.0/rss/maker/taxonomy.rb
/usr/share/ruby/2.2.0/rss/maker/trackback.rb
/usr/share/ruby/2.2.0/rss/maker.rb
/usr/share/ruby/2.2.0/rss/parser.rb
/usr/share/ruby/2.2.0/rss/rexmlparser.rb
/usr/share/ruby/2.2.0/rss/rss.rb
/usr/share/ruby/2.2.0/rss/slash.rb
/usr/share/ruby/2.2.0/rss/syndication.rb
/usr/share/ruby/2.2.0/rss/taxonomy.rb
/usr/share/ruby/2.2.0/rss/trackback.rb
/usr/share/ruby/2.2.0/rss/utils.rb
/usr/share/ruby/2.2.0/rss/xml-stylesheet.rb
/usr/share/ruby/2.2.0/rss/xml.rb
/usr/share/ruby/2.2.0/rss/xmlparser.rb
/usr/share/ruby/2.2.0/rss/xmlscanner.rb
/usr/share/ruby/2.2.0/rss.rb
/usr/share/ruby/2.2.0/scanf.rb
/usr/share/ruby/2.2.0/securerandom.rb
/usr/share/ruby/2.2.0/set.rb
/usr/share/ruby/2.2.0/shell/builtin-command.rb
/usr/share/ruby/2.2.0/shell/command-processor.rb
/usr/share/ruby/2.2.0/shell/error.rb
/usr/share/ruby/2.2.0/shell/filter.rb
/usr/share/ruby/2.2.0/shell/process-controller.rb
/usr/share/ruby/2.2.0/shell/system-command.rb
/usr/share/ruby/2.2.0/shell/version.rb
/usr/share/ruby/2.2.0/shell.rb
/usr/share/ruby/2.2.0/shellwords.rb
/usr/share/ruby/2.2.0/singleton.rb
/usr/share/ruby/2.2.0/socket.rb
/usr/share/ruby/2.2.0/sync.rb
/usr/share/ruby/2.2.0/syslog/logger.rb
/usr/share/ruby/2.2.0/tempfile.rb
/usr/share/ruby/2.2.0/thwait.rb
/usr/share/ruby/2.2.0/time.rb
/usr/share/ruby/2.2.0/timeout.rb
/usr/share/ruby/2.2.0/tmpdir.rb
/usr/share/ruby/2.2.0/tracer.rb
/usr/share/ruby/2.2.0/tsort.rb
/usr/share/ruby/2.2.0/un.rb
/usr/share/ruby/2.2.0/unicode_normalize/normalize.rb
/usr/share/ruby/2.2.0/unicode_normalize/tables.rb
/usr/share/ruby/2.2.0/unicode_normalize.rb
/usr/share/ruby/2.2.0/uri/common.rb
/usr/share/ruby/2.2.0/uri/ftp.rb
/usr/share/ruby/2.2.0/uri/generic.rb
/usr/share/ruby/2.2.0/uri/http.rb
/usr/share/ruby/2.2.0/uri/https.rb
/usr/share/ruby/2.2.0/uri/ldap.rb
/usr/share/ruby/2.2.0/uri/ldaps.rb
/usr/share/ruby/2.2.0/uri/mailto.rb
/usr/share/ruby/2.2.0/uri/rfc2396_parser.rb
/usr/share/ruby/2.2.0/uri/rfc3986_parser.rb
/usr/share/ruby/2.2.0/uri.rb
/usr/share/ruby/2.2.0/weakref.rb
/usr/share/ruby/2.2.0/webrick/accesslog.rb
/usr/share/ruby/2.2.0/webrick/cgi.rb
/usr/share/ruby/2.2.0/webrick/compat.rb
/usr/share/ruby/2.2.0/webrick/config.rb
/usr/share/ruby/2.2.0/webrick/cookie.rb
/usr/share/ruby/2.2.0/webrick/htmlutils.rb
/usr/share/ruby/2.2.0/webrick/httpauth/authenticator.rb
/usr/share/ruby/2.2.0/webrick/httpauth/basicauth.rb
/usr/share/ruby/2.2.0/webrick/httpauth/digestauth.rb
/usr/share/ruby/2.2.0/webrick/httpauth/htdigest.rb
/usr/share/ruby/2.2.0/webrick/httpauth/htgroup.rb
/usr/share/ruby/2.2.0/webrick/httpauth/htpasswd.rb
/usr/share/ruby/2.2.0/webrick/httpauth/userdb.rb
/usr/share/ruby/2.2.0/webrick/httpauth.rb
/usr/share/ruby/2.2.0/webrick/httpproxy.rb
/usr/share/ruby/2.2.0/webrick/httprequest.rb
/usr/share/ruby/2.2.0/webrick/httpresponse.rb
/usr/share/ruby/2.2.0/webrick/https.rb
/usr/share/ruby/2.2.0/webrick/httpserver.rb
/usr/share/ruby/2.2.0/webrick/httpservlet/abstract.rb
/usr/share/ruby/2.2.0/webrick/httpservlet/cgihandler.rb
/usr/share/ruby/2.2.0/webrick/httpservlet/cgi_runner.rb
/usr/share/ruby/2.2.0/webrick/httpservlet/erbhandler.rb
/usr/share/ruby/2.2.0/webrick/httpservlet/filehandler.rb
/usr/share/ruby/2.2.0/webrick/httpservlet/prochandler.rb
/usr/share/ruby/2.2.0/webrick/httpservlet.rb
/usr/share/ruby/2.2.0/webrick/httpstatus.rb
/usr/share/ruby/2.2.0/webrick/httputils.rb
/usr/share/ruby/2.2.0/webrick/httpversion.rb
/usr/share/ruby/2.2.0/webrick/log.rb
/usr/share/ruby/2.2.0/webrick/server.rb
/usr/share/ruby/2.2.0/webrick/ssl.rb
/usr/share/ruby/2.2.0/webrick/utils.rb
/usr/share/ruby/2.2.0/webrick/version.rb
/usr/share/ruby/2.2.0/webrick.rb
/usr/share/ruby/2.2.0/win32/importer.rb
/usr/share/ruby/2.2.0/win32/registry.rb
/usr/share/ruby/2.2.0/win32/resolv.rb
/usr/share/ruby/2.2.0/win32/sspi.rb
/usr/share/ruby/2.2.0/Win32API.rb
/usr/share/ruby/2.2.0/win32ole/property.rb
/usr/share/ruby/2.2.0/xmlrpc/base64.rb
/usr/share/ruby/2.2.0/xmlrpc/client.rb
/usr/share/ruby/2.2.0/xmlrpc/config.rb
/usr/share/ruby/2.2.0/xmlrpc/create.rb
/usr/share/ruby/2.2.0/xmlrpc/datetime.rb
/usr/share/ruby/2.2.0/xmlrpc/marshal.rb
/usr/share/ruby/2.2.0/xmlrpc/parser.rb
/usr/share/ruby/2.2.0/xmlrpc/server.rb
/usr/share/ruby/2.2.0/xmlrpc/utils.rb
/usr/share/ruby/2.2.0/xmlrpc.rb
/usr/share/ruby/2.2.0/yaml/dbm.rb
/usr/share/ruby/2.2.0/yaml/store.rb
/usr/share/ruby/2.2.0/yaml.rb
/var/lib/rebase/dynpath.d/ruby
